<?xml version="1.0" encoding="UTF-8"?>
<coverage generated="1781030911907" clover="3.2.0">
  <project timestamp="1781030911907" name="All files">
    <metrics statements="143" coveredstatements="134" conditionals="88" coveredconditionals="75" methods="14" coveredmethods="14" elements="245" coveredelements="223" complexity="0" loc="143" ncloc="143" packages="1" files="1" classes="1"/>
    <file name="extract-adr-metadata-use-case.ts" path="/home/adrian-romanski/projects/demo/wiki/libs/wiki/application-adr/src/lib/extract-adr-metadata-use-case.ts">
      <metrics statements="143" coveredstatements="134" conditionals="88" coveredconditionals="75" methods="14" coveredmethods="14"/>
      <line num="5" count="3" type="stmt"/>
      <line num="6" count="3" type="stmt"/>
      <line num="7" count="3" type="stmt"/>
      <line num="12" count="13" type="stmt"/>
      <line num="15" count="9" type="stmt"/>
      <line num="16" count="9" type="stmt"/>
      <line num="17" count="9" type="stmt"/>
      <line num="18" count="9" type="stmt"/>
      <line num="20" count="9" type="cond" truecount="3" falsecount="1"/>
      <line num="21" count="0" type="stmt"/>
      <line num="24" count="9" type="cond" truecount="2" falsecount="0"/>
      <line num="25" count="1" type="stmt"/>
      <line num="29" count="8" type="cond" truecount="3" falsecount="2"/>
      <line num="30" count="0" type="stmt"/>
      <line num="32" count="8" type="stmt"/>
      <line num="35" count="8" type="stmt"/>
      <line num="36" count="8" type="cond" truecount="3" falsecount="1"/>
      <line num="37" count="0" type="stmt"/>
      <line num="42" count="8" type="stmt"/>
      <line num="43" count="8" type="cond" truecount="3" falsecount="1"/>
      <line num="44" count="0" type="stmt"/>
      <line num="47" count="8" type="stmt"/>
      <line num="48" count="8" type="cond" truecount="2" falsecount="0"/>
      <line num="50" count="9" type="stmt"/>
      <line num="51" count="9" type="stmt"/>
      <line num="52" count="9" type="stmt"/>
      <line num="53" count="9" type="stmt"/>
      <line num="54" count="9" type="stmt"/>
      <line num="55" count="9" type="stmt"/>
      <line num="59" count="9" type="stmt"/>
      <line num="64" count="9" type="stmt"/>
      <line num="65" count="9" type="stmt"/>
      <line num="67" count="9" type="stmt"/>
      <line num="70" count="9" type="cond" truecount="2" falsecount="0"/>
      <line num="72" count="9" type="stmt"/>
      <line num="73" count="9" type="stmt"/>
      <line num="75" count="9" type="stmt"/>
      <line num="77" count="9" type="stmt"/>
      <line num="83" count="9" type="stmt"/>
      <line num="85" count="9" type="stmt"/>
      <line num="86" count="9" type="cond" truecount="2" falsecount="0"/>
      <line num="87" count="1" type="stmt"/>
      <line num="90" count="8" type="stmt"/>
      <line num="91" count="8" type="cond" truecount="2" falsecount="0"/>
      <line num="92" count="1" type="stmt"/>
      <line num="95" count="8" type="stmt"/>
      <line num="96" count="8" type="stmt"/>
      <line num="97" count="8" type="stmt"/>
      <line num="98" count="2" type="stmt"/>
      <line num="100" count="8" type="cond" truecount="2" falsecount="0"/>
      <line num="101" count="1" type="stmt"/>
      <line num="104" count="8" type="stmt"/>
      <line num="122" count="9" type="stmt"/>
      <line num="123" count="9" type="cond" truecount="4" falsecount="0"/>
      <line num="124" count="1" type="stmt"/>
      <line num="127" count="8" type="cond" truecount="4" falsecount="0"/>
      <line num="128" count="1" type="stmt"/>
      <line num="131" count="8" type="stmt"/>
      <line num="132" count="8" type="cond" truecount="4" falsecount="0"/>
      <line num="133" count="1" type="stmt"/>
      <line num="136" count="8" type="stmt"/>
      <line num="137" count="8" type="cond" truecount="2" falsecount="2"/>
      <line num="138" count="0" type="stmt"/>
      <line num="141" count="8" type="stmt"/>
      <line num="143" count="1" type="cond" truecount="1" falsecount="1"/>
      <line num="144" count="1" type="stmt"/>
      <line num="146" count="0" type="stmt"/>
      <line num="154" count="8" type="stmt"/>
      <line num="156" count="8" type="stmt"/>
      <line num="160" count="8" type="cond" truecount="2" falsecount="0"/>
      <line num="161" count="1" type="stmt"/>
      <line num="164" count="7" type="stmt"/>
      <line num="166" count="7" type="stmt"/>
      <line num="169" count="7" type="stmt"/>
      <line num="170" count="12" type="stmt"/>
      <line num="171" count="12" type="cond" truecount="1" falsecount="1"/>
      <line num="172" count="12" type="stmt"/>
      <line num="176" count="7" type="cond" truecount="2" falsecount="0"/>
      <line num="177" count="1" type="stmt"/>
      <line num="179" count="1" type="stmt"/>
      <line num="180" count="3" type="stmt"/>
      <line num="181" count="3" type="cond" truecount="1" falsecount="1"/>
      <line num="182" count="3" type="stmt"/>
      <line num="187" count="7" type="stmt"/>
      <line num="191" count="5" type="stmt"/>
      <line num="193" count="25" type="stmt"/>
      <line num="194" count="25" type="cond" truecount="2" falsecount="0"/>
      <line num="196" count="5" type="cond" truecount="1" falsecount="1"/>
      <line num="197" count="0" type="stmt"/>
      <line num="202" count="5" type="stmt"/>
      <line num="203" count="5" type="stmt"/>
      <line num="205" count="25" type="stmt"/>
      <line num="206" count="25" type="stmt"/>
      <line num="208" count="5" type="cond" truecount="2" falsecount="0"/>
      <line num="209" count="1" type="stmt"/>
      <line num="214" count="4" type="stmt"/>
      <line num="216" count="4" type="stmt"/>
      <line num="217" count="4" type="cond" truecount="2" falsecount="0"/>
      <line num="219" count="5" type="stmt"/>
      <line num="220" count="6" type="stmt"/>
      <line num="221" count="6" type="stmt"/>
      <line num="223" count="36" type="stmt"/>
      <line num="224" count="36" type="stmt"/>
      <line num="226" count="6" type="cond" truecount="1" falsecount="1"/>
      <line num="227" count="0" type="stmt"/>
      <line num="230" count="6" type="stmt"/>
      <line num="232" count="6" type="cond" truecount="2" falsecount="0"/>
      <line num="233" count="6" type="stmt"/>
      <line num="235" count="6" type="stmt"/>
      <line num="237" count="6" type="cond" truecount="4" falsecount="0"/>
      <line num="238" count="2" type="stmt"/>
      <line num="239" count="2" type="stmt"/>
      <line num="243" count="6" type="cond" truecount="2" falsecount="0"/>
      <line num="244" count="1" type="stmt"/>
      <line num="247" count="3" type="stmt"/>
      <line num="256" count="56" type="stmt"/>
      <line num="258" count="56" type="stmt"/>
      <line num="259" count="56" type="cond" truecount="2" falsecount="0"/>
      <line num="263" count="32" type="stmt"/>
      <line num="265" count="32" type="stmt"/>
      <line num="268" count="32" type="stmt"/>
      <line num="269" count="12" type="stmt"/>
      <line num="272" count="32" type="cond" truecount="2" falsecount="0"/>
      <line num="273" count="26" type="stmt"/>
      <line num="275" count="26" type="stmt"/>
      <line num="276" count="8" type="stmt"/>
      <line num="280" count="32" type="stmt"/>
      <line num="294" count="8" type="stmt"/>
      <line num="296" count="8" type="stmt"/>
      <line num="303" count="8" type="stmt"/>
      <line num="304" count="32" type="stmt"/>
      <line num="305" count="71" type="stmt"/>
      <line num="310" count="71" type="stmt"/>
      <line num="311" count="71" type="cond" truecount="2" falsecount="0"/>
      <line num="312" count="1" type="stmt"/>
      <line num="314" count="1" type="stmt"/>
      <line num="315" count="1" type="cond" truecount="1" falsecount="1"/>
      <line num="316" count="1" type="stmt"/>
      <line num="317" count="1" type="stmt"/>
      <line num="318" count="1" type="stmt"/>
      <line num="319" count="1" type="stmt"/>
      <line num="321" count="0" type="stmt"/>
      <line num="328" count="8" type="stmt"/>
    </file>
  </project>
</coverage>
