{"/home/adrian-romanski/projects/demo/wiki/libs/wiki/application-adr/src/lib/extract-adr-metadata-use-case.ts": {"path":"/home/adrian-romanski/projects/demo/wiki/libs/wiki/application-adr/src/lib/extract-adr-metadata-use-case.ts","statementMap":{"0":{"start":{"line":6,"column":4},"end":{"line":6,"column":null}},"1":{"start":{"line":5,"column":38},"end":{"line":5,"column":53}},"2":{"start":{"line":7,"column":4},"end":{"line":7,"column":null}},"3":{"start":{"line":12,"column":22},"end":{"line":12,"column":56}},"4":{"start":{"line":15,"column":4},"end":{"line":150,"column":null}},"5":{"start":{"line":16,"column":21},"end":{"line":16,"column":null}},"6":{"start":{"line":17,"column":26},"end":{"line":17,"column":null}},"7":{"start":{"line":18,"column":22},"end":{"line":18,"column":null}},"8":{"start":{"line":20,"column":6},"end":{"line":22,"column":null}},"9":{"start":{"line":21,"column":8},"end":{"line":21,"column":null}},"10":{"start":{"line":24,"column":6},"end":{"line":26,"column":null}},"11":{"start":{"line":25,"column":8},"end":{"line":25,"column":null}},"12":{"start":{"line":29,"column":6},"end":{"line":33,"column":null}},"13":{"start":{"line":30,"column":8},"end":{"line":30,"column":null}},"14":{"start":{"line":32,"column":8},"end":{"line":32,"column":null}},"15":{"start":{"line":35,"column":22},"end":{"line":35,"column":null}},"16":{"start":{"line":36,"column":6},"end":{"line":40,"column":null}},"17":{"start":{"line":37,"column":8},"end":{"line":39,"column":null}},"18":{"start":{"line":42,"column":23},"end":{"line":42,"column":null}},"19":{"start":{"line":43,"column":6},"end":{"line":45,"column":null}},"20":{"start":{"line":44,"column":8},"end":{"line":44,"column":null}},"21":{"start":{"line":47,"column":29},"end":{"line":47,"column":null}},"22":{"start":{"line":48,"column":24},"end":{"line":48,"column":null}},"23":{"start":{"line":50,"column":29},"end":{"line":50,"column":null}},"24":{"start":{"line":51,"column":37},"end":{"line":51,"column":null}},"25":{"start":{"line":52,"column":39},"end":{"line":52,"column":null}},"26":{"start":{"line":53,"column":37},"end":{"line":53,"column":null}},"27":{"start":{"line":54,"column":31},"end":{"line":54,"column":null}},"28":{"start":{"line":55,"column":42},"end":{"line":58,"column":null}},"29":{"start":{"line":59,"column":42},"end":{"line":62,"column":null}},"30":{"start":{"line":64,"column":30},"end":{"line":64,"column":null}},"31":{"start":{"line":65,"column":32},"end":{"line":65,"column":null}},"32":{"start":{"line":67,"column":32},"end":{"line":69,"column":null}},"33":{"start":{"line":70,"column":27},"end":{"line":70,"column":null}},"34":{"start":{"line":72,"column":35},"end":{"line":72,"column":null}},"35":{"start":{"line":73,"column":35},"end":{"line":73,"column":null}},"36":{"start":{"line":75,"column":24},"end":{"line":75,"column":null}},"37":{"start":{"line":77,"column":33},"end":{"line":77,"column":null}},"38":{"start":{"line":83,"column":10},"end":{"line":83,"column":null}},"39":{"start":{"line":85,"column":36},"end":{"line":85,"column":null}},"40":{"start":{"line":86,"column":6},"end":{"line":88,"column":null}},"41":{"start":{"line":87,"column":8},"end":{"line":87,"column":null}},"42":{"start":{"line":90,"column":31},"end":{"line":90,"column":null}},"43":{"start":{"line":91,"column":6},"end":{"line":93,"column":null}},"44":{"start":{"line":92,"column":8},"end":{"line":92,"column":null}},"45":{"start":{"line":95,"column":31},"end":{"line":95,"column":null}},"46":{"start":{"line":96,"column":35},"end":{"line":96,"column":null}},"47":{"start":{"line":97,"column":6},"end":{"line":99,"column":null}},"48":{"start":{"line":98,"column":8},"end":{"line":98,"column":null}},"49":{"start":{"line":100,"column":6},"end":{"line":102,"column":null}},"50":{"start":{"line":101,"column":8},"end":{"line":101,"column":null}},"51":{"start":{"line":104,"column":36},"end":{"line":120,"column":null}},"52":{"start":{"line":122,"column":24},"end":{"line":122,"column":null}},"53":{"start":{"line":123,"column":6},"end":{"line":125,"column":null}},"54":{"start":{"line":124,"column":8},"end":{"line":124,"column":null}},"55":{"start":{"line":127,"column":6},"end":{"line":129,"column":null}},"56":{"start":{"line":128,"column":8},"end":{"line":128,"column":null}},"57":{"start":{"line":131,"column":26},"end":{"line":131,"column":null}},"58":{"start":{"line":132,"column":6},"end":{"line":134,"column":null}},"59":{"start":{"line":133,"column":8},"end":{"line":133,"column":null}},"60":{"start":{"line":136,"column":28},"end":{"line":136,"column":null}},"61":{"start":{"line":137,"column":6},"end":{"line":139,"column":null}},"62":{"start":{"line":138,"column":8},"end":{"line":138,"column":null}},"63":{"start":{"line":141,"column":6},"end":{"line":141,"column":null}},"64":{"start":{"line":143,"column":6},"end":{"line":145,"column":null}},"65":{"start":{"line":144,"column":8},"end":{"line":144,"column":null}},"66":{"start":{"line":146,"column":6},"end":{"line":149,"column":null}},"67":{"start":{"line":154,"column":32},"end":{"line":154,"column":null}},"68":{"start":{"line":156,"column":35},"end":{"line":158,"column":null}},"69":{"start":{"line":160,"column":4},"end":{"line":162,"column":null}},"70":{"start":{"line":161,"column":6},"end":{"line":161,"column":null}},"71":{"start":{"line":164,"column":27},"end":{"line":164,"column":null}},"72":{"start":{"line":166,"column":30},"end":{"line":166,"column":null}},"73":{"start":{"line":169,"column":4},"end":{"line":174,"column":null}},"74":{"start":{"line":170,"column":26},"end":{"line":170,"column":null}},"75":{"start":{"line":171,"column":6},"end":{"line":173,"column":null}},"76":{"start":{"line":172,"column":8},"end":{"line":172,"column":null}},"77":{"start":{"line":176,"column":4},"end":{"line":185,"column":null}},"78":{"start":{"line":177,"column":32},"end":{"line":177,"column":null}},"79":{"start":{"line":179,"column":6},"end":{"line":184,"column":null}},"80":{"start":{"line":180,"column":28},"end":{"line":180,"column":null}},"81":{"start":{"line":181,"column":8},"end":{"line":183,"column":null}},"82":{"start":{"line":182,"column":10},"end":{"line":182,"column":null}},"83":{"start":{"line":187,"column":4},"end":{"line":187,"column":null}},"84":{"start":{"line":191,"column":18},"end":{"line":194,"column":null}},"85":{"start":{"line":193,"column":21},"end":{"line":193,"column":32}},"86":{"start":{"line":194,"column":24},"end":{"line":194,"column":63}},"87":{"start":{"line":196,"column":4},"end":{"line":200,"column":null}},"88":{"start":{"line":197,"column":6},"end":{"line":199,"column":null}},"89":{"start":{"line":202,"column":23},"end":{"line":202,"column":null}},"90":{"start":{"line":203,"column":20},"end":{"line":206,"column":null}},"91":{"start":{"line":205,"column":21},"end":{"line":205,"column":32}},"92":{"start":{"line":206,"column":24},"end":{"line":206,"column":39}},"93":{"start":{"line":208,"column":4},"end":{"line":212,"column":null}},"94":{"start":{"line":209,"column":6},"end":{"line":211,"column":null}},"95":{"start":{"line":214,"column":28},"end":{"line":214,"column":null}},"96":{"start":{"line":216,"column":17},"end":{"line":216,"column":null}},"97":{"start":{"line":217,"column":19},"end":{"line":217,"column":null}},"98":{"start":{"line":219,"column":4},"end":{"line":241,"column":null}},"99":{"start":{"line":219,"column":17},"end":{"line":219,"column":20}},"100":{"start":{"line":220,"column":19},"end":{"line":220,"column":null}},"101":{"start":{"line":221,"column":20},"end":{"line":224,"column":null}},"102":{"start":{"line":223,"column":23},"end":{"line":223,"column":34}},"103":{"start":{"line":224,"column":26},"end":{"line":224,"column":41}},"104":{"start":{"line":226,"column":6},"end":{"line":228,"column":null}},"105":{"start":{"line":227,"column":8},"end":{"line":227,"column":null}},"106":{"start":{"line":230,"column":23},"end":{"line":230,"column":null}},"107":{"start":{"line":232,"column":25},"end":{"line":232,"column":null}},"108":{"start":{"line":233,"column":21},"end":{"line":233,"column":null}},"109":{"start":{"line":235,"column":6},"end":{"line":235,"column":null}},"110":{"start":{"line":237,"column":6},"end":{"line":240,"column":null}},"111":{"start":{"line":238,"column":28},"end":{"line":238,"column":null}},"112":{"start":{"line":239,"column":8},"end":{"line":239,"column":null}},"113":{"start":{"line":243,"column":4},"end":{"line":245,"column":null}},"114":{"start":{"line":244,"column":6},"end":{"line":244,"column":null}},"115":{"start":{"line":247,"column":4},"end":{"line":252,"column":null}},"116":{"start":{"line":256,"column":18},"end":{"line":256,"column":null}},"117":{"start":{"line":258,"column":18},"end":{"line":258,"column":null}},"118":{"start":{"line":259,"column":4},"end":{"line":259,"column":null}},"119":{"start":{"line":263,"column":28},"end":{"line":263,"column":null}},"120":{"start":{"line":265,"column":26},"end":{"line":265,"column":null}},"121":{"start":{"line":268,"column":4},"end":{"line":270,"column":null}},"122":{"start":{"line":269,"column":6},"end":{"line":269,"column":null}},"123":{"start":{"line":272,"column":4},"end":{"line":278,"column":null}},"124":{"start":{"line":273,"column":28},"end":{"line":273,"column":null}},"125":{"start":{"line":275,"column":6},"end":{"line":277,"column":null}},"126":{"start":{"line":276,"column":8},"end":{"line":276,"column":null}},"127":{"start":{"line":280,"column":4},"end":{"line":280,"column":null}},"128":{"start":{"line":294,"column":8},"end":{"line":294,"column":null}},"129":{"start":{"line":296,"column":27},"end":{"line":301,"column":null}},"130":{"start":{"line":303,"column":4},"end":{"line":326,"column":null}},"131":{"start":{"line":304,"column":6},"end":{"line":325,"column":null}},"132":{"start":{"line":305,"column":29},"end":{"line":308,"column":null}},"133":{"start":{"line":310,"column":22},"end":{"line":310,"column":null}},"134":{"start":{"line":311,"column":8},"end":{"line":324,"column":null}},"135":{"start":{"line":312,"column":33},"end":{"line":312,"column":null}},"136":{"start":{"line":314,"column":29},"end":{"line":314,"column":null}},"137":{"start":{"line":315,"column":10},"end":{"line":323,"column":null}},"138":{"start":{"line":316,"column":12},"end":{"line":322,"column":null}},"139":{"start":{"line":317,"column":28},"end":{"line":317,"column":null}},"140":{"start":{"line":318,"column":14},"end":{"line":318,"column":null}},"141":{"start":{"line":319,"column":14},"end":{"line":319,"column":null}},"142":{"start":{"line":321,"column":14},"end":{"line":321,"column":null}},"143":{"start":{"line":328,"column":4},"end":{"line":328,"column":null}}},"fnMap":{"0":{"name":"constructor","decl":{"start":{"line":5,"column":2},"end":{"line":5,"column":14}},"loc":{"start":{"line":5,"column":53},"end":{"line":8,"column":null}},"line":5},"1":{"name":"constructor","decl":{"start":{"line":12,"column":2},"end":{"line":12,"column":22}},"loc":{"start":{"line":12,"column":56},"end":{"line":12,"column":null}},"line":12},"2":{"name":"execute","decl":{"start":{"line":14,"column":8},"end":{"line":14,"column":16}},"loc":{"start":{"line":14,"column":58},"end":{"line":151,"column":null}},"line":14},"3":{"name":"detectLibraries","decl":{"start":{"line":153,"column":10},"end":{"line":153,"column":26}},"loc":{"start":{"line":153,"column":53},"end":{"line":188,"column":null}},"line":153},"4":{"name":"parseComparisonMatrix","decl":{"start":{"line":190,"column":2},"end":{"line":190,"column":24}},"loc":{"start":{"line":190,"column":94},"end":{"line":253,"column":null}},"line":190},"5":{"name":"(anonymous_5)","decl":{"start":{"line":193,"column":11},"end":{"line":193,"column":12}},"loc":{"start":{"line":193,"column":21},"end":{"line":193,"column":32}},"line":193},"6":{"name":"(anonymous_6)","decl":{"start":{"line":194,"column":14},"end":{"line":194,"column":15}},"loc":{"start":{"line":194,"column":24},"end":{"line":194,"column":63}},"line":194},"7":{"name":"(anonymous_7)","decl":{"start":{"line":205,"column":11},"end":{"line":205,"column":12}},"loc":{"start":{"line":205,"column":21},"end":{"line":205,"column":32}},"line":205},"8":{"name":"(anonymous_8)","decl":{"start":{"line":206,"column":14},"end":{"line":206,"column":15}},"loc":{"start":{"line":206,"column":24},"end":{"line":206,"column":39}},"line":206},"9":{"name":"(anonymous_9)","decl":{"start":{"line":223,"column":13},"end":{"line":223,"column":14}},"loc":{"start":{"line":223,"column":23},"end":{"line":223,"column":34}},"line":223},"10":{"name":"(anonymous_10)","decl":{"start":{"line":224,"column":16},"end":{"line":224,"column":17}},"loc":{"start":{"line":224,"column":26},"end":{"line":224,"column":41}},"line":224},"11":{"name":"extractSection","decl":{"start":{"line":255,"column":10},"end":{"line":255,"column":25}},"loc":{"start":{"line":255,"column":67},"end":{"line":260,"column":null}},"line":255},"12":{"name":"extractListItems","decl":{"start":{"line":262,"column":10},"end":{"line":262,"column":27}},"loc":{"start":{"line":262,"column":54},"end":{"line":281,"column":null}},"line":262},"13":{"name":"findComparisonMatrices","decl":{"start":{"line":283,"column":10},"end":{"line":283,"column":33}},"loc":{"start":{"line":288,"column":4},"end":{"line":329,"column":null}},"line":288}},"branchMap":{"0":{"loc":{"start":{"line":20,"column":6},"end":{"line":22,"column":null}},"type":"if","locations":[{"start":{"line":20,"column":6},"end":{"line":22,"column":null}},{"start":{},"end":{}}],"line":20},"1":{"loc":{"start":{"line":20,"column":10},"end":{"line":20,"column":71}},"type":"binary-expr","locations":[{"start":{"line":20,"column":10},"end":{"line":20,"column":32}},{"start":{"line":20,"column":32},"end":{"line":20,"column":71}}],"line":20},"2":{"loc":{"start":{"line":24,"column":6},"end":{"line":26,"column":null}},"type":"if","locations":[{"start":{"line":24,"column":6},"end":{"line":26,"column":null}},{"start":{},"end":{}}],"line":24},"3":{"loc":{"start":{"line":29,"column":6},"end":{"line":33,"column":null}},"type":"if","locations":[{"start":{"line":29,"column":6},"end":{"line":33,"column":null}},{"start":{"line":31,"column":13},"end":{"line":33,"column":null}}],"line":29},"4":{"loc":{"start":{"line":29,"column":10},"end":{"line":29,"column":105}},"type":"binary-expr","locations":[{"start":{"line":29,"column":10},"end":{"line":29,"column":30}},{"start":{"line":29,"column":30},"end":{"line":29,"column":70}},{"start":{"line":29,"column":70},"end":{"line":29,"column":105}}],"line":29},"5":{"loc":{"start":{"line":36,"column":6},"end":{"line":40,"column":null}},"type":"if","locations":[{"start":{"line":36,"column":6},"end":{"line":40,"column":null}},{"start":{},"end":{}}],"line":36},"6":{"loc":{"start":{"line":36,"column":10},"end":{"line":36,"column":89}},"type":"binary-expr","locations":[{"start":{"line":36,"column":10},"end":{"line":36,"column":21}},{"start":{"line":36,"column":21},"end":{"line":36,"column":89}}],"line":36},"7":{"loc":{"start":{"line":43,"column":6},"end":{"line":45,"column":null}},"type":"if","locations":[{"start":{"line":43,"column":6},"end":{"line":45,"column":null}},{"start":{},"end":{}}],"line":43},"8":{"loc":{"start":{"line":43,"column":10},"end":{"line":43,"column":51}},"type":"binary-expr","locations":[{"start":{"line":43,"column":10},"end":{"line":43,"column":22}},{"start":{"line":43,"column":22},"end":{"line":43,"column":51}}],"line":43},"9":{"loc":{"start":{"line":48,"column":24},"end":{"line":48,"column":null}},"type":"cond-expr","locations":[{"start":{"line":48,"column":41},"end":{"line":48,"column":68}},{"start":{"line":48,"column":68},"end":{"line":48,"column":null}}],"line":48},"10":{"loc":{"start":{"line":70,"column":27},"end":{"line":70,"column":null}},"type":"cond-expr","locations":[{"start":{"line":70,"column":47},"end":{"line":70,"column":77}},{"start":{"line":70,"column":77},"end":{"line":70,"column":null}}],"line":70},"11":{"loc":{"start":{"line":86,"column":6},"end":{"line":88,"column":null}},"type":"if","locations":[{"start":{"line":86,"column":6},"end":{"line":88,"column":null}},{"start":{},"end":{}}],"line":86},"12":{"loc":{"start":{"line":91,"column":6},"end":{"line":93,"column":null}},"type":"if","locations":[{"start":{"line":91,"column":6},"end":{"line":93,"column":null}},{"start":{},"end":{}}],"line":91},"13":{"loc":{"start":{"line":100,"column":6},"end":{"line":102,"column":null}},"type":"if","locations":[{"start":{"line":100,"column":6},"end":{"line":102,"column":null}},{"start":{},"end":{}}],"line":100},"14":{"loc":{"start":{"line":109,"column":17},"end":{"line":109,"column":null}},"type":"binary-expr","locations":[{"start":{"line":109,"column":17},"end":{"line":109,"column":35}},{"start":{"line":109,"column":35},"end":{"line":109,"column":null}}],"line":109},"15":{"loc":{"start":{"line":117,"column":10},"end":{"line":117,"column":null}},"type":"cond-expr","locations":[{"start":{"line":117,"column":55},"end":{"line":117,"column":76}},{"start":{"line":117,"column":76},"end":{"line":117,"column":null}}],"line":117},"16":{"loc":{"start":{"line":119,"column":23},"end":{"line":119,"column":null}},"type":"cond-expr","locations":[{"start":{"line":119,"column":63},"end":{"line":119,"column":79}},{"start":{"line":119,"column":79},"end":{"line":119,"column":null}}],"line":119},"17":{"loc":{"start":{"line":123,"column":6},"end":{"line":125,"column":null}},"type":"if","locations":[{"start":{"line":123,"column":6},"end":{"line":125,"column":null}},{"start":{},"end":{}}],"line":123},"18":{"loc":{"start":{"line":123,"column":10},"end":{"line":123,"column":47}},"type":"binary-expr","locations":[{"start":{"line":123,"column":10},"end":{"line":123,"column":22}},{"start":{"line":123,"column":22},"end":{"line":123,"column":47}}],"line":123},"19":{"loc":{"start":{"line":127,"column":6},"end":{"line":129,"column":null}},"type":"if","locations":[{"start":{"line":127,"column":6},"end":{"line":129,"column":null}},{"start":{},"end":{}}],"line":127},"20":{"loc":{"start":{"line":127,"column":10},"end":{"line":127,"column":63}},"type":"binary-expr","locations":[{"start":{"line":127,"column":10},"end":{"line":127,"column":30}},{"start":{"line":127,"column":30},"end":{"line":127,"column":63}}],"line":127},"21":{"loc":{"start":{"line":132,"column":6},"end":{"line":134,"column":null}},"type":"if","locations":[{"start":{"line":132,"column":6},"end":{"line":134,"column":null}},{"start":{},"end":{}}],"line":132},"22":{"loc":{"start":{"line":132,"column":10},"end":{"line":132,"column":56}},"type":"binary-expr","locations":[{"start":{"line":132,"column":10},"end":{"line":132,"column":24}},{"start":{"line":132,"column":24},"end":{"line":132,"column":56}}],"line":132},"23":{"loc":{"start":{"line":137,"column":6},"end":{"line":139,"column":null}},"type":"if","locations":[{"start":{"line":137,"column":6},"end":{"line":139,"column":null}},{"start":{},"end":{}}],"line":137},"24":{"loc":{"start":{"line":137,"column":10},"end":{"line":137,"column":60}},"type":"binary-expr","locations":[{"start":{"line":137,"column":10},"end":{"line":137,"column":26}},{"start":{"line":137,"column":26},"end":{"line":137,"column":60}}],"line":137},"25":{"loc":{"start":{"line":143,"column":6},"end":{"line":145,"column":null}},"type":"if","locations":[{"start":{"line":143,"column":6},"end":{"line":145,"column":null}},{"start":{},"end":{}}],"line":143},"26":{"loc":{"start":{"line":160,"column":4},"end":{"line":162,"column":null}},"type":"if","locations":[{"start":{"line":160,"column":4},"end":{"line":162,"column":null}},{"start":{},"end":{}}],"line":160},"27":{"loc":{"start":{"line":171,"column":6},"end":{"line":173,"column":null}},"type":"if","locations":[{"start":{"line":171,"column":6},"end":{"line":173,"column":null}},{"start":{},"end":{}}],"line":171},"28":{"loc":{"start":{"line":176,"column":4},"end":{"line":185,"column":null}},"type":"if","locations":[{"start":{"line":176,"column":4},"end":{"line":185,"column":null}},{"start":{},"end":{}}],"line":176},"29":{"loc":{"start":{"line":181,"column":8},"end":{"line":183,"column":null}},"type":"if","locations":[{"start":{"line":181,"column":8},"end":{"line":183,"column":null}},{"start":{},"end":{}}],"line":181},"30":{"loc":{"start":{"line":190,"column":47},"end":{"line":190,"column":94}},"type":"default-arg","locations":[{"start":{"line":190,"column":55},"end":{"line":190,"column":94}}],"line":190},"31":{"loc":{"start":{"line":194,"column":24},"end":{"line":194,"column":63}},"type":"binary-expr","locations":[{"start":{"line":194,"column":24},"end":{"line":194,"column":43}},{"start":{"line":194,"column":43},"end":{"line":194,"column":63}}],"line":194},"32":{"loc":{"start":{"line":196,"column":4},"end":{"line":200,"column":null}},"type":"if","locations":[{"start":{"line":196,"column":4},"end":{"line":200,"column":null}},{"start":{},"end":{}}],"line":196},"33":{"loc":{"start":{"line":208,"column":4},"end":{"line":212,"column":null}},"type":"if","locations":[{"start":{"line":208,"column":4},"end":{"line":212,"column":null}},{"start":{},"end":{}}],"line":208},"34":{"loc":{"start":{"line":217,"column":19},"end":{"line":217,"column":null}},"type":"cond-expr","locations":[{"start":{"line":217,"column":37},"end":{"line":217,"column":65}},{"start":{"line":217,"column":65},"end":{"line":217,"column":null}}],"line":217},"35":{"loc":{"start":{"line":226,"column":6},"end":{"line":228,"column":null}},"type":"if","locations":[{"start":{"line":226,"column":6},"end":{"line":228,"column":null}},{"start":{},"end":{}}],"line":226},"36":{"loc":{"start":{"line":232,"column":25},"end":{"line":232,"column":null}},"type":"cond-expr","locations":[{"start":{"line":232,"column":43},"end":{"line":232,"column":62}},{"start":{"line":232,"column":62},"end":{"line":232,"column":null}}],"line":232},"37":{"loc":{"start":{"line":237,"column":6},"end":{"line":240,"column":null}},"type":"if","locations":[{"start":{"line":237,"column":6},"end":{"line":240,"column":null}},{"start":{},"end":{}}],"line":237},"38":{"loc":{"start":{"line":237,"column":10},"end":{"line":237,"column":60}},"type":"binary-expr","locations":[{"start":{"line":237,"column":10},"end":{"line":237,"column":29}},{"start":{"line":237,"column":29},"end":{"line":237,"column":60}}],"line":237},"39":{"loc":{"start":{"line":243,"column":4},"end":{"line":245,"column":null}},"type":"if","locations":[{"start":{"line":243,"column":4},"end":{"line":245,"column":null}},{"start":{},"end":{}}],"line":243},"40":{"loc":{"start":{"line":259,"column":11},"end":{"line":259,"column":null}},"type":"cond-expr","locations":[{"start":{"line":259,"column":19},"end":{"line":259,"column":37}},{"start":{"line":259,"column":37},"end":{"line":259,"column":null}}],"line":259},"41":{"loc":{"start":{"line":272,"column":4},"end":{"line":278,"column":null}},"type":"if","locations":[{"start":{"line":272,"column":4},"end":{"line":278,"column":null}},{"start":{},"end":{}}],"line":272},"42":{"loc":{"start":{"line":311,"column":8},"end":{"line":324,"column":null}},"type":"if","locations":[{"start":{"line":311,"column":8},"end":{"line":324,"column":null}},{"start":{},"end":{}}],"line":311},"43":{"loc":{"start":{"line":315,"column":10},"end":{"line":323,"column":null}},"type":"if","locations":[{"start":{"line":315,"column":10},"end":{"line":323,"column":null}},{"start":{},"end":{}}],"line":315}},"s":{"0":3,"1":3,"2":3,"3":13,"4":9,"5":9,"6":9,"7":9,"8":9,"9":0,"10":9,"11":1,"12":8,"13":0,"14":8,"15":8,"16":8,"17":0,"18":8,"19":8,"20":0,"21":8,"22":8,"23":9,"24":9,"25":9,"26":9,"27":9,"28":9,"29":9,"30":9,"31":9,"32":9,"33":9,"34":9,"35":9,"36":9,"37":9,"38":9,"39":9,"40":9,"41":1,"42":8,"43":8,"44":1,"45":8,"46":8,"47":8,"48":2,"49":8,"50":1,"51":8,"52":9,"53":9,"54":1,"55":8,"56":1,"57":8,"58":8,"59":1,"60":8,"61":8,"62":0,"63":8,"64":1,"65":1,"66":0,"67":8,"68":8,"69":8,"70":1,"71":7,"72":7,"73":7,"74":12,"75":12,"76":12,"77":7,"78":1,"79":1,"80":3,"81":3,"82":3,"83":7,"84":5,"85":25,"86":25,"87":5,"88":0,"89":5,"90":5,"91":25,"92":25,"93":5,"94":1,"95":4,"96":4,"97":4,"98":5,"99":5,"100":6,"101":6,"102":36,"103":36,"104":6,"105":0,"106":6,"107":6,"108":6,"109":6,"110":6,"111":2,"112":2,"113":6,"114":1,"115":3,"116":56,"117":56,"118":56,"119":32,"120":32,"121":32,"122":12,"123":32,"124":26,"125":26,"126":8,"127":32,"128":8,"129":8,"130":8,"131":32,"132":71,"133":71,"134":71,"135":1,"136":1,"137":1,"138":1,"139":1,"140":1,"141":1,"142":0,"143":8},"f":{"0":3,"1":13,"2":9,"3":8,"4":5,"5":25,"6":25,"7":25,"8":25,"9":36,"10":36,"11":56,"12":32,"13":8},"b":{"0":[0,9],"1":[9,9],"2":[1,8],"3":[0,8],"4":[8,8,0],"5":[0,8],"6":[8,8],"7":[0,8],"8":[8,8],"9":[1,7],"10":[4,4],"11":[1,8],"12":[1,7],"13":[1,7],"14":[8,4],"15":[1,7],"16":[1,7],"17":[1,8],"18":[9,1],"19":[1,7],"20":[8,1],"21":[1,7],"22":[8,1],"23":[0,8],"24":[8,0],"25":[1,0],"26":[1,7],"27":[12,0],"28":[1,6],"29":[3,0],"30":[5],"31":[25,16],"32":[0,5],"33":[1,4],"34":[1,3],"35":[0,6],"36":[2,4],"37":[2,4],"38":[6,2],"39":[1,5],"40":[19,37],"41":[26,6],"42":[1,70],"43":[1,0]},"meta":{"lastBranch":44,"lastFunction":14,"lastStatement":144,"seen":{"f:5:2:5:14":0,"s:6:4:6:Infinity":0,"s:5:38:5:53":1,"s:7:4:7:Infinity":2,"f:12:2:12:22":1,"s:12:22:12:56":3,"f:14:8:14:16":2,"s:15:4:150:Infinity":4,"s:16:21:16:Infinity":5,"s:17:26:17:Infinity":6,"s:18:22:18:Infinity":7,"b:20:6:22:Infinity:undefined:undefined:undefined:undefined":0,"s:20:6:22:Infinity":8,"b:20:10:20:32:20:32:20:71":1,"s:21:8:21:Infinity":9,"b:24:6:26:Infinity:undefined:undefined:undefined:undefined":2,"s:24:6:26:Infinity":10,"s:25:8:25:Infinity":11,"b:29:6:33:Infinity:31:13:33:Infinity":3,"s:29:6:33:Infinity":12,"b:29:10:29:30:29:30:29:70:29:70:29:105":4,"s:30:8:30:Infinity":13,"s:32:8:32:Infinity":14,"s:35:22:35:Infinity":15,"b:36:6:40:Infinity:undefined:undefined:undefined:undefined":5,"s:36:6:40:Infinity":16,"b:36:10:36:21:36:21:36:89":6,"s:37:8:39:Infinity":17,"s:42:23:42:Infinity":18,"b:43:6:45:Infinity:undefined:undefined:undefined:undefined":7,"s:43:6:45:Infinity":19,"b:43:10:43:22:43:22:43:51":8,"s:44:8:44:Infinity":20,"s:47:29:47:Infinity":21,"s:48:24:48:Infinity":22,"b:48:41:48:68:48:68:48:Infinity":9,"s:50:29:50:Infinity":23,"s:51:37:51:Infinity":24,"s:52:39:52:Infinity":25,"s:53:37:53:Infinity":26,"s:54:31:54:Infinity":27,"s:55:42:58:Infinity":28,"s:59:42:62:Infinity":29,"s:64:30:64:Infinity":30,"s:65:32:65:Infinity":31,"s:67:32:69:Infinity":32,"s:70:27:70:Infinity":33,"b:70:47:70:77:70:77:70:Infinity":10,"s:72:35:72:Infinity":34,"s:73:35:73:Infinity":35,"s:75:24:75:Infinity":36,"s:77:33:77:Infinity":37,"s:83:10:83:Infinity":38,"s:85:36:85:Infinity":39,"b:86:6:88:Infinity:undefined:undefined:undefined:undefined":11,"s:86:6:88:Infinity":40,"s:87:8:87:Infinity":41,"s:90:31:90:Infinity":42,"b:91:6:93:Infinity:undefined:undefined:undefined:undefined":12,"s:91:6:93:Infinity":43,"s:92:8:92:Infinity":44,"s:95:31:95:Infinity":45,"s:96:35:96:Infinity":46,"s:97:6:99:Infinity":47,"s:98:8:98:Infinity":48,"b:100:6:102:Infinity:undefined:undefined:undefined:undefined":13,"s:100:6:102:Infinity":49,"s:101:8:101:Infinity":50,"s:104:36:120:Infinity":51,"b:109:17:109:35:109:35:109:Infinity":14,"b:117:55:117:76:117:76:117:Infinity":15,"b:119:63:119:79:119:79:119:Infinity":16,"s:122:24:122:Infinity":52,"b:123:6:125:Infinity:undefined:undefined:undefined:undefined":17,"s:123:6:125:Infinity":53,"b:123:10:123:22:123:22:123:47":18,"s:124:8:124:Infinity":54,"b:127:6:129:Infinity:undefined:undefined:undefined:undefined":19,"s:127:6:129:Infinity":55,"b:127:10:127:30:127:30:127:63":20,"s:128:8:128:Infinity":56,"s:131:26:131:Infinity":57,"b:132:6:134:Infinity:undefined:undefined:undefined:undefined":21,"s:132:6:134:Infinity":58,"b:132:10:132:24:132:24:132:56":22,"s:133:8:133:Infinity":59,"s:136:28:136:Infinity":60,"b:137:6:139:Infinity:undefined:undefined:undefined:undefined":23,"s:137:6:139:Infinity":61,"b:137:10:137:26:137:26:137:60":24,"s:138:8:138:Infinity":62,"s:141:6:141:Infinity":63,"b:143:6:145:Infinity:undefined:undefined:undefined:undefined":25,"s:143:6:145:Infinity":64,"s:144:8:144:Infinity":65,"s:146:6:149:Infinity":66,"f:153:10:153:26":3,"s:154:32:154:Infinity":67,"s:156:35:158:Infinity":68,"b:160:4:162:Infinity:undefined:undefined:undefined:undefined":26,"s:160:4:162:Infinity":69,"s:161:6:161:Infinity":70,"s:164:27:164:Infinity":71,"s:166:30:166:Infinity":72,"s:169:4:174:Infinity":73,"s:170:26:170:Infinity":74,"b:171:6:173:Infinity:undefined:undefined:undefined:undefined":27,"s:171:6:173:Infinity":75,"s:172:8:172:Infinity":76,"b:176:4:185:Infinity:undefined:undefined:undefined:undefined":28,"s:176:4:185:Infinity":77,"s:177:32:177:Infinity":78,"s:179:6:184:Infinity":79,"s:180:28:180:Infinity":80,"b:181:8:183:Infinity:undefined:undefined:undefined:undefined":29,"s:181:8:183:Infinity":81,"s:182:10:182:Infinity":82,"s:187:4:187:Infinity":83,"f:190:2:190:24":4,"b:190:55:190:94":30,"s:191:18:194:Infinity":84,"f:193:11:193:12":5,"s:193:21:193:32":85,"f:194:14:194:15":6,"s:194:24:194:63":86,"b:194:24:194:43:194:43:194:63":31,"b:196:4:200:Infinity:undefined:undefined:undefined:undefined":32,"s:196:4:200:Infinity":87,"s:197:6:199:Infinity":88,"s:202:23:202:Infinity":89,"s:203:20:206:Infinity":90,"f:205:11:205:12":7,"s:205:21:205:32":91,"f:206:14:206:15":8,"s:206:24:206:39":92,"b:208:4:212:Infinity:undefined:undefined:undefined:undefined":33,"s:208:4:212:Infinity":93,"s:209:6:211:Infinity":94,"s:214:28:214:Infinity":95,"s:216:17:216:Infinity":96,"s:217:19:217:Infinity":97,"b:217:37:217:65:217:65:217:Infinity":34,"s:219:4:241:Infinity":98,"s:219:17:219:20":99,"s:220:19:220:Infinity":100,"s:221:20:224:Infinity":101,"f:223:13:223:14":9,"s:223:23:223:34":102,"f:224:16:224:17":10,"s:224:26:224:41":103,"b:226:6:228:Infinity:undefined:undefined:undefined:undefined":35,"s:226:6:228:Infinity":104,"s:227:8:227:Infinity":105,"s:230:23:230:Infinity":106,"s:232:25:232:Infinity":107,"b:232:43:232:62:232:62:232:Infinity":36,"s:233:21:233:Infinity":108,"s:235:6:235:Infinity":109,"b:237:6:240:Infinity:undefined:undefined:undefined:undefined":37,"s:237:6:240:Infinity":110,"b:237:10:237:29:237:29:237:60":38,"s:238:28:238:Infinity":111,"s:239:8:239:Infinity":112,"b:243:4:245:Infinity:undefined:undefined:undefined:undefined":39,"s:243:4:245:Infinity":113,"s:244:6:244:Infinity":114,"s:247:4:252:Infinity":115,"f:255:10:255:25":11,"s:256:18:256:Infinity":116,"s:258:18:258:Infinity":117,"s:259:4:259:Infinity":118,"b:259:19:259:37:259:37:259:Infinity":40,"f:262:10:262:27":12,"s:263:28:263:Infinity":119,"s:265:26:265:Infinity":120,"s:268:4:270:Infinity":121,"s:269:6:269:Infinity":122,"b:272:4:278:Infinity:undefined:undefined:undefined:undefined":41,"s:272:4:278:Infinity":123,"s:273:28:273:Infinity":124,"s:275:6:277:Infinity":125,"s:276:8:276:Infinity":126,"s:280:4:280:Infinity":127,"f:283:10:283:33":13,"s:294:8:294:Infinity":128,"s:296:27:301:Infinity":129,"s:303:4:326:Infinity":130,"s:304:6:325:Infinity":131,"s:305:29:308:Infinity":132,"s:310:22:310:Infinity":133,"b:311:8:324:Infinity:undefined:undefined:undefined:undefined":42,"s:311:8:324:Infinity":134,"s:312:33:312:Infinity":135,"s:314:29:314:Infinity":136,"b:315:10:323:Infinity:undefined:undefined:undefined:undefined":43,"s:315:10:323:Infinity":137,"s:316:12:322:Infinity":138,"s:317:28:317:Infinity":139,"s:318:14:318:Infinity":140,"s:319:14:319:Infinity":141,"s:321:14:321:Infinity":142,"s:328:4:328:Infinity":143}}}
}
