<?xml version="1.0" encoding="UTF-8"?>
<coverage generated="1781030909715" clover="3.2.0">
  <project timestamp="1781030909715" name="All files">
    <metrics statements="196" coveredstatements="138" conditionals="134" coveredconditionals="76" methods="34" coveredmethods="23" elements="364" coveredelements="237" complexity="0" loc="196" ncloc="196" packages="1" files="1" classes="1"/>
    <file name="query-engine.ts" path="/home/adrian-romanski/projects/demo/wiki/libs/wiki/application-query/src/lib/query-engine.ts">
      <metrics statements="196" coveredstatements="138" conditionals="134" coveredconditionals="76" methods="34" coveredmethods="23"/>
      <line num="17" count="45" type="stmt"/>
      <line num="18" count="45" type="stmt"/>
      <line num="19" count="45" type="stmt"/>
      <line num="32" count="20" type="stmt"/>
      <line num="34" count="20" type="cond" truecount="2" falsecount="0"/>
      <line num="35" count="1" type="stmt"/>
      <line num="38" count="19" type="stmt"/>
      <line num="40" count="19" type="cond" truecount="2" falsecount="0"/>
      <line num="41" count="124" type="stmt"/>
      <line num="47" count="20" type="stmt"/>
      <line num="49" count="20" type="stmt"/>
      <line num="50" count="97" type="stmt"/>
      <line num="52" count="97" type="cond" truecount="2" falsecount="0"/>
      <line num="53" count="44" type="stmt"/>
      <line num="57" count="19" type="cond" truecount="1" falsecount="1"/>
      <line num="58" count="0" type="stmt"/>
      <line num="59" count="0" type="cond" truecount="0" falsecount="2"/>
      <line num="60" count="0" type="cond" truecount="0" falsecount="2"/>
      <line num="62" count="0" type="cond" truecount="0" falsecount="4"/>
      <line num="63" count="0" type="cond" truecount="0" falsecount="2"/>
      <line num="64" count="0" type="cond" truecount="0" falsecount="2"/>
      <line num="66" count="0" type="stmt"/>
      <line num="69" count="43" type="stmt"/>
      <line num="72" count="19" type="stmt"/>
      <line num="74" count="19" type="stmt"/>
      <line num="76" count="19" type="stmt"/>
      <line num="77" count="43" type="stmt"/>
      <line num="84" count="43" type="stmt"/>
      <line num="85" count="43" type="cond" truecount="2" falsecount="0"/>
      <line num="86" count="41" type="stmt"/>
      <line num="89" count="43" type="stmt"/>
      <line num="97" count="19" type="stmt"/>
      <line num="101" count="6" type="cond" truecount="2" falsecount="0"/>
      <line num="103" count="6" type="stmt"/>
      <line num="104" count="6" type="stmt"/>
      <line num="106" count="6" type="stmt"/>
      <line num="107" count="30" type="stmt"/>
      <line num="108" count="56" type="stmt"/>
      <line num="111" count="30" type="stmt"/>
      <line num="112" count="30" type="stmt"/>
      <line num="114" count="30" type="cond" truecount="4" falsecount="0"/>
      <line num="115" count="13" type="stmt"/>
      <line num="119" count="6" type="stmt"/>
      <line num="123" count="4" type="stmt"/>
      <line num="127" count="4" type="stmt"/>
      <line num="131" count="6" type="stmt"/>
      <line num="133" count="6" type="cond" truecount="2" falsecount="0"/>
      <line num="134" count="1" type="stmt"/>
      <line num="137" count="5" type="stmt"/>
      <line num="138" count="5" type="cond" truecount="4" falsecount="0"/>
      <line num="139" count="1" type="stmt"/>
      <line num="142" count="4" type="cond" truecount="3" falsecount="1"/>
      <line num="143" count="0" type="stmt"/>
      <line num="146" count="4" type="cond" truecount="4" falsecount="0"/>
      <line num="147" count="1" type="stmt"/>
      <line num="148" count="1" type="cond" truecount="1" falsecount="1"/>
      <line num="149" count="0" type="stmt"/>
      <line num="153" count="4" type="cond" truecount="1" falsecount="1"/>
      <line num="154" count="0" type="stmt"/>
      <line num="155" count="0" type="stmt"/>
      <line num="156" count="0" type="stmt"/>
      <line num="157" count="0" type="stmt"/>
      <line num="159" count="0" type="stmt"/>
      <line num="161" count="0" type="cond" truecount="0" falsecount="5"/>
      <line num="162" count="0" type="stmt"/>
      <line num="166" count="4" type="cond" truecount="1" falsecount="1"/>
      <line num="167" count="0" type="stmt"/>
      <line num="168" count="0" type="stmt"/>
      <line num="169" count="0" type="stmt"/>
      <line num="171" count="0" type="cond" truecount="0" falsecount="4"/>
      <line num="172" count="0" type="stmt"/>
      <line num="176" count="4" type="stmt"/>
      <line num="181" count="5" type="stmt"/>
      <line num="182" count="10" type="stmt"/>
      <line num="184" count="5" type="cond" truecount="2" falsecount="0"/>
      <line num="185" count="1" type="stmt"/>
      <line num="188" count="4" type="stmt"/>
      <line num="189" count="4" type="stmt"/>
      <line num="191" count="4" type="stmt"/>
      <line num="192" count="20" type="cond" truecount="2" falsecount="0"/>
      <line num="193" count="4" type="stmt"/>
      <line num="196" count="16" type="stmt"/>
      <line num="197" count="16" type="cond" truecount="2" falsecount="0"/>
      <line num="198" count="4" type="stmt"/>
      <line num="200" count="3" type="stmt"/>
      <line num="204" count="4" type="stmt"/>
      <line num="215" count="0" type="cond" truecount="0" falsecount="1"/>
      <line num="217" count="0" type="stmt"/>
      <line num="219" count="0" type="stmt"/>
      <line num="220" count="0" type="cond" truecount="0" falsecount="2"/>
      <line num="221" count="0" type="stmt"/>
      <line num="224" count="0" type="stmt"/>
      <line num="225" count="0" type="stmt"/>
      <line num="228" count="0" type="cond" truecount="0" falsecount="2"/>
      <line num="229" count="0" type="stmt"/>
      <line num="232" count="0" type="stmt"/>
      <line num="235" count="0" type="cond" truecount="0" falsecount="2"/>
      <line num="236" count="0" type="stmt"/>
      <line num="237" count="0" type="stmt"/>
      <line num="238" count="0" type="stmt"/>
      <line num="242" count="0" type="cond" truecount="0" falsecount="2"/>
      <line num="243" count="0" type="stmt"/>
      <line num="244" count="0" type="stmt"/>
      <line num="245" count="0" type="stmt"/>
      <line num="246" count="0" type="stmt"/>
      <line num="247" count="0" type="stmt"/>
      <line num="249" count="0" type="stmt"/>
      <line num="251" count="0" type="cond" truecount="0" falsecount="3"/>
      <line num="255" count="0" type="cond" truecount="0" falsecount="2"/>
      <line num="256" count="0" type="stmt"/>
      <line num="257" count="0" type="stmt"/>
      <line num="258" count="0" type="cond" truecount="0" falsecount="2"/>
      <line num="259" count="0" type="stmt"/>
      <line num="262" count="0" type="stmt"/>
      <line num="266" count="0" type="stmt"/>
      <line num="267" count="0" type="cond" truecount="0" falsecount="2"/>
      <line num="268" count="0" type="cond" truecount="0" falsecount="2"/>
      <line num="270" count="0" type="cond" truecount="0" falsecount="4"/>
      <line num="271" count="0" type="cond" truecount="0" falsecount="2"/>
      <line num="272" count="0" type="cond" truecount="0" falsecount="2"/>
      <line num="274" count="0" type="stmt"/>
      <line num="277" count="0" type="stmt"/>
      <line num="281" count="44" type="stmt"/>
      <line num="283" count="44" type="stmt"/>
      <line num="285" count="44" type="stmt"/>
      <line num="286" count="223" type="cond" truecount="4" falsecount="0"/>
      <line num="287" count="1" type="stmt"/>
      <line num="290" count="222" type="stmt"/>
      <line num="291" count="222" type="stmt"/>
      <line num="293" count="222" type="stmt"/>
      <line num="295" count="222" type="stmt"/>
      <line num="305" count="223" type="stmt"/>
      <line num="307" count="0" type="stmt"/>
      <line num="311" count="44" type="stmt"/>
      <line num="319" count="97" type="stmt"/>
      <line num="320" count="97" type="stmt"/>
      <line num="322" count="97" type="stmt"/>
      <line num="323" count="423" type="cond" truecount="2" falsecount="0"/>
      <line num="325" count="97" type="stmt"/>
      <line num="326" count="97" type="stmt"/>
      <line num="327" count="97" type="stmt"/>
      <line num="329" count="97" type="stmt"/>
      <line num="330" count="617" type="cond" truecount="2" falsecount="0"/>
      <line num="331" count="127" type="stmt"/>
      <line num="332" count="127" type="stmt"/>
      <line num="335" count="617" type="stmt"/>
      <line num="336" count="1477" type="cond" truecount="2" falsecount="0"/>
      <line num="337" count="339" type="stmt"/>
      <line num="338" count="339" type="stmt"/>
      <line num="342" count="617" type="cond" truecount="2" falsecount="0"/>
      <line num="344" count="617" type="stmt"/>
      <line num="347" count="97" type="stmt"/>
      <line num="356" count="43" type="stmt"/>
      <line num="357" count="43" type="cond" truecount="2" falsecount="0"/>
      <line num="359" count="43" type="stmt"/>
      <line num="360" count="61" type="stmt"/>
      <line num="363" count="61" type="stmt"/>
      <line num="366" count="61" type="stmt"/>
      <line num="370" count="61" type="stmt"/>
      <line num="375" count="61" type="stmt"/>
      <line num="377" count="61" type="cond" truecount="2" falsecount="0"/>
      <line num="378" count="9" type="stmt"/>
      <line num="380" count="61" type="cond" truecount="2" falsecount="0"/>
      <line num="381" count="11" type="stmt"/>
      <line num="384" count="61" type="stmt"/>
      <line num="386" count="61" type="stmt"/>
      <line num="388" count="61" type="cond" truecount="2" falsecount="0"/>
      <line num="389" count="6" type="stmt"/>
      <line num="393" count="61" type="cond" truecount="2" falsecount="0"/>
      <line num="394" count="6" type="stmt"/>
      <line num="398" count="43" type="stmt"/>
      <line num="405" count="41" type="stmt"/>
      <line num="406" count="41" type="stmt"/>
      <line num="408" count="41" type="stmt"/>
      <line num="409" count="8" type="stmt"/>
      <line num="410" count="8" type="stmt"/>
      <line num="413" count="8" type="cond" truecount="3" falsecount="1"/>
      <line num="414" count="8" type="stmt"/>
      <line num="415" count="8" type="stmt"/>
      <line num="419" count="41" type="stmt"/>
      <line num="420" count="41" type="stmt"/>
      <line num="421" count="208" type="cond" truecount="2" falsecount="0"/>
      <line num="422" count="41" type="stmt"/>
      <line num="425" count="167" type="stmt"/>
      <line num="426" count="167" type="cond" truecount="2" falsecount="0"/>
      <line num="427" count="33" type="stmt"/>
      <line num="429" count="15" type="cond" truecount="1" falsecount="1"/>
      <line num="430" count="15" type="stmt"/>
      <line num="431" count="15" type="stmt"/>
      <line num="436" count="41" type="stmt"/>
      <line num="443" count="14" type="stmt"/>
      <line num="445" count="70" type="stmt"/>
      <line num="447" count="14" type="cond" truecount="2" falsecount="0"/>
      <line num="448" count="6" type="stmt"/>
      <line num="449" count="12" type="stmt"/>
      <line num="452" count="14" type="stmt"/>
    </file>
  </project>
</coverage>
