{"/home/adrian-romanski/projects/demo/wiki/libs/wiki/application-query/src/lib/query-engine.ts": {"path":"/home/adrian-romanski/projects/demo/wiki/libs/wiki/application-query/src/lib/query-engine.ts","statementMap":{"0":{"start":{"line":17,"column":12},"end":{"line":17,"column":null}},"1":{"start":{"line":18,"column":12},"end":{"line":18,"column":null}},"2":{"start":{"line":19,"column":12},"end":{"line":19,"column":null}},"3":{"start":{"line":32,"column":8},"end":{"line":32,"column":null}},"4":{"start":{"line":34,"column":4},"end":{"line":36,"column":null}},"5":{"start":{"line":35,"column":6},"end":{"line":35,"column":null}},"6":{"start":{"line":38,"column":18},"end":{"line":38,"column":null}},"7":{"start":{"line":40,"column":28},"end":{"line":40,"column":null}},"8":{"start":{"line":41,"column":23},"end":{"line":41,"column":null}},"9":{"start":{"line":41,"column":69},"end":{"line":41,"column":84}},"10":{"start":{"line":47,"column":9},"end":{"line":47,"column":null}},"11":{"start":{"line":49,"column":4},"end":{"line":55,"column":null}},"12":{"start":{"line":50,"column":33},"end":{"line":50,"column":null}},"13":{"start":{"line":52,"column":6},"end":{"line":54,"column":null}},"14":{"start":{"line":53,"column":8},"end":{"line":53,"column":null}},"15":{"start":{"line":57,"column":4},"end":{"line":70,"column":null}},"16":{"start":{"line":58,"column":6},"end":{"line":67,"column":null}},"17":{"start":{"line":59,"column":22},"end":{"line":59,"column":null}},"18":{"start":{"line":60,"column":22},"end":{"line":60,"column":null}},"19":{"start":{"line":62,"column":8},"end":{"line":62,"column":null}},"20":{"start":{"line":62,"column":30},"end":{"line":62,"column":null}},"21":{"start":{"line":63,"column":8},"end":{"line":63,"column":null}},"22":{"start":{"line":63,"column":20},"end":{"line":63,"column":null}},"23":{"start":{"line":64,"column":8},"end":{"line":64,"column":null}},"24":{"start":{"line":64,"column":20},"end":{"line":64,"column":null}},"25":{"start":{"line":66,"column":8},"end":{"line":66,"column":null}},"26":{"start":{"line":69,"column":6},"end":{"line":69,"column":null}},"27":{"start":{"line":69,"column":35},"end":{"line":69,"column":52}},"28":{"start":{"line":72,"column":23},"end":{"line":72,"column":null}},"29":{"start":{"line":74,"column":36},"end":{"line":74,"column":null}},"30":{"start":{"line":76,"column":4},"end":{"line":95,"column":null}},"31":{"start":{"line":77,"column":29},"end":{"line":82,"column":null}},"32":{"start":{"line":84,"column":37},"end":{"line":84,"column":null}},"33":{"start":{"line":85,"column":6},"end":{"line":87,"column":null}},"34":{"start":{"line":86,"column":8},"end":{"line":86,"column":null}},"35":{"start":{"line":89,"column":6},"end":{"line":94,"column":null}},"36":{"start":{"line":97,"column":4},"end":{"line":97,"column":null}},"37":{"start":{"line":101,"column":26},"end":{"line":101,"column":null}},"38":{"start":{"line":103,"column":18},"end":{"line":103,"column":null}},"39":{"start":{"line":104,"column":32},"end":{"line":104,"column":null}},"40":{"start":{"line":106,"column":4},"end":{"line":117,"column":null}},"41":{"start":{"line":107,"column":32},"end":{"line":109,"column":null}},"42":{"start":{"line":108,"column":15},"end":{"line":108,"column":null}},"43":{"start":{"line":111,"column":29},"end":{"line":111,"column":null}},"44":{"start":{"line":112,"column":27},"end":{"line":112,"column":null}},"45":{"start":{"line":114,"column":6},"end":{"line":116,"column":null}},"46":{"start":{"line":115,"column":8},"end":{"line":115,"column":null}},"47":{"start":{"line":119,"column":4},"end":{"line":119,"column":null}},"48":{"start":{"line":123,"column":4},"end":{"line":123,"column":null}},"49":{"start":{"line":127,"column":4},"end":{"line":127,"column":null}},"50":{"start":{"line":131,"column":18},"end":{"line":131,"column":null}},"51":{"start":{"line":133,"column":4},"end":{"line":135,"column":null}},"52":{"start":{"line":134,"column":6},"end":{"line":134,"column":null}},"53":{"start":{"line":137,"column":4},"end":{"line":177,"column":null}},"54":{"start":{"line":138,"column":6},"end":{"line":140,"column":null}},"55":{"start":{"line":139,"column":8},"end":{"line":139,"column":null}},"56":{"start":{"line":142,"column":6},"end":{"line":144,"column":null}},"57":{"start":{"line":143,"column":8},"end":{"line":143,"column":null}},"58":{"start":{"line":146,"column":6},"end":{"line":151,"column":null}},"59":{"start":{"line":147,"column":22},"end":{"line":147,"column":null}},"60":{"start":{"line":148,"column":8},"end":{"line":150,"column":null}},"61":{"start":{"line":149,"column":10},"end":{"line":149,"column":null}},"62":{"start":{"line":153,"column":6},"end":{"line":164,"column":null}},"63":{"start":{"line":154,"column":34},"end":{"line":154,"column":null}},"64":{"start":{"line":155,"column":24},"end":{"line":155,"column":null}},"65":{"start":{"line":156,"column":23},"end":{"line":158,"column":null}},"66":{"start":{"line":157,"column":10},"end":{"line":157,"column":null}},"67":{"start":{"line":159,"column":26},"end":{"line":159,"column":null}},"68":{"start":{"line":161,"column":8},"end":{"line":163,"column":null}},"69":{"start":{"line":162,"column":10},"end":{"line":162,"column":null}},"70":{"start":{"line":166,"column":6},"end":{"line":174,"column":null}},"71":{"start":{"line":167,"column":28},"end":{"line":167,"column":null}},"72":{"start":{"line":168,"column":29},"end":{"line":168,"column":null}},"73":{"start":{"line":169,"column":26},"end":{"line":169,"column":null}},"74":{"start":{"line":171,"column":8},"end":{"line":173,"column":null}},"75":{"start":{"line":172,"column":10},"end":{"line":172,"column":null}},"76":{"start":{"line":176,"column":6},"end":{"line":176,"column":null}},"77":{"start":{"line":181,"column":18},"end":{"line":181,"column":null}},"78":{"start":{"line":182,"column":23},"end":{"line":182,"column":null}},"79":{"start":{"line":182,"column":41},"end":{"line":182,"column":60}},"80":{"start":{"line":184,"column":4},"end":{"line":186,"column":null}},"81":{"start":{"line":185,"column":6},"end":{"line":185,"column":null}},"82":{"start":{"line":188,"column":24},"end":{"line":188,"column":null}},"83":{"start":{"line":189,"column":34},"end":{"line":189,"column":null}},"84":{"start":{"line":191,"column":4},"end":{"line":202,"column":null}},"85":{"start":{"line":192,"column":6},"end":{"line":194,"column":null}},"86":{"start":{"line":193,"column":8},"end":{"line":193,"column":null}},"87":{"start":{"line":196,"column":20},"end":{"line":196,"column":null}},"88":{"start":{"line":197,"column":6},"end":{"line":201,"column":null}},"89":{"start":{"line":198,"column":29},"end":{"line":198,"column":77}},"90":{"start":{"line":200,"column":8},"end":{"line":200,"column":null}},"91":{"start":{"line":204,"column":4},"end":{"line":204,"column":null}},"92":{"start":{"line":215,"column":61},"end":{"line":215,"column":null}},"93":{"start":{"line":217,"column":18},"end":{"line":217,"column":null}},"94":{"start":{"line":219,"column":18},"end":{"line":233,"column":null}},"95":{"start":{"line":220,"column":6},"end":{"line":222,"column":null}},"96":{"start":{"line":221,"column":8},"end":{"line":221,"column":null}},"97":{"start":{"line":224,"column":29},"end":{"line":226,"column":null}},"98":{"start":{"line":225,"column":8},"end":{"line":225,"column":null}},"99":{"start":{"line":228,"column":6},"end":{"line":230,"column":null}},"100":{"start":{"line":229,"column":8},"end":{"line":229,"column":null}},"101":{"start":{"line":232,"column":6},"end":{"line":232,"column":null}},"102":{"start":{"line":235,"column":4},"end":{"line":240,"column":null}},"103":{"start":{"line":236,"column":28},"end":{"line":236,"column":null}},"104":{"start":{"line":237,"column":6},"end":{"line":239,"column":null}},"105":{"start":{"line":238,"column":8},"end":{"line":238,"column":null}},"106":{"start":{"line":238,"column":42},"end":{"line":238,"column":75}},"107":{"start":{"line":242,"column":4},"end":{"line":253,"column":null}},"108":{"start":{"line":243,"column":32},"end":{"line":243,"column":null}},"109":{"start":{"line":244,"column":6},"end":{"line":252,"column":null}},"110":{"start":{"line":245,"column":24},"end":{"line":245,"column":null}},"111":{"start":{"line":246,"column":23},"end":{"line":248,"column":null}},"112":{"start":{"line":247,"column":10},"end":{"line":247,"column":null}},"113":{"start":{"line":249,"column":26},"end":{"line":249,"column":null}},"114":{"start":{"line":251,"column":8},"end":{"line":251,"column":null}},"115":{"start":{"line":255,"column":4},"end":{"line":264,"column":null}},"116":{"start":{"line":256,"column":6},"end":{"line":263,"column":null}},"117":{"start":{"line":257,"column":28},"end":{"line":257,"column":null}},"118":{"start":{"line":258,"column":8},"end":{"line":260,"column":null}},"119":{"start":{"line":259,"column":10},"end":{"line":259,"column":null}},"120":{"start":{"line":262,"column":8},"end":{"line":262,"column":null}},"121":{"start":{"line":266,"column":4},"end":{"line":275,"column":null}},"122":{"start":{"line":267,"column":20},"end":{"line":267,"column":null}},"123":{"start":{"line":268,"column":20},"end":{"line":268,"column":null}},"124":{"start":{"line":270,"column":6},"end":{"line":270,"column":null}},"125":{"start":{"line":270,"column":28},"end":{"line":270,"column":null}},"126":{"start":{"line":271,"column":6},"end":{"line":271,"column":null}},"127":{"start":{"line":271,"column":18},"end":{"line":271,"column":null}},"128":{"start":{"line":272,"column":6},"end":{"line":272,"column":null}},"129":{"start":{"line":272,"column":18},"end":{"line":272,"column":null}},"130":{"start":{"line":274,"column":6},"end":{"line":274,"column":null}},"131":{"start":{"line":277,"column":4},"end":{"line":277,"column":null}},"132":{"start":{"line":281,"column":30},"end":{"line":281,"column":null}},"133":{"start":{"line":283,"column":18},"end":{"line":283,"column":null}},"134":{"start":{"line":285,"column":4},"end":{"line":309,"column":null}},"135":{"start":{"line":286,"column":6},"end":{"line":288,"column":null}},"136":{"start":{"line":287,"column":8},"end":{"line":287,"column":null}},"137":{"start":{"line":290,"column":6},"end":{"line":308,"column":null}},"138":{"start":{"line":291,"column":24},"end":{"line":291,"column":null}},"139":{"start":{"line":293,"column":10},"end":{"line":293,"column":null}},"140":{"start":{"line":295,"column":31},"end":{"line":303,"column":null}},"141":{"start":{"line":305,"column":8},"end":{"line":305,"column":null}},"142":{"start":{"line":307,"column":8},"end":{"line":307,"column":null}},"143":{"start":{"line":311,"column":4},"end":{"line":311,"column":null}},"144":{"start":{"line":319,"column":16},"end":{"line":319,"column":null}},"145":{"start":{"line":320,"column":30},"end":{"line":320,"column":null}},"146":{"start":{"line":322,"column":26},"end":{"line":323,"column":null}},"147":{"start":{"line":323,"column":6},"end":{"line":323,"column":null}},"148":{"start":{"line":325,"column":18},"end":{"line":325,"column":null}},"149":{"start":{"line":326,"column":17},"end":{"line":326,"column":null}},"150":{"start":{"line":327,"column":20},"end":{"line":327,"column":null}},"151":{"start":{"line":329,"column":4},"end":{"line":345,"column":null}},"152":{"start":{"line":330,"column":6},"end":{"line":333,"column":null}},"153":{"start":{"line":331,"column":8},"end":{"line":331,"column":null}},"154":{"start":{"line":332,"column":8},"end":{"line":332,"column":null}},"155":{"start":{"line":335,"column":6},"end":{"line":340,"column":null}},"156":{"start":{"line":336,"column":8},"end":{"line":339,"column":null}},"157":{"start":{"line":337,"column":10},"end":{"line":337,"column":null}},"158":{"start":{"line":338,"column":10},"end":{"line":338,"column":null}},"159":{"start":{"line":342,"column":12},"end":{"line":343,"column":null}},"160":{"start":{"line":344,"column":6},"end":{"line":344,"column":null}},"161":{"start":{"line":347,"column":4},"end":{"line":347,"column":null}},"162":{"start":{"line":356,"column":31},"end":{"line":356,"column":null}},"163":{"start":{"line":357,"column":30},"end":{"line":357,"column":null}},"164":{"start":{"line":359,"column":4},"end":{"line":396,"column":null}},"165":{"start":{"line":360,"column":23},"end":{"line":360,"column":null}},"166":{"start":{"line":363,"column":6},"end":{"line":391,"column":null}},"167":{"start":{"line":366,"column":29},"end":{"line":369,"column":null}},"168":{"start":{"line":370,"column":27},"end":{"line":373,"column":null}},"169":{"start":{"line":375,"column":22},"end":{"line":375,"column":null}},"170":{"start":{"line":377,"column":8},"end":{"line":379,"column":null}},"171":{"start":{"line":378,"column":10},"end":{"line":378,"column":null}},"172":{"start":{"line":380,"column":8},"end":{"line":382,"column":null}},"173":{"start":{"line":381,"column":10},"end":{"line":381,"column":null}},"174":{"start":{"line":384,"column":8},"end":{"line":384,"column":null}},"175":{"start":{"line":386,"column":8},"end":{"line":386,"column":null}},"176":{"start":{"line":388,"column":8},"end":{"line":390,"column":null}},"177":{"start":{"line":389,"column":10},"end":{"line":389,"column":null}},"178":{"start":{"line":393,"column":6},"end":{"line":395,"column":null}},"179":{"start":{"line":394,"column":8},"end":{"line":394,"column":null}},"180":{"start":{"line":398,"column":4},"end":{"line":398,"column":null}},"181":{"start":{"line":405,"column":37},"end":{"line":405,"column":null}},"182":{"start":{"line":406,"column":26},"end":{"line":406,"column":null}},"183":{"start":{"line":408,"column":4},"end":{"line":417,"column":null}},"184":{"start":{"line":409,"column":25},"end":{"line":411,"column":null}},"185":{"start":{"line":410,"column":15},"end":{"line":410,"column":null}},"186":{"start":{"line":413,"column":6},"end":{"line":416,"column":null}},"187":{"start":{"line":414,"column":8},"end":{"line":414,"column":null}},"188":{"start":{"line":415,"column":8},"end":{"line":415,"column":null}},"189":{"start":{"line":419,"column":22},"end":{"line":419,"column":null}},"190":{"start":{"line":420,"column":4},"end":{"line":434,"column":null}},"191":{"start":{"line":421,"column":6},"end":{"line":423,"column":null}},"192":{"start":{"line":422,"column":8},"end":{"line":422,"column":null}},"193":{"start":{"line":425,"column":20},"end":{"line":425,"column":null}},"194":{"start":{"line":426,"column":6},"end":{"line":433,"column":null}},"195":{"start":{"line":427,"column":29},"end":{"line":427,"column":75}},"196":{"start":{"line":429,"column":8},"end":{"line":432,"column":null}},"197":{"start":{"line":430,"column":10},"end":{"line":430,"column":null}},"198":{"start":{"line":431,"column":10},"end":{"line":431,"column":null}},"199":{"start":{"line":436,"column":4},"end":{"line":436,"column":null}},"200":{"start":{"line":443,"column":18},"end":{"line":443,"column":null}},"201":{"start":{"line":445,"column":18},"end":{"line":445,"column":null}},"202":{"start":{"line":445,"column":41},"end":{"line":445,"column":71}},"203":{"start":{"line":447,"column":4},"end":{"line":450,"column":null}},"204":{"start":{"line":448,"column":20},"end":{"line":448,"column":null}},"205":{"start":{"line":449,"column":6},"end":{"line":449,"column":null}},"206":{"start":{"line":449,"column":41},"end":{"line":449,"column":75}},"207":{"start":{"line":452,"column":4},"end":{"line":452,"column":null}}},"fnMap":{"0":{"name":"constructor","decl":{"start":{"line":16,"column":2},"end":{"line":16,"column":null}},"loc":{"start":{"line":20,"column":4},"end":{"line":20,"column":null}},"line":20},"1":{"name":"search","decl":{"start":{"line":22,"column":8},"end":{"line":22,"column":null}},"loc":{"start":{"line":25,"column":29},"end":{"line":98,"column":null}},"line":25},"2":{"name":"(anonymous_2)","decl":{"start":{"line":41,"column":59},"end":{"line":41,"column":60}},"loc":{"start":{"line":41,"column":69},"end":{"line":41,"column":84}},"line":41},"3":{"name":"(anonymous_3)","decl":{"start":{"line":58,"column":25},"end":{"line":58,"column":26}},"loc":{"start":{"line":58,"column":35},"end":{"line":67,"column":7}},"line":58},"4":{"name":"(anonymous_4)","decl":{"start":{"line":69,"column":25},"end":{"line":69,"column":26}},"loc":{"start":{"line":69,"column":35},"end":{"line":69,"column":52}},"line":69},"5":{"name":"searchByTag","decl":{"start":{"line":100,"column":8},"end":{"line":100,"column":20}},"loc":{"start":{"line":100,"column":54},"end":{"line":120,"column":null}},"line":100},"6":{"name":"(anonymous_6)","decl":{"start":{"line":108,"column":8},"end":{"line":108,"column":9}},"loc":{"start":{"line":108,"column":15},"end":{"line":108,"column":null}},"line":108},"7":{"name":"findEntities","decl":{"start":{"line":122,"column":8},"end":{"line":122,"column":21}},"loc":{"start":{"line":122,"column":64},"end":{"line":124,"column":null}},"line":122},"8":{"name":"findConcepts","decl":{"start":{"line":126,"column":8},"end":{"line":126,"column":21}},"loc":{"start":{"line":126,"column":64},"end":{"line":128,"column":null}},"line":126},"9":{"name":"findSources","decl":{"start":{"line":130,"column":8},"end":{"line":130,"column":20}},"loc":{"start":{"line":130,"column":66},"end":{"line":178,"column":null}},"line":130},"10":{"name":"(anonymous_10)","decl":{"start":{"line":137,"column":24},"end":{"line":137,"column":25}},"loc":{"start":{"line":137,"column":34},"end":{"line":177,"column":5}},"line":137},"11":{"name":"(anonymous_11)","decl":{"start":{"line":156,"column":50},"end":{"line":156,"column":51}},"loc":{"start":{"line":157,"column":10},"end":{"line":157,"column":null}},"line":157},"12":{"name":"findBacklinks","decl":{"start":{"line":180,"column":8},"end":{"line":180,"column":22}},"loc":{"start":{"line":180,"column":61},"end":{"line":205,"column":null}},"line":180},"13":{"name":"(anonymous_13)","decl":{"start":{"line":182,"column":34},"end":{"line":182,"column":35}},"loc":{"start":{"line":182,"column":41},"end":{"line":182,"column":60}},"line":182},"14":{"name":"(anonymous_14)","decl":{"start":{"line":198,"column":19},"end":{"line":198,"column":20}},"loc":{"start":{"line":198,"column":29},"end":{"line":198,"column":77}},"line":198},"15":{"name":"findResearchDecisions","decl":{"start":{"line":207,"column":8},"end":{"line":207,"column":null}},"loc":{"start":{"line":214,"column":25},"end":{"line":278,"column":null}},"line":214},"16":{"name":"(anonymous_16)","decl":{"start":{"line":219,"column":31},"end":{"line":219,"column":32}},"loc":{"start":{"line":219,"column":41},"end":{"line":233,"column":5}},"line":219},"17":{"name":"(anonymous_17)","decl":{"start":{"line":224,"column":56},"end":{"line":224,"column":57}},"loc":{"start":{"line":225,"column":8},"end":{"line":225,"column":null}},"line":225},"18":{"name":"(anonymous_18)","decl":{"start":{"line":237,"column":31},"end":{"line":237,"column":32}},"loc":{"start":{"line":238,"column":8},"end":{"line":238,"column":null}},"line":238},"19":{"name":"(anonymous_19)","decl":{"start":{"line":238,"column":35},"end":{"line":238,"column":36}},"loc":{"start":{"line":238,"column":42},"end":{"line":238,"column":75}},"line":238},"20":{"name":"(anonymous_20)","decl":{"start":{"line":244,"column":31},"end":{"line":244,"column":32}},"loc":{"start":{"line":244,"column":41},"end":{"line":252,"column":7}},"line":244},"21":{"name":"(anonymous_21)","decl":{"start":{"line":246,"column":50},"end":{"line":246,"column":51}},"loc":{"start":{"line":247,"column":10},"end":{"line":247,"column":null}},"line":247},"22":{"name":"(anonymous_22)","decl":{"start":{"line":256,"column":31},"end":{"line":256,"column":32}},"loc":{"start":{"line":256,"column":41},"end":{"line":263,"column":7}},"line":256},"23":{"name":"(anonymous_23)","decl":{"start":{"line":266,"column":17},"end":{"line":266,"column":18}},"loc":{"start":{"line":266,"column":27},"end":{"line":275,"column":5}},"line":266},"24":{"name":"loadAllPages","decl":{"start":{"line":280,"column":16},"end":{"line":280,"column":52}},"loc":{"start":{"line":280,"column":52},"end":{"line":312,"column":null}},"line":280},"25":{"name":"scorePage","decl":{"start":{"line":314,"column":10},"end":{"line":314,"column":null}},"loc":{"start":{"line":318,"column":42},"end":{"line":348,"column":null}},"line":318},"26":{"name":"(anonymous_26)","decl":{"start":{"line":322,"column":26},"end":{"line":322,"column":27}},"loc":{"start":{"line":323,"column":6},"end":{"line":323,"column":null}},"line":323},"27":{"name":"extractSnippets","decl":{"start":{"line":350,"column":10},"end":{"line":350,"column":null}},"loc":{"start":{"line":355,"column":14},"end":{"line":399,"column":null}},"line":355},"28":{"name":"getRelatedPages","decl":{"start":{"line":401,"column":16},"end":{"line":401,"column":null}},"loc":{"start":{"line":404,"column":25},"end":{"line":437,"column":null}},"line":404},"29":{"name":"(anonymous_29)","decl":{"start":{"line":410,"column":8},"end":{"line":410,"column":9}},"loc":{"start":{"line":410,"column":15},"end":{"line":410,"column":null}},"line":410},"30":{"name":"(anonymous_30)","decl":{"start":{"line":427,"column":19},"end":{"line":427,"column":20}},"loc":{"start":{"line":427,"column":29},"end":{"line":427,"column":75}},"line":427},"31":{"name":"findPagesByType","decl":{"start":{"line":439,"column":16},"end":{"line":439,"column":null}},"loc":{"start":{"line":442,"column":25},"end":{"line":453,"column":null}},"line":442},"32":{"name":"(anonymous_32)","decl":{"start":{"line":445,"column":31},"end":{"line":445,"column":32}},"loc":{"start":{"line":445,"column":41},"end":{"line":445,"column":71}},"line":445},"33":{"name":"(anonymous_33)","decl":{"start":{"line":449,"column":31},"end":{"line":449,"column":32}},"loc":{"start":{"line":449,"column":41},"end":{"line":449,"column":75}},"line":449}},"branchMap":{"0":{"loc":{"start":{"line":24,"column":4},"end":{"line":24,"column":null}},"type":"default-arg","locations":[{"start":{"line":24,"column":29},"end":{"line":24,"column":null}}],"line":24},"1":{"loc":{"start":{"line":27,"column":6},"end":{"line":27,"column":null}},"type":"default-arg","locations":[{"start":{"line":27,"column":19},"end":{"line":27,"column":null}}],"line":27},"2":{"loc":{"start":{"line":28,"column":6},"end":{"line":28,"column":null}},"type":"default-arg","locations":[{"start":{"line":28,"column":28},"end":{"line":28,"column":null}}],"line":28},"3":{"loc":{"start":{"line":29,"column":6},"end":{"line":29,"column":null}},"type":"default-arg","locations":[{"start":{"line":29,"column":22},"end":{"line":29,"column":null}}],"line":29},"4":{"loc":{"start":{"line":30,"column":6},"end":{"line":30,"column":null}},"type":"default-arg","locations":[{"start":{"line":30,"column":22},"end":{"line":30,"column":null}}],"line":30},"5":{"loc":{"start":{"line":31,"column":6},"end":{"line":31,"column":null}},"type":"default-arg","locations":[{"start":{"line":31,"column":19},"end":{"line":31,"column":null}}],"line":31},"6":{"loc":{"start":{"line":34,"column":4},"end":{"line":36,"column":null}},"type":"if","locations":[{"start":{"line":34,"column":4},"end":{"line":36,"column":null}},{"start":{},"end":{}}],"line":34},"7":{"loc":{"start":{"line":40,"column":28},"end":{"line":40,"column":null}},"type":"cond-expr","locations":[{"start":{"line":40,"column":44},"end":{"line":40,"column":52}},{"start":{"line":40,"column":52},"end":{"line":40,"column":null}}],"line":40},"8":{"loc":{"start":{"line":52,"column":6},"end":{"line":54,"column":null}},"type":"if","locations":[{"start":{"line":52,"column":6},"end":{"line":54,"column":null}},{"start":{},"end":{}}],"line":52},"9":{"loc":{"start":{"line":57,"column":4},"end":{"line":70,"column":null}},"type":"if","locations":[{"start":{"line":57,"column":4},"end":{"line":70,"column":null}},{"start":{"line":68,"column":11},"end":{"line":70,"column":null}}],"line":57},"10":{"loc":{"start":{"line":59,"column":22},"end":{"line":59,"column":null}},"type":"binary-expr","locations":[{"start":{"line":59,"column":22},"end":{"line":59,"column":49}},{"start":{"line":59,"column":49},"end":{"line":59,"column":null}}],"line":59},"11":{"loc":{"start":{"line":60,"column":22},"end":{"line":60,"column":null}},"type":"binary-expr","locations":[{"start":{"line":60,"column":22},"end":{"line":60,"column":49}},{"start":{"line":60,"column":49},"end":{"line":60,"column":null}}],"line":60},"12":{"loc":{"start":{"line":62,"column":8},"end":{"line":62,"column":null}},"type":"if","locations":[{"start":{"line":62,"column":8},"end":{"line":62,"column":null}},{"start":{},"end":{}}],"line":62},"13":{"loc":{"start":{"line":62,"column":12},"end":{"line":62,"column":30}},"type":"binary-expr","locations":[{"start":{"line":62,"column":12},"end":{"line":62,"column":22}},{"start":{"line":62,"column":22},"end":{"line":62,"column":30}}],"line":62},"14":{"loc":{"start":{"line":63,"column":8},"end":{"line":63,"column":null}},"type":"if","locations":[{"start":{"line":63,"column":8},"end":{"line":63,"column":null}},{"start":{},"end":{}}],"line":63},"15":{"loc":{"start":{"line":64,"column":8},"end":{"line":64,"column":null}},"type":"if","locations":[{"start":{"line":64,"column":8},"end":{"line":64,"column":null}},{"start":{},"end":{}}],"line":64},"16":{"loc":{"start":{"line":85,"column":6},"end":{"line":87,"column":null}},"type":"if","locations":[{"start":{"line":85,"column":6},"end":{"line":87,"column":null}},{"start":{},"end":{}}],"line":85},"17":{"loc":{"start":{"line":101,"column":26},"end":{"line":101,"column":null}},"type":"cond-expr","locations":[{"start":{"line":101,"column":48},"end":{"line":101,"column":63}},{"start":{"line":101,"column":63},"end":{"line":101,"column":null}}],"line":101},"18":{"loc":{"start":{"line":114,"column":6},"end":{"line":116,"column":null}},"type":"if","locations":[{"start":{"line":114,"column":6},"end":{"line":116,"column":null}},{"start":{},"end":{}}],"line":114},"19":{"loc":{"start":{"line":114,"column":10},"end":{"line":114,"column":45}},"type":"binary-expr","locations":[{"start":{"line":114,"column":10},"end":{"line":114,"column":31}},{"start":{"line":114,"column":31},"end":{"line":114,"column":45}}],"line":114},"20":{"loc":{"start":{"line":133,"column":4},"end":{"line":135,"column":null}},"type":"if","locations":[{"start":{"line":133,"column":4},"end":{"line":135,"column":null}},{"start":{},"end":{}}],"line":133},"21":{"loc":{"start":{"line":138,"column":6},"end":{"line":140,"column":null}},"type":"if","locations":[{"start":{"line":138,"column":6},"end":{"line":140,"column":null}},{"start":{},"end":{}}],"line":138},"22":{"loc":{"start":{"line":138,"column":10},"end":{"line":138,"column":72}},"type":"binary-expr","locations":[{"start":{"line":138,"column":10},"end":{"line":138,"column":28}},{"start":{"line":138,"column":28},"end":{"line":138,"column":72}}],"line":138},"23":{"loc":{"start":{"line":142,"column":6},"end":{"line":144,"column":null}},"type":"if","locations":[{"start":{"line":142,"column":6},"end":{"line":144,"column":null}},{"start":{},"end":{}}],"line":142},"24":{"loc":{"start":{"line":142,"column":10},"end":{"line":142,"column":66}},"type":"binary-expr","locations":[{"start":{"line":142,"column":10},"end":{"line":142,"column":26}},{"start":{"line":142,"column":26},"end":{"line":142,"column":66}}],"line":142},"25":{"loc":{"start":{"line":146,"column":6},"end":{"line":151,"column":null}},"type":"if","locations":[{"start":{"line":146,"column":6},"end":{"line":151,"column":null}},{"start":{},"end":{}}],"line":146},"26":{"loc":{"start":{"line":146,"column":10},"end":{"line":146,"column":54}},"type":"binary-expr","locations":[{"start":{"line":146,"column":10},"end":{"line":146,"column":32}},{"start":{"line":146,"column":32},"end":{"line":146,"column":54}}],"line":146},"27":{"loc":{"start":{"line":148,"column":8},"end":{"line":150,"column":null}},"type":"if","locations":[{"start":{"line":148,"column":8},"end":{"line":150,"column":null}},{"start":{},"end":{}}],"line":148},"28":{"loc":{"start":{"line":153,"column":6},"end":{"line":164,"column":null}},"type":"if","locations":[{"start":{"line":153,"column":6},"end":{"line":164,"column":null}},{"start":{},"end":{}}],"line":153},"29":{"loc":{"start":{"line":161,"column":8},"end":{"line":163,"column":null}},"type":"if","locations":[{"start":{"line":161,"column":8},"end":{"line":163,"column":null}},{"start":{},"end":{}}],"line":161},"30":{"loc":{"start":{"line":161,"column":12},"end":{"line":161,"column":47}},"type":"binary-expr","locations":[{"start":{"line":161,"column":12},"end":{"line":161,"column":24}},{"start":{"line":161,"column":24},"end":{"line":161,"column":35}},{"start":{"line":161,"column":35},"end":{"line":161,"column":47}}],"line":161},"31":{"loc":{"start":{"line":166,"column":6},"end":{"line":174,"column":null}},"type":"if","locations":[{"start":{"line":166,"column":6},"end":{"line":174,"column":null}},{"start":{},"end":{}}],"line":166},"32":{"loc":{"start":{"line":171,"column":8},"end":{"line":173,"column":null}},"type":"if","locations":[{"start":{"line":171,"column":8},"end":{"line":173,"column":null}},{"start":{},"end":{}}],"line":171},"33":{"loc":{"start":{"line":171,"column":12},"end":{"line":171,"column":41}},"type":"binary-expr","locations":[{"start":{"line":171,"column":12},"end":{"line":171,"column":29}},{"start":{"line":171,"column":29},"end":{"line":171,"column":41}}],"line":171},"34":{"loc":{"start":{"line":184,"column":4},"end":{"line":186,"column":null}},"type":"if","locations":[{"start":{"line":184,"column":4},"end":{"line":186,"column":null}},{"start":{},"end":{}}],"line":184},"35":{"loc":{"start":{"line":192,"column":6},"end":{"line":194,"column":null}},"type":"if","locations":[{"start":{"line":192,"column":6},"end":{"line":194,"column":null}},{"start":{},"end":{}}],"line":192},"36":{"loc":{"start":{"line":197,"column":6},"end":{"line":201,"column":null}},"type":"if","locations":[{"start":{"line":197,"column":6},"end":{"line":201,"column":null}},{"start":{},"end":{}}],"line":197},"37":{"loc":{"start":{"line":208,"column":4},"end":{"line":213,"column":null}},"type":"default-arg","locations":[{"start":{"line":213,"column":8},"end":{"line":213,"column":null}}],"line":208},"38":{"loc":{"start":{"line":215,"column":41},"end":{"line":215,"column":57}},"type":"default-arg","locations":[{"start":{"line":215,"column":54},"end":{"line":215,"column":57}}],"line":215},"39":{"loc":{"start":{"line":220,"column":6},"end":{"line":222,"column":null}},"type":"if","locations":[{"start":{"line":220,"column":6},"end":{"line":222,"column":null}},{"start":{},"end":{}}],"line":220},"40":{"loc":{"start":{"line":228,"column":6},"end":{"line":230,"column":null}},"type":"if","locations":[{"start":{"line":228,"column":6},"end":{"line":230,"column":null}},{"start":{},"end":{}}],"line":228},"41":{"loc":{"start":{"line":235,"column":4},"end":{"line":240,"column":null}},"type":"if","locations":[{"start":{"line":235,"column":4},"end":{"line":240,"column":null}},{"start":{},"end":{}}],"line":235},"42":{"loc":{"start":{"line":242,"column":4},"end":{"line":253,"column":null}},"type":"if","locations":[{"start":{"line":242,"column":4},"end":{"line":253,"column":null}},{"start":{},"end":{}}],"line":242},"43":{"loc":{"start":{"line":251,"column":15},"end":{"line":251,"column":null}},"type":"binary-expr","locations":[{"start":{"line":251,"column":15},"end":{"line":251,"column":26}},{"start":{"line":251,"column":26},"end":{"line":251,"column":36}},{"start":{"line":251,"column":36},"end":{"line":251,"column":null}}],"line":251},"44":{"loc":{"start":{"line":255,"column":4},"end":{"line":264,"column":null}},"type":"if","locations":[{"start":{"line":255,"column":4},"end":{"line":264,"column":null}},{"start":{},"end":{}}],"line":255},"45":{"loc":{"start":{"line":258,"column":8},"end":{"line":260,"column":null}},"type":"if","locations":[{"start":{"line":258,"column":8},"end":{"line":260,"column":null}},{"start":{},"end":{}}],"line":258},"46":{"loc":{"start":{"line":267,"column":20},"end":{"line":267,"column":null}},"type":"binary-expr","locations":[{"start":{"line":267,"column":20},"end":{"line":267,"column":42}},{"start":{"line":267,"column":42},"end":{"line":267,"column":null}}],"line":267},"47":{"loc":{"start":{"line":268,"column":20},"end":{"line":268,"column":null}},"type":"binary-expr","locations":[{"start":{"line":268,"column":20},"end":{"line":268,"column":42}},{"start":{"line":268,"column":42},"end":{"line":268,"column":null}}],"line":268},"48":{"loc":{"start":{"line":270,"column":6},"end":{"line":270,"column":null}},"type":"if","locations":[{"start":{"line":270,"column":6},"end":{"line":270,"column":null}},{"start":{},"end":{}}],"line":270},"49":{"loc":{"start":{"line":270,"column":10},"end":{"line":270,"column":28}},"type":"binary-expr","locations":[{"start":{"line":270,"column":10},"end":{"line":270,"column":20}},{"start":{"line":270,"column":20},"end":{"line":270,"column":28}}],"line":270},"50":{"loc":{"start":{"line":271,"column":6},"end":{"line":271,"column":null}},"type":"if","locations":[{"start":{"line":271,"column":6},"end":{"line":271,"column":null}},{"start":{},"end":{}}],"line":271},"51":{"loc":{"start":{"line":272,"column":6},"end":{"line":272,"column":null}},"type":"if","locations":[{"start":{"line":272,"column":6},"end":{"line":272,"column":null}},{"start":{},"end":{}}],"line":272},"52":{"loc":{"start":{"line":286,"column":6},"end":{"line":288,"column":null}},"type":"if","locations":[{"start":{"line":286,"column":6},"end":{"line":288,"column":null}},{"start":{},"end":{}}],"line":286},"53":{"loc":{"start":{"line":286,"column":10},"end":{"line":286,"column":69}},"type":"binary-expr","locations":[{"start":{"line":286,"column":10},"end":{"line":286,"column":37}},{"start":{"line":286,"column":37},"end":{"line":286,"column":69}}],"line":286},"54":{"loc":{"start":{"line":297,"column":20},"end":{"line":297,"column":null}},"type":"binary-expr","locations":[{"start":{"line":297,"column":20},"end":{"line":297,"column":49}},{"start":{"line":297,"column":49},"end":{"line":297,"column":null}}],"line":297},"55":{"loc":{"start":{"line":323,"column":6},"end":{"line":323,"column":null}},"type":"cond-expr","locations":[{"start":{"line":323,"column":22},"end":{"line":323,"column":29}},{"start":{"line":323,"column":29},"end":{"line":323,"column":null}}],"line":323},"56":{"loc":{"start":{"line":330,"column":6},"end":{"line":333,"column":null}},"type":"if","locations":[{"start":{"line":330,"column":6},"end":{"line":333,"column":null}},{"start":{},"end":{}}],"line":330},"57":{"loc":{"start":{"line":336,"column":8},"end":{"line":339,"column":null}},"type":"if","locations":[{"start":{"line":336,"column":8},"end":{"line":339,"column":null}},{"start":{},"end":{}}],"line":336},"58":{"loc":{"start":{"line":342,"column":30},"end":{"line":342,"column":null}},"type":"binary-expr","locations":[{"start":{"line":342,"column":30},"end":{"line":342,"column":70}},{"start":{"line":342,"column":70},"end":{"line":342,"column":null}}],"line":342},"59":{"loc":{"start":{"line":357,"column":30},"end":{"line":357,"column":null}},"type":"cond-expr","locations":[{"start":{"line":357,"column":46},"end":{"line":357,"column":56}},{"start":{"line":357,"column":56},"end":{"line":357,"column":null}}],"line":357},"60":{"loc":{"start":{"line":377,"column":8},"end":{"line":379,"column":null}},"type":"if","locations":[{"start":{"line":377,"column":8},"end":{"line":379,"column":null}},{"start":{},"end":{}}],"line":377},"61":{"loc":{"start":{"line":380,"column":8},"end":{"line":382,"column":null}},"type":"if","locations":[{"start":{"line":380,"column":8},"end":{"line":382,"column":null}},{"start":{},"end":{}}],"line":380},"62":{"loc":{"start":{"line":388,"column":8},"end":{"line":390,"column":null}},"type":"if","locations":[{"start":{"line":388,"column":8},"end":{"line":390,"column":null}},{"start":{},"end":{}}],"line":388},"63":{"loc":{"start":{"line":393,"column":6},"end":{"line":395,"column":null}},"type":"if","locations":[{"start":{"line":393,"column":6},"end":{"line":395,"column":null}},{"start":{},"end":{}}],"line":393},"64":{"loc":{"start":{"line":413,"column":6},"end":{"line":416,"column":null}},"type":"if","locations":[{"start":{"line":413,"column":6},"end":{"line":416,"column":null}},{"start":{},"end":{}}],"line":413},"65":{"loc":{"start":{"line":413,"column":10},"end":{"line":413,"column":74}},"type":"binary-expr","locations":[{"start":{"line":413,"column":10},"end":{"line":413,"column":24}},{"start":{"line":413,"column":24},"end":{"line":413,"column":74}}],"line":413},"66":{"loc":{"start":{"line":421,"column":6},"end":{"line":423,"column":null}},"type":"if","locations":[{"start":{"line":421,"column":6},"end":{"line":423,"column":null}},{"start":{},"end":{}}],"line":421},"67":{"loc":{"start":{"line":426,"column":6},"end":{"line":433,"column":null}},"type":"if","locations":[{"start":{"line":426,"column":6},"end":{"line":433,"column":null}},{"start":{},"end":{}}],"line":426},"68":{"loc":{"start":{"line":429,"column":8},"end":{"line":432,"column":null}},"type":"if","locations":[{"start":{"line":429,"column":8},"end":{"line":432,"column":null}},{"start":{},"end":{}}],"line":429},"69":{"loc":{"start":{"line":447,"column":4},"end":{"line":450,"column":null}},"type":"if","locations":[{"start":{"line":447,"column":4},"end":{"line":450,"column":null}},{"start":{},"end":{}}],"line":447}},"s":{"0":45,"1":45,"2":45,"3":20,"4":20,"5":1,"6":19,"7":19,"8":20,"9":124,"10":20,"11":20,"12":97,"13":97,"14":44,"15":19,"16":0,"17":0,"18":0,"19":0,"20":0,"21":0,"22":0,"23":0,"24":0,"25":0,"26":19,"27":43,"28":19,"29":19,"30":19,"31":43,"32":43,"33":43,"34":41,"35":43,"36":19,"37":6,"38":6,"39":6,"40":6,"41":30,"42":56,"43":30,"44":30,"45":30,"46":13,"47":6,"48":4,"49":4,"50":6,"51":6,"52":1,"53":5,"54":5,"55":1,"56":4,"57":0,"58":4,"59":1,"60":1,"61":0,"62":4,"63":0,"64":0,"65":0,"66":0,"67":0,"68":0,"69":0,"70":4,"71":0,"72":0,"73":0,"74":0,"75":0,"76":4,"77":5,"78":5,"79":10,"80":5,"81":1,"82":4,"83":4,"84":4,"85":20,"86":4,"87":16,"88":16,"89":4,"90":3,"91":4,"92":0,"93":0,"94":0,"95":0,"96":0,"97":0,"98":0,"99":0,"100":0,"101":0,"102":0,"103":0,"104":0,"105":0,"106":0,"107":0,"108":0,"109":0,"110":0,"111":0,"112":0,"113":0,"114":0,"115":0,"116":0,"117":0,"118":0,"119":0,"120":0,"121":0,"122":0,"123":0,"124":0,"125":0,"126":0,"127":0,"128":0,"129":0,"130":0,"131":0,"132":44,"133":44,"134":44,"135":223,"136":1,"137":222,"138":222,"139":222,"140":222,"141":223,"142":0,"143":44,"144":97,"145":97,"146":97,"147":423,"148":97,"149":97,"150":97,"151":97,"152":617,"153":127,"154":127,"155":617,"156":1477,"157":339,"158":339,"159":617,"160":617,"161":97,"162":43,"163":43,"164":43,"165":61,"166":61,"167":61,"168":61,"169":61,"170":61,"171":9,"172":61,"173":11,"174":61,"175":61,"176":61,"177":6,"178":61,"179":6,"180":43,"181":41,"182":41,"183":41,"184":8,"185":8,"186":8,"187":8,"188":8,"189":41,"190":41,"191":208,"192":41,"193":167,"194":167,"195":33,"196":15,"197":15,"198":15,"199":41,"200":14,"201":14,"202":70,"203":14,"204":6,"205":6,"206":12,"207":14},"f":{"0":45,"1":20,"2":124,"3":0,"4":43,"5":6,"6":56,"7":4,"8":4,"9":6,"10":5,"11":0,"12":5,"13":10,"14":4,"15":0,"16":0,"17":0,"18":0,"19":0,"20":0,"21":0,"22":0,"23":0,"24":44,"25":97,"26":423,"27":43,"28":41,"29":8,"30":33,"31":14,"32":70,"33":12},"b":{"0":[20],"1":[20],"2":[20],"3":[20],"4":[20],"5":[20],"6":[1,19],"7":[1,18],"8":[44,53],"9":[0,19],"10":[0,0],"11":[0,0],"12":[0,0],"13":[0,0],"14":[0,0],"15":[0,0],"16":[41,2],"17":[1,5],"18":[13,17],"19":[30,18],"20":[1,5],"21":[1,4],"22":[5,3],"23":[0,4],"24":[4,2],"25":[1,3],"26":[4,1],"27":[0,1],"28":[0,4],"29":[0,0],"30":[0,0,0],"31":[0,4],"32":[0,0],"33":[0,0],"34":[1,4],"35":[4,16],"36":[3,13],"37":[0],"38":[0],"39":[0,0],"40":[0,0],"41":[0,0],"42":[0,0],"43":[0,0,0],"44":[0,0],"45":[0,0],"46":[0,0],"47":[0,0],"48":[0,0],"49":[0,0],"50":[0,0],"51":[0,0],"52":[1,222],"53":[223,222],"54":[222,0],"55":[22,401],"56":[127,490],"57":[339,1138],"58":[617,270],"59":[2,41],"60":[9,52],"61":[11,50],"62":[6,55],"63":[6,55],"64":[8,0],"65":[8,8],"66":[41,167],"67":[15,152],"68":[15,0],"69":[6,8]},"meta":{"lastBranch":70,"lastFunction":34,"lastStatement":208,"seen":{"f:16:2:16:Infinity":0,"s:17:12:17:Infinity":0,"s:18:12:18:Infinity":1,"s:19:12:19:Infinity":2,"f:22:8:22:Infinity":1,"b:24:29:24:Infinity":0,"s:32:8:32:Infinity":3,"b:27:19:27:Infinity":1,"b:28:28:28:Infinity":2,"b:29:22:29:Infinity":3,"b:30:22:30:Infinity":4,"b:31:19:31:Infinity":5,"b:34:4:36:Infinity:undefined:undefined:undefined:undefined":6,"s:34:4:36:Infinity":4,"s:35:6:35:Infinity":5,"s:38:18:38:Infinity":6,"s:40:28:40:Infinity":7,"b:40:44:40:52:40:52:40:Infinity":7,"s:41:23:41:Infinity":8,"f:41:59:41:60":2,"s:41:69:41:84":9,"s:47:9:47:Infinity":10,"s:49:4:55:Infinity":11,"s:50:33:50:Infinity":12,"b:52:6:54:Infinity:undefined:undefined:undefined:undefined":8,"s:52:6:54:Infinity":13,"s:53:8:53:Infinity":14,"b:57:4:70:Infinity:68:11:70:Infinity":9,"s:57:4:70:Infinity":15,"s:58:6:67:Infinity":16,"f:58:25:58:26":3,"s:59:22:59:Infinity":17,"b:59:22:59:49:59:49:59:Infinity":10,"s:60:22:60:Infinity":18,"b:60:22:60:49:60:49:60:Infinity":11,"b:62:8:62:Infinity:undefined:undefined:undefined:undefined":12,"s:62:8:62:Infinity":19,"b:62:12:62:22:62:22:62:30":13,"s:62:30:62:Infinity":20,"b:63:8:63:Infinity:undefined:undefined:undefined:undefined":14,"s:63:8:63:Infinity":21,"s:63:20:63:Infinity":22,"b:64:8:64:Infinity:undefined:undefined:undefined:undefined":15,"s:64:8:64:Infinity":23,"s:64:20:64:Infinity":24,"s:66:8:66:Infinity":25,"s:69:6:69:Infinity":26,"f:69:25:69:26":4,"s:69:35:69:52":27,"s:72:23:72:Infinity":28,"s:74:36:74:Infinity":29,"s:76:4:95:Infinity":30,"s:77:29:82:Infinity":31,"s:84:37:84:Infinity":32,"b:85:6:87:Infinity:undefined:undefined:undefined:undefined":16,"s:85:6:87:Infinity":33,"s:86:8:86:Infinity":34,"s:89:6:94:Infinity":35,"s:97:4:97:Infinity":36,"f:100:8:100:20":5,"s:101:26:101:Infinity":37,"b:101:48:101:63:101:63:101:Infinity":17,"s:103:18:103:Infinity":38,"s:104:32:104:Infinity":39,"s:106:4:117:Infinity":40,"s:107:32:109:Infinity":41,"f:108:8:108:9":6,"s:108:15:108:Infinity":42,"s:111:29:111:Infinity":43,"s:112:27:112:Infinity":44,"b:114:6:116:Infinity:undefined:undefined:undefined:undefined":18,"s:114:6:116:Infinity":45,"b:114:10:114:31:114:31:114:45":19,"s:115:8:115:Infinity":46,"s:119:4:119:Infinity":47,"f:122:8:122:21":7,"s:123:4:123:Infinity":48,"f:126:8:126:21":8,"s:127:4:127:Infinity":49,"f:130:8:130:20":9,"s:131:18:131:Infinity":50,"b:133:4:135:Infinity:undefined:undefined:undefined:undefined":20,"s:133:4:135:Infinity":51,"s:134:6:134:Infinity":52,"s:137:4:177:Infinity":53,"f:137:24:137:25":10,"b:138:6:140:Infinity:undefined:undefined:undefined:undefined":21,"s:138:6:140:Infinity":54,"b:138:10:138:28:138:28:138:72":22,"s:139:8:139:Infinity":55,"b:142:6:144:Infinity:undefined:undefined:undefined:undefined":23,"s:142:6:144:Infinity":56,"b:142:10:142:26:142:26:142:66":24,"s:143:8:143:Infinity":57,"b:146:6:151:Infinity:undefined:undefined:undefined:undefined":25,"s:146:6:151:Infinity":58,"b:146:10:146:32:146:32:146:54":26,"s:147:22:147:Infinity":59,"b:148:8:150:Infinity:undefined:undefined:undefined:undefined":27,"s:148:8:150:Infinity":60,"s:149:10:149:Infinity":61,"b:153:6:164:Infinity:undefined:undefined:undefined:undefined":28,"s:153:6:164:Infinity":62,"s:154:34:154:Infinity":63,"s:155:24:155:Infinity":64,"s:156:23:158:Infinity":65,"f:156:50:156:51":11,"s:157:10:157:Infinity":66,"s:159:26:159:Infinity":67,"b:161:8:163:Infinity:undefined:undefined:undefined:undefined":29,"s:161:8:163:Infinity":68,"b:161:12:161:24:161:24:161:35:161:35:161:47":30,"s:162:10:162:Infinity":69,"b:166:6:174:Infinity:undefined:undefined:undefined:undefined":31,"s:166:6:174:Infinity":70,"s:167:28:167:Infinity":71,"s:168:29:168:Infinity":72,"s:169:26:169:Infinity":73,"b:171:8:173:Infinity:undefined:undefined:undefined:undefined":32,"s:171:8:173:Infinity":74,"b:171:12:171:29:171:29:171:41":33,"s:172:10:172:Infinity":75,"s:176:6:176:Infinity":76,"f:180:8:180:22":12,"s:181:18:181:Infinity":77,"s:182:23:182:Infinity":78,"f:182:34:182:35":13,"s:182:41:182:60":79,"b:184:4:186:Infinity:undefined:undefined:undefined:undefined":34,"s:184:4:186:Infinity":80,"s:185:6:185:Infinity":81,"s:188:24:188:Infinity":82,"s:189:34:189:Infinity":83,"s:191:4:202:Infinity":84,"b:192:6:194:Infinity:undefined:undefined:undefined:undefined":35,"s:192:6:194:Infinity":85,"s:193:8:193:Infinity":86,"s:196:20:196:Infinity":87,"b:197:6:201:Infinity:undefined:undefined:undefined:undefined":36,"s:197:6:201:Infinity":88,"f:198:19:198:20":14,"s:198:29:198:77":89,"s:200:8:200:Infinity":90,"s:204:4:204:Infinity":91,"f:207:8:207:Infinity":15,"b:213:8:213:Infinity":37,"s:215:61:215:Infinity":92,"b:215:54:215:57":38,"s:217:18:217:Infinity":93,"s:219:18:233:Infinity":94,"f:219:31:219:32":16,"b:220:6:222:Infinity:undefined:undefined:undefined:undefined":39,"s:220:6:222:Infinity":95,"s:221:8:221:Infinity":96,"s:224:29:226:Infinity":97,"f:224:56:224:57":17,"s:225:8:225:Infinity":98,"b:228:6:230:Infinity:undefined:undefined:undefined:undefined":40,"s:228:6:230:Infinity":99,"s:229:8:229:Infinity":100,"s:232:6:232:Infinity":101,"b:235:4:240:Infinity:undefined:undefined:undefined:undefined":41,"s:235:4:240:Infinity":102,"s:236:28:236:Infinity":103,"s:237:6:239:Infinity":104,"f:237:31:237:32":18,"s:238:8:238:Infinity":105,"f:238:35:238:36":19,"s:238:42:238:75":106,"b:242:4:253:Infinity:undefined:undefined:undefined:undefined":42,"s:242:4:253:Infinity":107,"s:243:32:243:Infinity":108,"s:244:6:252:Infinity":109,"f:244:31:244:32":20,"s:245:24:245:Infinity":110,"s:246:23:248:Infinity":111,"f:246:50:246:51":21,"s:247:10:247:Infinity":112,"s:249:26:249:Infinity":113,"s:251:8:251:Infinity":114,"b:251:15:251:26:251:26:251:36:251:36:251:Infinity":43,"b:255:4:264:Infinity:undefined:undefined:undefined:undefined":44,"s:255:4:264:Infinity":115,"s:256:6:263:Infinity":116,"f:256:31:256:32":22,"s:257:28:257:Infinity":117,"b:258:8:260:Infinity:undefined:undefined:undefined:undefined":45,"s:258:8:260:Infinity":118,"s:259:10:259:Infinity":119,"s:262:8:262:Infinity":120,"s:266:4:275:Infinity":121,"f:266:17:266:18":23,"s:267:20:267:Infinity":122,"b:267:20:267:42:267:42:267:Infinity":46,"s:268:20:268:Infinity":123,"b:268:20:268:42:268:42:268:Infinity":47,"b:270:6:270:Infinity:undefined:undefined:undefined:undefined":48,"s:270:6:270:Infinity":124,"b:270:10:270:20:270:20:270:28":49,"s:270:28:270:Infinity":125,"b:271:6:271:Infinity:undefined:undefined:undefined:undefined":50,"s:271:6:271:Infinity":126,"s:271:18:271:Infinity":127,"b:272:6:272:Infinity:undefined:undefined:undefined:undefined":51,"s:272:6:272:Infinity":128,"s:272:18:272:Infinity":129,"s:274:6:274:Infinity":130,"s:277:4:277:Infinity":131,"f:280:16:280:52":24,"s:281:30:281:Infinity":132,"s:283:18:283:Infinity":133,"s:285:4:309:Infinity":134,"b:286:6:288:Infinity:undefined:undefined:undefined:undefined":52,"s:286:6:288:Infinity":135,"b:286:10:286:37:286:37:286:69":53,"s:287:8:287:Infinity":136,"s:290:6:308:Infinity":137,"s:291:24:291:Infinity":138,"s:293:10:293:Infinity":139,"s:295:31:303:Infinity":140,"b:297:20:297:49:297:49:297:Infinity":54,"s:305:8:305:Infinity":141,"s:307:8:307:Infinity":142,"s:311:4:311:Infinity":143,"f:314:10:314:Infinity":25,"s:319:16:319:Infinity":144,"s:320:30:320:Infinity":145,"s:322:26:323:Infinity":146,"f:322:26:322:27":26,"s:323:6:323:Infinity":147,"b:323:22:323:29:323:29:323:Infinity":55,"s:325:18:325:Infinity":148,"s:326:17:326:Infinity":149,"s:327:20:327:Infinity":150,"s:329:4:345:Infinity":151,"b:330:6:333:Infinity:undefined:undefined:undefined:undefined":56,"s:330:6:333:Infinity":152,"s:331:8:331:Infinity":153,"s:332:8:332:Infinity":154,"s:335:6:340:Infinity":155,"b:336:8:339:Infinity:undefined:undefined:undefined:undefined":57,"s:336:8:339:Infinity":156,"s:337:10:337:Infinity":157,"s:338:10:338:Infinity":158,"s:342:12:343:Infinity":159,"b:342:30:342:70:342:70:342:Infinity":58,"s:344:6:344:Infinity":160,"s:347:4:347:Infinity":161,"f:350:10:350:Infinity":27,"s:356:31:356:Infinity":162,"s:357:30:357:Infinity":163,"b:357:46:357:56:357:56:357:Infinity":59,"s:359:4:396:Infinity":164,"s:360:23:360:Infinity":165,"s:363:6:391:Infinity":166,"s:366:29:369:Infinity":167,"s:370:27:373:Infinity":168,"s:375:22:375:Infinity":169,"b:377:8:379:Infinity:undefined:undefined:undefined:undefined":60,"s:377:8:379:Infinity":170,"s:378:10:378:Infinity":171,"b:380:8:382:Infinity:undefined:undefined:undefined:undefined":61,"s:380:8:382:Infinity":172,"s:381:10:381:Infinity":173,"s:384:8:384:Infinity":174,"s:386:8:386:Infinity":175,"b:388:8:390:Infinity:undefined:undefined:undefined:undefined":62,"s:388:8:390:Infinity":176,"s:389:10:389:Infinity":177,"b:393:6:395:Infinity:undefined:undefined:undefined:undefined":63,"s:393:6:395:Infinity":178,"s:394:8:394:Infinity":179,"s:398:4:398:Infinity":180,"f:401:16:401:Infinity":28,"s:405:37:405:Infinity":181,"s:406:26:406:Infinity":182,"s:408:4:417:Infinity":183,"s:409:25:411:Infinity":184,"f:410:8:410:9":29,"s:410:15:410:Infinity":185,"b:413:6:416:Infinity:undefined:undefined:undefined:undefined":64,"s:413:6:416:Infinity":186,"b:413:10:413:24:413:24:413:74":65,"s:414:8:414:Infinity":187,"s:415:8:415:Infinity":188,"s:419:22:419:Infinity":189,"s:420:4:434:Infinity":190,"b:421:6:423:Infinity:undefined:undefined:undefined:undefined":66,"s:421:6:423:Infinity":191,"s:422:8:422:Infinity":192,"s:425:20:425:Infinity":193,"b:426:6:433:Infinity:undefined:undefined:undefined:undefined":67,"s:426:6:433:Infinity":194,"f:427:19:427:20":30,"s:427:29:427:75":195,"b:429:8:432:Infinity:undefined:undefined:undefined:undefined":68,"s:429:8:432:Infinity":196,"s:430:10:430:Infinity":197,"s:431:10:431:Infinity":198,"s:436:4:436:Infinity":199,"f:439:16:439:Infinity":31,"s:443:18:443:Infinity":200,"s:445:18:445:Infinity":201,"f:445:31:445:32":32,"s:445:41:445:71":202,"b:447:4:450:Infinity:undefined:undefined:undefined:undefined":69,"s:447:4:450:Infinity":203,"s:448:20:448:Infinity":204,"s:449:6:449:Infinity":205,"f:449:31:449:32":33,"s:449:41:449:75":206,"s:452:4:452:Infinity":207}}}
}
