{"/home/adrian-romanski/projects/demo/wiki/libs/wiki/application-generators/src/lib/generate-concept-page-use-case.ts": {"path":"/home/adrian-romanski/projects/demo/wiki/libs/wiki/application-generators/src/lib/generate-concept-page-use-case.ts","statementMap":{"0":{"start":{"line":7,"column":12},"end":{"line":7,"column":null}},"1":{"start":{"line":8,"column":12},"end":{"line":8,"column":null}},"2":{"start":{"line":21,"column":8},"end":{"line":21,"column":null}},"3":{"start":{"line":23,"column":24},"end":{"line":29,"column":null}},"4":{"start":{"line":31,"column":10},"end":{"line":31,"column":null}},"5":{"start":{"line":33,"column":31},"end":{"line":33,"column":null}},"6":{"start":{"line":35,"column":4},"end":{"line":35,"column":null}},"7":{"start":{"line":36,"column":4},"end":{"line":36,"column":null}},"8":{"start":{"line":38,"column":4},"end":{"line":38,"column":null}},"9":{"start":{"line":39,"column":4},"end":{"line":39,"column":null}},"10":{"start":{"line":40,"column":4},"end":{"line":40,"column":null}},"11":{"start":{"line":42,"column":4},"end":{"line":46,"column":null}},"12":{"start":{"line":43,"column":6},"end":{"line":43,"column":null}},"13":{"start":{"line":44,"column":6},"end":{"line":44,"column":null}},"14":{"start":{"line":45,"column":6},"end":{"line":45,"column":null}},"15":{"start":{"line":48,"column":4},"end":{"line":53,"column":null}},"16":{"start":{"line":49,"column":6},"end":{"line":49,"column":null}},"17":{"start":{"line":50,"column":27},"end":{"line":50,"column":null}},"18":{"start":{"line":50,"column":58},"end":{"line":50,"column":101}},"19":{"start":{"line":51,"column":6},"end":{"line":51,"column":null}},"20":{"start":{"line":52,"column":6},"end":{"line":52,"column":null}},"21":{"start":{"line":55,"column":4},"end":{"line":61,"column":null}},"22":{"start":{"line":56,"column":6},"end":{"line":56,"column":null}},"23":{"start":{"line":57,"column":6},"end":{"line":60,"column":null}},"24":{"start":{"line":58,"column":8},"end":{"line":58,"column":null}},"25":{"start":{"line":59,"column":8},"end":{"line":59,"column":null}},"26":{"start":{"line":63,"column":4},"end":{"line":68,"column":null}},"27":{"start":{"line":64,"column":6},"end":{"line":64,"column":null}},"28":{"start":{"line":65,"column":26},"end":{"line":65,"column":null}},"29":{"start":{"line":65,"column":48},"end":{"line":65,"column":90}},"30":{"start":{"line":66,"column":6},"end":{"line":66,"column":null}},"31":{"start":{"line":67,"column":6},"end":{"line":67,"column":null}},"32":{"start":{"line":70,"column":24},"end":{"line":70,"column":null}},"33":{"start":{"line":72,"column":20},"end":{"line":72,"column":null}},"34":{"start":{"line":74,"column":4},"end":{"line":78,"column":null}}},"fnMap":{"0":{"name":"constructor","decl":{"start":{"line":6,"column":2},"end":{"line":6,"column":null}},"loc":{"start":{"line":9,"column":4},"end":{"line":9,"column":null}},"line":9},"1":{"name":"execute","decl":{"start":{"line":11,"column":2},"end":{"line":11,"column":10}},"loc":{"start":{"line":11,"column":54},"end":{"line":79,"column":null}},"line":11},"2":{"name":"(anonymous_2)","decl":{"start":{"line":50,"column":47},"end":{"line":50,"column":58}},"loc":{"start":{"line":50,"column":58},"end":{"line":50,"column":101}},"line":50},"3":{"name":"(anonymous_3)","decl":{"start":{"line":65,"column":38},"end":{"line":65,"column":48}},"loc":{"start":{"line":65,"column":48},"end":{"line":65,"column":90}},"line":65}},"branchMap":{"0":{"loc":{"start":{"line":15,"column":6},"end":{"line":15,"column":null}},"type":"default-arg","locations":[{"start":{"line":15,"column":21},"end":{"line":15,"column":null}}],"line":15},"1":{"loc":{"start":{"line":16,"column":6},"end":{"line":16,"column":null}},"type":"default-arg","locations":[{"start":{"line":16,"column":24},"end":{"line":16,"column":null}}],"line":16},"2":{"loc":{"start":{"line":17,"column":6},"end":{"line":17,"column":null}},"type":"default-arg","locations":[{"start":{"line":17,"column":17},"end":{"line":17,"column":null}}],"line":17},"3":{"loc":{"start":{"line":18,"column":6},"end":{"line":18,"column":null}},"type":"default-arg","locations":[{"start":{"line":18,"column":13},"end":{"line":18,"column":null}}],"line":18},"4":{"loc":{"start":{"line":19,"column":6},"end":{"line":19,"column":null}},"type":"default-arg","locations":[{"start":{"line":19,"column":16},"end":{"line":19,"column":null}}],"line":19},"5":{"loc":{"start":{"line":27,"column":15},"end":{"line":27,"column":null}},"type":"cond-expr","locations":[{"start":{"line":27,"column":36},"end":{"line":27,"column":46}},{"start":{"line":27,"column":46},"end":{"line":27,"column":null}}],"line":27},"6":{"loc":{"start":{"line":42,"column":4},"end":{"line":46,"column":null}},"type":"if","locations":[{"start":{"line":42,"column":4},"end":{"line":46,"column":null}},{"start":{},"end":{}}],"line":42},"7":{"loc":{"start":{"line":48,"column":4},"end":{"line":53,"column":null}},"type":"if","locations":[{"start":{"line":48,"column":4},"end":{"line":53,"column":null}},{"start":{},"end":{}}],"line":48},"8":{"loc":{"start":{"line":55,"column":4},"end":{"line":61,"column":null}},"type":"if","locations":[{"start":{"line":55,"column":4},"end":{"line":61,"column":null}},{"start":{},"end":{}}],"line":55},"9":{"loc":{"start":{"line":63,"column":4},"end":{"line":68,"column":null}},"type":"if","locations":[{"start":{"line":63,"column":4},"end":{"line":68,"column":null}},{"start":{},"end":{}}],"line":63}},"s":{"0":2,"1":2,"2":2,"3":2,"4":2,"5":2,"6":2,"7":2,"8":2,"9":2,"10":2,"11":2,"12":1,"13":1,"14":1,"15":2,"16":1,"17":1,"18":3,"19":1,"20":1,"21":2,"22":1,"23":1,"24":1,"25":1,"26":2,"27":1,"28":1,"29":1,"30":1,"31":1,"32":2,"33":2,"34":2},"f":{"0":2,"1":2,"2":3,"3":1},"b":{"0":[2],"1":[2],"2":[2],"3":[2],"4":[2],"5":[1,1],"6":[1,1],"7":[1,1],"8":[1,1],"9":[1,1]},"meta":{"lastBranch":10,"lastFunction":4,"lastStatement":35,"seen":{"f:6:2:6:Infinity":0,"s:7:12:7:Infinity":0,"s:8:12:8:Infinity":1,"f:11:2:11:10":1,"s:21:8:21:Infinity":2,"b:15:21:15:Infinity":0,"b:16:24:16:Infinity":1,"b:17:17:17:Infinity":2,"b:18:13:18:Infinity":3,"b:19:16:19:Infinity":4,"s:23:24:29:Infinity":3,"b:27:36:27:46:27:46:27:Infinity":5,"s:31:10:31:Infinity":4,"s:33:31:33:Infinity":5,"s:35:4:35:Infinity":6,"s:36:4:36:Infinity":7,"s:38:4:38:Infinity":8,"s:39:4:39:Infinity":9,"s:40:4:40:Infinity":10,"b:42:4:46:Infinity:undefined:undefined:undefined:undefined":6,"s:42:4:46:Infinity":11,"s:43:6:43:Infinity":12,"s:44:6:44:Infinity":13,"s:45:6:45:Infinity":14,"b:48:4:53:Infinity:undefined:undefined:undefined:undefined":7,"s:48:4:53:Infinity":15,"s:49:6:49:Infinity":16,"s:50:27:50:Infinity":17,"f:50:47:50:58":2,"s:50:58:50:101":18,"s:51:6:51:Infinity":19,"s:52:6:52:Infinity":20,"b:55:4:61:Infinity:undefined:undefined:undefined:undefined":8,"s:55:4:61:Infinity":21,"s:56:6:56:Infinity":22,"s:57:6:60:Infinity":23,"s:58:8:58:Infinity":24,"s:59:8:59:Infinity":25,"b:63:4:68:Infinity:undefined:undefined:undefined:undefined":9,"s:63:4:68:Infinity":26,"s:64:6:64:Infinity":27,"s:65:26:65:Infinity":28,"f:65:38:65:48":3,"s:65:48:65:90":29,"s:66:6:66:Infinity":30,"s:67:6:67:Infinity":31,"s:70:24:70:Infinity":32,"s:72:20:72:Infinity":33,"s:74:4:78:Infinity":34}}}
,"/home/adrian-romanski/projects/demo/wiki/libs/wiki/application-generators/src/lib/generate-entity-page-use-case.ts": {"path":"/home/adrian-romanski/projects/demo/wiki/libs/wiki/application-generators/src/lib/generate-entity-page-use-case.ts","statementMap":{"0":{"start":{"line":7,"column":12},"end":{"line":7,"column":null}},"1":{"start":{"line":8,"column":12},"end":{"line":8,"column":null}},"2":{"start":{"line":21,"column":8},"end":{"line":21,"column":null}},"3":{"start":{"line":23,"column":24},"end":{"line":29,"column":null}},"4":{"start":{"line":31,"column":10},"end":{"line":31,"column":null}},"5":{"start":{"line":33,"column":31},"end":{"line":33,"column":null}},"6":{"start":{"line":35,"column":4},"end":{"line":35,"column":null}},"7":{"start":{"line":36,"column":4},"end":{"line":36,"column":null}},"8":{"start":{"line":38,"column":4},"end":{"line":38,"column":null}},"9":{"start":{"line":39,"column":4},"end":{"line":39,"column":null}},"10":{"start":{"line":40,"column":4},"end":{"line":40,"column":null}},"11":{"start":{"line":42,"column":4},"end":{"line":46,"column":null}},"12":{"start":{"line":43,"column":6},"end":{"line":43,"column":null}},"13":{"start":{"line":44,"column":6},"end":{"line":44,"column":null}},"14":{"start":{"line":45,"column":6},"end":{"line":45,"column":null}},"15":{"start":{"line":48,"column":4},"end":{"line":55,"column":null}},"16":{"start":{"line":49,"column":6},"end":{"line":49,"column":null}},"17":{"start":{"line":50,"column":32},"end":{"line":52,"column":null}},"18":{"start":{"line":51,"column":8},"end":{"line":51,"column":null}},"19":{"start":{"line":53,"column":6},"end":{"line":53,"column":null}},"20":{"start":{"line":54,"column":6},"end":{"line":54,"column":null}},"21":{"start":{"line":57,"column":4},"end":{"line":63,"column":null}},"22":{"start":{"line":58,"column":6},"end":{"line":58,"column":null}},"23":{"start":{"line":59,"column":6},"end":{"line":62,"column":null}},"24":{"start":{"line":60,"column":8},"end":{"line":60,"column":null}},"25":{"start":{"line":61,"column":8},"end":{"line":61,"column":null}},"26":{"start":{"line":65,"column":4},"end":{"line":70,"column":null}},"27":{"start":{"line":66,"column":6},"end":{"line":66,"column":null}},"28":{"start":{"line":67,"column":26},"end":{"line":67,"column":null}},"29":{"start":{"line":67,"column":48},"end":{"line":67,"column":90}},"30":{"start":{"line":68,"column":6},"end":{"line":68,"column":null}},"31":{"start":{"line":69,"column":6},"end":{"line":69,"column":null}},"32":{"start":{"line":72,"column":24},"end":{"line":72,"column":null}},"33":{"start":{"line":74,"column":20},"end":{"line":74,"column":null}},"34":{"start":{"line":76,"column":4},"end":{"line":80,"column":null}}},"fnMap":{"0":{"name":"constructor","decl":{"start":{"line":6,"column":2},"end":{"line":6,"column":null}},"loc":{"start":{"line":9,"column":4},"end":{"line":9,"column":null}},"line":9},"1":{"name":"execute","decl":{"start":{"line":11,"column":2},"end":{"line":11,"column":10}},"loc":{"start":{"line":11,"column":53},"end":{"line":81,"column":null}},"line":11},"2":{"name":"(anonymous_2)","decl":{"start":{"line":50,"column":50},"end":{"line":50,"column":null}},"loc":{"start":{"line":51,"column":8},"end":{"line":51,"column":null}},"line":51},"3":{"name":"(anonymous_3)","decl":{"start":{"line":67,"column":38},"end":{"line":67,"column":48}},"loc":{"start":{"line":67,"column":48},"end":{"line":67,"column":90}},"line":67}},"branchMap":{"0":{"loc":{"start":{"line":15,"column":6},"end":{"line":15,"column":null}},"type":"default-arg","locations":[{"start":{"line":15,"column":19},"end":{"line":15,"column":null}}],"line":15},"1":{"loc":{"start":{"line":16,"column":6},"end":{"line":16,"column":null}},"type":"default-arg","locations":[{"start":{"line":16,"column":22},"end":{"line":16,"column":null}}],"line":16},"2":{"loc":{"start":{"line":17,"column":6},"end":{"line":17,"column":null}},"type":"default-arg","locations":[{"start":{"line":17,"column":17},"end":{"line":17,"column":null}}],"line":17},"3":{"loc":{"start":{"line":18,"column":6},"end":{"line":18,"column":null}},"type":"default-arg","locations":[{"start":{"line":18,"column":13},"end":{"line":18,"column":null}}],"line":18},"4":{"loc":{"start":{"line":19,"column":6},"end":{"line":19,"column":null}},"type":"default-arg","locations":[{"start":{"line":19,"column":16},"end":{"line":19,"column":null}}],"line":19},"5":{"loc":{"start":{"line":27,"column":15},"end":{"line":27,"column":null}},"type":"cond-expr","locations":[{"start":{"line":27,"column":36},"end":{"line":27,"column":46}},{"start":{"line":27,"column":46},"end":{"line":27,"column":null}}],"line":27},"6":{"loc":{"start":{"line":42,"column":4},"end":{"line":46,"column":null}},"type":"if","locations":[{"start":{"line":42,"column":4},"end":{"line":46,"column":null}},{"start":{},"end":{}}],"line":42},"7":{"loc":{"start":{"line":48,"column":4},"end":{"line":55,"column":null}},"type":"if","locations":[{"start":{"line":48,"column":4},"end":{"line":55,"column":null}},{"start":{},"end":{}}],"line":48},"8":{"loc":{"start":{"line":57,"column":4},"end":{"line":63,"column":null}},"type":"if","locations":[{"start":{"line":57,"column":4},"end":{"line":63,"column":null}},{"start":{},"end":{}}],"line":57},"9":{"loc":{"start":{"line":65,"column":4},"end":{"line":70,"column":null}},"type":"if","locations":[{"start":{"line":65,"column":4},"end":{"line":70,"column":null}},{"start":{},"end":{}}],"line":65}},"s":{"0":4,"1":4,"2":4,"3":4,"4":4,"5":4,"6":4,"7":4,"8":4,"9":4,"10":4,"11":4,"12":1,"13":1,"14":1,"15":4,"16":1,"17":1,"18":2,"19":1,"20":1,"21":4,"22":1,"23":1,"24":1,"25":1,"26":4,"27":1,"28":1,"29":1,"30":1,"31":1,"32":4,"33":4,"34":4},"f":{"0":4,"1":4,"2":2,"3":1},"b":{"0":[4],"1":[4],"2":[4],"3":[4],"4":[4],"5":[1,3],"6":[1,3],"7":[1,3],"8":[1,3],"9":[1,3]},"meta":{"lastBranch":10,"lastFunction":4,"lastStatement":35,"seen":{"f:6:2:6:Infinity":0,"s:7:12:7:Infinity":0,"s:8:12:8:Infinity":1,"f:11:2:11:10":1,"s:21:8:21:Infinity":2,"b:15:19:15:Infinity":0,"b:16:22:16:Infinity":1,"b:17:17:17:Infinity":2,"b:18:13:18:Infinity":3,"b:19:16:19:Infinity":4,"s:23:24:29:Infinity":3,"b:27:36:27:46:27:46:27:Infinity":5,"s:31:10:31:Infinity":4,"s:33:31:33:Infinity":5,"s:35:4:35:Infinity":6,"s:36:4:36:Infinity":7,"s:38:4:38:Infinity":8,"s:39:4:39:Infinity":9,"s:40:4:40:Infinity":10,"b:42:4:46:Infinity:undefined:undefined:undefined:undefined":6,"s:42:4:46:Infinity":11,"s:43:6:43:Infinity":12,"s:44:6:44:Infinity":13,"s:45:6:45:Infinity":14,"b:48:4:55:Infinity:undefined:undefined:undefined:undefined":7,"s:48:4:55:Infinity":15,"s:49:6:49:Infinity":16,"s:50:32:52:Infinity":17,"f:50:50:50:Infinity":2,"s:51:8:51:Infinity":18,"s:53:6:53:Infinity":19,"s:54:6:54:Infinity":20,"b:57:4:63:Infinity:undefined:undefined:undefined:undefined":8,"s:57:4:63:Infinity":21,"s:58:6:58:Infinity":22,"s:59:6:62:Infinity":23,"s:60:8:60:Infinity":24,"s:61:8:61:Infinity":25,"b:65:4:70:Infinity:undefined:undefined:undefined:undefined":9,"s:65:4:70:Infinity":26,"s:66:6:66:Infinity":27,"s:67:26:67:Infinity":28,"f:67:38:67:48":3,"s:67:48:67:90":29,"s:68:6:68:Infinity":30,"s:69:6:69:Infinity":31,"s:72:24:72:Infinity":32,"s:74:20:74:Infinity":33,"s:76:4:80:Infinity":34}}}
,"/home/adrian-romanski/projects/demo/wiki/libs/wiki/application-generators/src/lib/generate-source-summary-use-case.ts": {"path":"/home/adrian-romanski/projects/demo/wiki/libs/wiki/application-generators/src/lib/generate-source-summary-use-case.ts","statementMap":{"0":{"start":{"line":7,"column":12},"end":{"line":7,"column":null}},"1":{"start":{"line":8,"column":12},"end":{"line":8,"column":null}},"2":{"start":{"line":26,"column":8},"end":{"line":26,"column":null}},"3":{"start":{"line":28,"column":24},"end":{"line":36,"column":null}},"4":{"start":{"line":38,"column":10},"end":{"line":38,"column":null}},"5":{"start":{"line":40,"column":31},"end":{"line":40,"column":null}},"6":{"start":{"line":42,"column":4},"end":{"line":42,"column":null}},"7":{"start":{"line":43,"column":4},"end":{"line":43,"column":null}},"8":{"start":{"line":45,"column":4},"end":{"line":45,"column":null}},"9":{"start":{"line":46,"column":31},"end":{"line":46,"column":null}},"10":{"start":{"line":47,"column":4},"end":{"line":47,"column":null}},"11":{"start":{"line":47,"column":16},"end":{"line":47,"column":null}},"12":{"start":{"line":48,"column":4},"end":{"line":48,"column":null}},"13":{"start":{"line":48,"column":14},"end":{"line":48,"column":null}},"14":{"start":{"line":49,"column":4},"end":{"line":49,"column":null}},"15":{"start":{"line":49,"column":13},"end":{"line":49,"column":null}},"16":{"start":{"line":50,"column":4},"end":{"line":50,"column":null}},"17":{"start":{"line":50,"column":20},"end":{"line":50,"column":null}},"18":{"start":{"line":51,"column":4},"end":{"line":51,"column":null}},"19":{"start":{"line":51,"column":23},"end":{"line":51,"column":null}},"20":{"start":{"line":52,"column":4},"end":{"line":52,"column":null}},"21":{"start":{"line":53,"column":4},"end":{"line":53,"column":null}},"22":{"start":{"line":55,"column":4},"end":{"line":55,"column":null}},"23":{"start":{"line":56,"column":4},"end":{"line":56,"column":null}},"24":{"start":{"line":57,"column":4},"end":{"line":57,"column":null}},"25":{"start":{"line":59,"column":4},"end":{"line":63,"column":null}},"26":{"start":{"line":60,"column":6},"end":{"line":60,"column":null}},"27":{"start":{"line":61,"column":6},"end":{"line":61,"column":null}},"28":{"start":{"line":62,"column":6},"end":{"line":62,"column":null}},"29":{"start":{"line":65,"column":4},"end":{"line":70,"column":null}},"30":{"start":{"line":66,"column":6},"end":{"line":66,"column":null}},"31":{"start":{"line":67,"column":26},"end":{"line":67,"column":null}},"32":{"start":{"line":67,"column":57},"end":{"line":67,"column":99}},"33":{"start":{"line":68,"column":6},"end":{"line":68,"column":null}},"34":{"start":{"line":69,"column":6},"end":{"line":69,"column":null}},"35":{"start":{"line":72,"column":4},"end":{"line":77,"column":null}},"36":{"start":{"line":73,"column":6},"end":{"line":73,"column":null}},"37":{"start":{"line":74,"column":27},"end":{"line":74,"column":null}},"38":{"start":{"line":74,"column":59},"end":{"line":74,"column":102}},"39":{"start":{"line":75,"column":6},"end":{"line":75,"column":null}},"40":{"start":{"line":76,"column":6},"end":{"line":76,"column":null}},"41":{"start":{"line":79,"column":4},"end":{"line":85,"column":null}},"42":{"start":{"line":80,"column":6},"end":{"line":80,"column":null}},"43":{"start":{"line":81,"column":6},"end":{"line":84,"column":null}},"44":{"start":{"line":82,"column":8},"end":{"line":82,"column":null}},"45":{"start":{"line":83,"column":8},"end":{"line":83,"column":null}},"46":{"start":{"line":87,"column":24},"end":{"line":87,"column":null}},"47":{"start":{"line":89,"column":20},"end":{"line":89,"column":null}},"48":{"start":{"line":91,"column":4},"end":{"line":95,"column":null}}},"fnMap":{"0":{"name":"constructor","decl":{"start":{"line":6,"column":2},"end":{"line":6,"column":null}},"loc":{"start":{"line":9,"column":4},"end":{"line":9,"column":null}},"line":9},"1":{"name":"execute","decl":{"start":{"line":11,"column":2},"end":{"line":11,"column":10}},"loc":{"start":{"line":11,"column":56},"end":{"line":96,"column":null}},"line":11},"2":{"name":"(anonymous_2)","decl":{"start":{"line":67,"column":47},"end":{"line":67,"column":57}},"loc":{"start":{"line":67,"column":57},"end":{"line":67,"column":99}},"line":67},"3":{"name":"(anonymous_3)","decl":{"start":{"line":74,"column":48},"end":{"line":74,"column":59}},"loc":{"start":{"line":74,"column":59},"end":{"line":74,"column":102}},"line":74}},"branchMap":{"0":{"loc":{"start":{"line":21,"column":6},"end":{"line":21,"column":null}},"type":"default-arg","locations":[{"start":{"line":21,"column":25},"end":{"line":21,"column":null}}],"line":21},"1":{"loc":{"start":{"line":22,"column":6},"end":{"line":22,"column":null}},"type":"default-arg","locations":[{"start":{"line":22,"column":25},"end":{"line":22,"column":null}}],"line":22},"2":{"loc":{"start":{"line":23,"column":6},"end":{"line":23,"column":null}},"type":"default-arg","locations":[{"start":{"line":23,"column":15},"end":{"line":23,"column":null}}],"line":23},"3":{"loc":{"start":{"line":24,"column":6},"end":{"line":24,"column":null}},"type":"default-arg","locations":[{"start":{"line":24,"column":13},"end":{"line":24,"column":null}}],"line":24},"4":{"loc":{"start":{"line":38,"column":55},"end":{"line":38,"column":88}},"type":"cond-expr","locations":[{"start":{"line":38,"column":62},"end":{"line":38,"column":79}},{"start":{"line":38,"column":79},"end":{"line":38,"column":88}}],"line":38},"5":{"loc":{"start":{"line":47,"column":4},"end":{"line":47,"column":null}},"type":"if","locations":[{"start":{"line":47,"column":4},"end":{"line":47,"column":null}},{"start":{},"end":{}}],"line":47},"6":{"loc":{"start":{"line":48,"column":4},"end":{"line":48,"column":null}},"type":"if","locations":[{"start":{"line":48,"column":4},"end":{"line":48,"column":null}},{"start":{},"end":{}}],"line":48},"7":{"loc":{"start":{"line":49,"column":4},"end":{"line":49,"column":null}},"type":"if","locations":[{"start":{"line":49,"column":4},"end":{"line":49,"column":null}},{"start":{},"end":{}}],"line":49},"8":{"loc":{"start":{"line":50,"column":4},"end":{"line":50,"column":null}},"type":"if","locations":[{"start":{"line":50,"column":4},"end":{"line":50,"column":null}},{"start":{},"end":{}}],"line":50},"9":{"loc":{"start":{"line":51,"column":4},"end":{"line":51,"column":null}},"type":"if","locations":[{"start":{"line":51,"column":4},"end":{"line":51,"column":null}},{"start":{},"end":{}}],"line":51},"10":{"loc":{"start":{"line":59,"column":4},"end":{"line":63,"column":null}},"type":"if","locations":[{"start":{"line":59,"column":4},"end":{"line":63,"column":null}},{"start":{},"end":{}}],"line":59},"11":{"loc":{"start":{"line":65,"column":4},"end":{"line":70,"column":null}},"type":"if","locations":[{"start":{"line":65,"column":4},"end":{"line":70,"column":null}},{"start":{},"end":{}}],"line":65},"12":{"loc":{"start":{"line":72,"column":4},"end":{"line":77,"column":null}},"type":"if","locations":[{"start":{"line":72,"column":4},"end":{"line":77,"column":null}},{"start":{},"end":{}}],"line":72},"13":{"loc":{"start":{"line":79,"column":4},"end":{"line":85,"column":null}},"type":"if","locations":[{"start":{"line":79,"column":4},"end":{"line":85,"column":null}},{"start":{},"end":{}}],"line":79}},"s":{"0":4,"1":4,"2":7,"3":7,"4":7,"5":7,"6":7,"7":7,"8":7,"9":7,"10":7,"11":1,"12":7,"13":2,"14":7,"15":1,"16":7,"17":5,"18":7,"19":1,"20":7,"21":7,"22":7,"23":7,"24":7,"25":7,"26":1,"27":1,"28":1,"29":7,"30":1,"31":1,"32":2,"33":1,"34":1,"35":7,"36":1,"37":1,"38":2,"39":1,"40":1,"41":7,"42":1,"43":1,"44":2,"45":2,"46":7,"47":7,"48":7},"f":{"0":4,"1":7,"2":2,"3":2},"b":{"0":[7],"1":[7],"2":[7],"3":[7],"4":[2,5],"5":[1,6],"6":[2,5],"7":[1,6],"8":[5,2],"9":[1,6],"10":[1,6],"11":[1,6],"12":[1,6],"13":[1,6]},"meta":{"lastBranch":14,"lastFunction":4,"lastStatement":49,"seen":{"f:6:2:6:Infinity":0,"s:7:12:7:Infinity":0,"s:8:12:8:Infinity":1,"f:11:2:11:10":1,"s:26:8:26:Infinity":2,"b:21:25:21:Infinity":0,"b:22:25:22:Infinity":1,"b:23:15:23:Infinity":2,"b:24:13:24:Infinity":3,"s:28:24:36:Infinity":3,"s:38:10:38:Infinity":4,"b:38:62:38:79:38:79:38:88":4,"s:40:31:40:Infinity":5,"s:42:4:42:Infinity":6,"s:43:4:43:Infinity":7,"s:45:4:45:Infinity":8,"s:46:31:46:Infinity":9,"b:47:4:47:Infinity:undefined:undefined:undefined:undefined":5,"s:47:4:47:Infinity":10,"s:47:16:47:Infinity":11,"b:48:4:48:Infinity:undefined:undefined:undefined:undefined":6,"s:48:4:48:Infinity":12,"s:48:14:48:Infinity":13,"b:49:4:49:Infinity:undefined:undefined:undefined:undefined":7,"s:49:4:49:Infinity":14,"s:49:13:49:Infinity":15,"b:50:4:50:Infinity:undefined:undefined:undefined:undefined":8,"s:50:4:50:Infinity":16,"s:50:20:50:Infinity":17,"b:51:4:51:Infinity:undefined:undefined:undefined:undefined":9,"s:51:4:51:Infinity":18,"s:51:23:51:Infinity":19,"s:52:4:52:Infinity":20,"s:53:4:53:Infinity":21,"s:55:4:55:Infinity":22,"s:56:4:56:Infinity":23,"s:57:4:57:Infinity":24,"b:59:4:63:Infinity:undefined:undefined:undefined:undefined":10,"s:59:4:63:Infinity":25,"s:60:6:60:Infinity":26,"s:61:6:61:Infinity":27,"s:62:6:62:Infinity":28,"b:65:4:70:Infinity:undefined:undefined:undefined:undefined":11,"s:65:4:70:Infinity":29,"s:66:6:66:Infinity":30,"s:67:26:67:Infinity":31,"f:67:47:67:57":2,"s:67:57:67:99":32,"s:68:6:68:Infinity":33,"s:69:6:69:Infinity":34,"b:72:4:77:Infinity:undefined:undefined:undefined:undefined":12,"s:72:4:77:Infinity":35,"s:73:6:73:Infinity":36,"s:74:27:74:Infinity":37,"f:74:48:74:59":3,"s:74:59:74:102":38,"s:75:6:75:Infinity":39,"s:76:6:76:Infinity":40,"b:79:4:85:Infinity:undefined:undefined:undefined:undefined":13,"s:79:4:85:Infinity":41,"s:80:6:80:Infinity":42,"s:81:6:84:Infinity":43,"s:82:8:82:Infinity":44,"s:83:8:83:Infinity":45,"s:87:24:87:Infinity":46,"s:89:20:89:Infinity":47,"s:91:4:95:Infinity":48}}}
}
