<?xml version="1.0" encoding="UTF-8"?>
<coverage generated="1781030908962" clover="3.2.0">
  <project timestamp="1781030908962" name="All files">
    <metrics statements="48" coveredstatements="47" conditionals="22" coveredconditionals="20" methods="13" coveredmethods="13" elements="83" coveredelements="80" complexity="0" loc="48" ncloc="48" packages="1" files="3" classes="3"/>
    <file name="detect-cross-references-use-case.ts" path="/home/adrian-romanski/projects/demo/wiki/libs/wiki/application-cross-reference/src/lib/detect-cross-references-use-case.ts">
      <metrics statements="29" coveredstatements="28" conditionals="20" coveredconditionals="18" methods="7" coveredmethods="7"/>
      <line num="12" count="2" type="stmt"/>
      <line num="20" count="16" type="stmt"/>
      <line num="22" count="16" type="stmt"/>
      <line num="23" count="16" type="stmt"/>
      <line num="25" count="24" type="stmt"/>
      <line num="26" count="16" type="stmt"/>
      <line num="28" count="16" type="stmt"/>
      <line num="29" count="23" type="stmt"/>
      <line num="30" count="23" type="cond" truecount="1" falsecount="1"/>
      <line num="33" count="23" type="stmt"/>
      <line num="34" count="30" type="stmt"/>
      <line num="35" count="30" type="stmt"/>
      <line num="36" count="30" type="stmt"/>
      <line num="38" count="30" type="cond" truecount="2" falsecount="0"/>
      <line num="39" count="2" type="stmt"/>
      <line num="42" count="28" type="stmt"/>
      <line num="43" count="17" type="cond" truecount="6" falsecount="0"/>
      <line num="48" count="28" type="cond" truecount="2" falsecount="0"/>
      <line num="49" count="3" type="stmt"/>
      <line num="52" count="25" type="stmt"/>
      <line num="54" count="25" type="stmt"/>
      <line num="63" count="16" type="stmt"/>
      <line num="67" count="30" type="stmt"/>
      <line num="68" count="30" type="cond" truecount="2" falsecount="0"/>
      <line num="69" count="26" type="stmt"/>
      <line num="72" count="4" type="stmt"/>
      <line num="73" count="4" type="cond" truecount="1" falsecount="1"/>
      <line num="74" count="0" type="stmt"/>
      <line num="77" count="4" type="cond" truecount="2" falsecount="0"/>
    </file>
    <file name="insert-cross-reference-links-use-case.ts" path="/home/adrian-romanski/projects/demo/wiki/libs/wiki/application-cross-reference/src/lib/insert-cross-reference-links-use-case.ts">
      <metrics statements="9" coveredstatements="9" conditionals="0" coveredconditionals="0" methods="3" coveredmethods="3"/>
      <line num="5" count="2" type="stmt"/>
      <line num="8" count="7" type="stmt"/>
      <line num="10" count="7" type="stmt"/>
      <line num="12" count="7" type="stmt"/>
      <line num="13" count="9" type="stmt"/>
      <line num="14" count="9" type="stmt"/>
      <line num="15" count="9" type="stmt"/>
      <line num="17" count="9" type="stmt"/>
      <line num="20" count="7" type="stmt"/>
    </file>
    <file name="validate-wiki-links-use-case.ts" path="/home/adrian-romanski/projects/demo/wiki/libs/wiki/application-cross-reference/src/lib/validate-wiki-links-use-case.ts">
      <metrics statements="10" coveredstatements="10" conditionals="2" coveredconditionals="2" methods="3" coveredmethods="3"/>
      <line num="5" count="8" type="stmt"/>
      <line num="8" count="8" type="stmt"/>
      <line num="9" count="10" type="stmt"/>
      <line num="11" count="8" type="stmt"/>
      <line num="12" count="8" type="stmt"/>
      <line num="14" count="8" type="stmt"/>
      <line num="15" count="10" type="cond" truecount="2" falsecount="0"/>
      <line num="16" count="9" type="stmt"/>
      <line num="18" count="1" type="stmt"/>
      <line num="22" count="8" type="stmt"/>
    </file>
  </project>
</coverage>
