{"/home/adrian-romanski/projects/demo/wiki/libs/wiki/application-cross-reference/src/lib/detect-cross-references-use-case.ts": {"path":"/home/adrian-romanski/projects/demo/wiki/libs/wiki/application-cross-reference/src/lib/detect-cross-references-use-case.ts","statementMap":{"0":{"start":{"line":12,"column":22},"end":{"line":12,"column":50}},"1":{"start":{"line":20,"column":8},"end":{"line":20,"column":null}},"2":{"start":{"line":22,"column":41},"end":{"line":22,"column":null}},"3":{"start":{"line":23,"column":65},"end":{"line":23,"column":null}},"4":{"start":{"line":25,"column":23},"end":{"line":25,"column":null}},"5":{"start":{"line":25,"column":52},"end":{"line":25,"column":80}},"6":{"start":{"line":26,"column":24},"end":{"line":26,"column":null}},"7":{"start":{"line":26,"column":55},"end":{"line":26,"column":74}},"8":{"start":{"line":28,"column":4},"end":{"line":61,"column":null}},"9":{"start":{"line":29,"column":27},"end":{"line":29,"column":null}},"10":{"start":{"line":30,"column":22},"end":{"line":30,"column":null}},"11":{"start":{"line":33,"column":6},"end":{"line":60,"column":null}},"12":{"start":{"line":34,"column":28},"end":{"line":34,"column":null}},"13":{"start":{"line":35,"column":25},"end":{"line":35,"column":null}},"14":{"start":{"line":36,"column":28},"end":{"line":36,"column":null}},"15":{"start":{"line":38,"column":8},"end":{"line":40,"column":null}},"16":{"start":{"line":39,"column":10},"end":{"line":39,"column":null}},"17":{"start":{"line":42,"column":25},"end":{"line":46,"column":null}},"18":{"start":{"line":43,"column":11},"end":{"line":45,"column":null}},"19":{"start":{"line":48,"column":8},"end":{"line":50,"column":null}},"20":{"start":{"line":49,"column":10},"end":{"line":49,"column":null}},"21":{"start":{"line":52,"column":8},"end":{"line":52,"column":null}},"22":{"start":{"line":54,"column":8},"end":{"line":59,"column":null}},"23":{"start":{"line":63,"column":4},"end":{"line":63,"column":null}},"24":{"start":{"line":63,"column":37},"end":{"line":63,"column":60}},"25":{"start":{"line":67,"column":24},"end":{"line":67,"column":null}},"26":{"start":{"line":68,"column":4},"end":{"line":70,"column":null}},"27":{"start":{"line":69,"column":6},"end":{"line":69,"column":null}},"28":{"start":{"line":72,"column":25},"end":{"line":72,"column":null}},"29":{"start":{"line":73,"column":4},"end":{"line":75,"column":null}},"30":{"start":{"line":74,"column":6},"end":{"line":74,"column":null}},"31":{"start":{"line":77,"column":4},"end":{"line":77,"column":null}}},"fnMap":{"0":{"name":"constructor","decl":{"start":{"line":12,"column":2},"end":{"line":12,"column":22}},"loc":{"start":{"line":12,"column":50},"end":{"line":12,"column":null}},"line":12},"1":{"name":"execute","decl":{"start":{"line":14,"column":2},"end":{"line":14,"column":10}},"loc":{"start":{"line":14,"column":67},"end":{"line":64,"column":null}},"line":14},"2":{"name":"(anonymous_2)","decl":{"start":{"line":25,"column":44},"end":{"line":25,"column":52}},"loc":{"start":{"line":25,"column":52},"end":{"line":25,"column":80}},"line":25},"3":{"name":"(anonymous_3)","decl":{"start":{"line":26,"column":45},"end":{"line":26,"column":46}},"loc":{"start":{"line":26,"column":55},"end":{"line":26,"column":74}},"line":26},"4":{"name":"(anonymous_4)","decl":{"start":{"line":42,"column":44},"end":{"line":42,"column":null}},"loc":{"start":{"line":43,"column":11},"end":{"line":45,"column":null}},"line":43},"5":{"name":"(anonymous_5)","decl":{"start":{"line":63,"column":27},"end":{"line":63,"column":28}},"loc":{"start":{"line":63,"column":37},"end":{"line":63,"column":60}},"line":63},"6":{"name":"isInsideWikiLink","decl":{"start":{"line":66,"column":10},"end":{"line":66,"column":27}},"loc":{"start":{"line":66,"column":71},"end":{"line":78,"column":null}},"line":66}},"branchMap":{"0":{"loc":{"start":{"line":18,"column":6},"end":{"line":18,"column":null}},"type":"default-arg","locations":[{"start":{"line":18,"column":24},"end":{"line":18,"column":null}}],"line":18},"1":{"loc":{"start":{"line":19,"column":6},"end":{"line":19,"column":null}},"type":"default-arg","locations":[{"start":{"line":19,"column":22},"end":{"line":19,"column":null}}],"line":19},"2":{"loc":{"start":{"line":30,"column":85},"end":{"line":30,"column":113}},"type":"cond-expr","locations":[{"start":{"line":30,"column":103},"end":{"line":30,"column":110}},{"start":{"line":30,"column":110},"end":{"line":30,"column":113}}],"line":30},"3":{"loc":{"start":{"line":38,"column":8},"end":{"line":40,"column":null}},"type":"if","locations":[{"start":{"line":38,"column":8},"end":{"line":40,"column":null}},{"start":{},"end":{}}],"line":38},"4":{"loc":{"start":{"line":43,"column":11},"end":{"line":45,"column":null}},"type":"binary-expr","locations":[{"start":{"line":43,"column":11},"end":{"line":43,"column":38}},{"start":{"line":43,"column":38},"end":{"line":43,"column":null}},{"start":{"line":44,"column":11},"end":{"line":44,"column":40}},{"start":{"line":44,"column":40},"end":{"line":44,"column":null}},{"start":{"line":45,"column":11},"end":{"line":45,"column":38}},{"start":{"line":45,"column":38},"end":{"line":45,"column":null}}],"line":43},"5":{"loc":{"start":{"line":48,"column":8},"end":{"line":50,"column":null}},"type":"if","locations":[{"start":{"line":48,"column":8},"end":{"line":50,"column":null}},{"start":{},"end":{}}],"line":48},"6":{"loc":{"start":{"line":68,"column":4},"end":{"line":70,"column":null}},"type":"if","locations":[{"start":{"line":68,"column":4},"end":{"line":70,"column":null}},{"start":{},"end":{}}],"line":68},"7":{"loc":{"start":{"line":73,"column":4},"end":{"line":75,"column":null}},"type":"if","locations":[{"start":{"line":73,"column":4},"end":{"line":75,"column":null}},{"start":{},"end":{}}],"line":73},"8":{"loc":{"start":{"line":77,"column":11},"end":{"line":77,"column":null}},"type":"binary-expr","locations":[{"start":{"line":77,"column":11},"end":{"line":77,"column":38}},{"start":{"line":77,"column":38},"end":{"line":77,"column":null}}],"line":77}},"s":{"0":2,"1":16,"2":16,"3":16,"4":16,"5":24,"6":16,"7":8,"8":16,"9":23,"10":23,"11":23,"12":30,"13":30,"14":30,"15":30,"16":2,"17":28,"18":17,"19":28,"20":3,"21":25,"22":25,"23":16,"24":12,"25":30,"26":30,"27":26,"28":4,"29":4,"30":0,"31":4},"f":{"0":2,"1":16,"2":24,"3":8,"4":17,"5":12,"6":30},"b":{"0":[16],"1":[16],"2":[23,0],"3":[2,28],"4":[17,9,14,6,14,8],"5":[3,25],"6":[26,4],"7":[0,4],"8":[4,4]},"meta":{"lastBranch":9,"lastFunction":7,"lastStatement":32,"seen":{"f:12:2:12:22":0,"s:12:22:12:50":0,"f:14:2:14:10":1,"s:20:8:20:Infinity":1,"b:18:24:18:Infinity":0,"b:19:22:19:Infinity":1,"s:22:41:22:Infinity":2,"s:23:65:23:Infinity":3,"s:25:23:25:Infinity":4,"f:25:44:25:52":2,"s:25:52:25:80":5,"s:26:24:26:Infinity":6,"f:26:45:26:46":3,"s:26:55:26:74":7,"s:28:4:61:Infinity":8,"s:29:27:29:Infinity":9,"s:30:22:30:Infinity":10,"b:30:103:30:110:30:110:30:113":2,"s:33:6:60:Infinity":11,"s:34:28:34:Infinity":12,"s:35:25:35:Infinity":13,"s:36:28:36:Infinity":14,"b:38:8:40:Infinity:undefined:undefined:undefined:undefined":3,"s:38:8:40:Infinity":15,"s:39:10:39:Infinity":16,"s:42:25:46:Infinity":17,"f:42:44:42:Infinity":4,"s:43:11:45:Infinity":18,"b:43:11:43:38:43:38:43:Infinity:44:11:44:40:44:40:44:Infinity:45:11:45:38:45:38:45:Infinity":4,"b:48:8:50:Infinity:undefined:undefined:undefined:undefined":5,"s:48:8:50:Infinity":19,"s:49:10:49:Infinity":20,"s:52:8:52:Infinity":21,"s:54:8:59:Infinity":22,"s:63:4:63:Infinity":23,"f:63:27:63:28":5,"s:63:37:63:60":24,"f:66:10:66:27":6,"s:67:24:67:Infinity":25,"b:68:4:70:Infinity:undefined:undefined:undefined:undefined":6,"s:68:4:70:Infinity":26,"s:69:6:69:Infinity":27,"s:72:25:72:Infinity":28,"b:73:4:75:Infinity:undefined:undefined:undefined:undefined":7,"s:73:4:75:Infinity":29,"s:74:6:74:Infinity":30,"s:77:4:77:Infinity":31,"b:77:11:77:38:77:38:77:Infinity":8}}}
,"/home/adrian-romanski/projects/demo/wiki/libs/wiki/application-cross-reference/src/lib/insert-cross-reference-links-use-case.ts": {"path":"/home/adrian-romanski/projects/demo/wiki/libs/wiki/application-cross-reference/src/lib/insert-cross-reference-links-use-case.ts","statementMap":{"0":{"start":{"line":5,"column":22},"end":{"line":5,"column":50}},"1":{"start":{"line":8,"column":23},"end":{"line":8,"column":null}},"2":{"start":{"line":8,"column":54},"end":{"line":8,"column":77}},"3":{"start":{"line":10,"column":17},"end":{"line":10,"column":null}},"4":{"start":{"line":12,"column":4},"end":{"line":18,"column":null}},"5":{"start":{"line":13,"column":21},"end":{"line":13,"column":null}},"6":{"start":{"line":14,"column":20},"end":{"line":14,"column":null}},"7":{"start":{"line":15,"column":19},"end":{"line":15,"column":null}},"8":{"start":{"line":17,"column":6},"end":{"line":17,"column":null}},"9":{"start":{"line":20,"column":4},"end":{"line":20,"column":null}}},"fnMap":{"0":{"name":"constructor","decl":{"start":{"line":5,"column":2},"end":{"line":5,"column":22}},"loc":{"start":{"line":5,"column":50},"end":{"line":5,"column":null}},"line":5},"1":{"name":"execute","decl":{"start":{"line":7,"column":2},"end":{"line":7,"column":10}},"loc":{"start":{"line":7,"column":65},"end":{"line":21,"column":null}},"line":7},"2":{"name":"(anonymous_2)","decl":{"start":{"line":8,"column":44},"end":{"line":8,"column":45}},"loc":{"start":{"line":8,"column":54},"end":{"line":8,"column":77}},"line":8}},"branchMap":{},"s":{"0":2,"1":7,"2":3,"3":7,"4":7,"5":9,"6":9,"7":9,"8":9,"9":7},"f":{"0":2,"1":7,"2":3},"b":{},"meta":{"lastBranch":0,"lastFunction":3,"lastStatement":10,"seen":{"f:5:2:5:22":0,"s:5:22:5:50":0,"f:7:2:7:10":1,"s:8:23:8:Infinity":1,"f:8:44:8:45":2,"s:8:54:8:77":2,"s:10:17:10:Infinity":3,"s:12:4:18:Infinity":4,"s:13:21:13:Infinity":5,"s:14:20:14:Infinity":6,"s:15:19:15:Infinity":7,"s:17:6:17:Infinity":8,"s:20:4:20:Infinity":9}}}
,"/home/adrian-romanski/projects/demo/wiki/libs/wiki/application-cross-reference/src/lib/validate-wiki-links-use-case.ts": {"path":"/home/adrian-romanski/projects/demo/wiki/libs/wiki/application-cross-reference/src/lib/validate-wiki-links-use-case.ts","statementMap":{"0":{"start":{"line":5,"column":22},"end":{"line":5,"column":50}},"1":{"start":{"line":8,"column":18},"end":{"line":8,"column":null}},"2":{"start":{"line":9,"column":24},"end":{"line":9,"column":null}},"3":{"start":{"line":9,"column":55},"end":{"line":9,"column":70}},"4":{"start":{"line":11,"column":33},"end":{"line":11,"column":null}},"5":{"start":{"line":12,"column":34},"end":{"line":12,"column":null}},"6":{"start":{"line":14,"column":4},"end":{"line":20,"column":null}},"7":{"start":{"line":15,"column":6},"end":{"line":19,"column":null}},"8":{"start":{"line":16,"column":8},"end":{"line":16,"column":null}},"9":{"start":{"line":18,"column":8},"end":{"line":18,"column":null}},"10":{"start":{"line":22,"column":4},"end":{"line":26,"column":null}}},"fnMap":{"0":{"name":"constructor","decl":{"start":{"line":5,"column":2},"end":{"line":5,"column":22}},"loc":{"start":{"line":5,"column":50},"end":{"line":5,"column":null}},"line":5},"1":{"name":"execute","decl":{"start":{"line":7,"column":2},"end":{"line":7,"column":10}},"loc":{"start":{"line":7,"column":74},"end":{"line":27,"column":null}},"line":7},"2":{"name":"(anonymous_2)","decl":{"start":{"line":9,"column":50},"end":{"line":9,"column":55}},"loc":{"start":{"line":9,"column":55},"end":{"line":9,"column":70}},"line":9}},"branchMap":{"0":{"loc":{"start":{"line":15,"column":6},"end":{"line":19,"column":null}},"type":"if","locations":[{"start":{"line":15,"column":6},"end":{"line":19,"column":null}},{"start":{"line":17,"column":13},"end":{"line":19,"column":null}}],"line":15}},"s":{"0":8,"1":8,"2":8,"3":10,"4":8,"5":8,"6":8,"7":10,"8":9,"9":1,"10":8},"f":{"0":8,"1":8,"2":10},"b":{"0":[9,1]},"meta":{"lastBranch":1,"lastFunction":3,"lastStatement":11,"seen":{"f:5:2:5:22":0,"s:5:22:5:50":0,"f:7:2:7:10":1,"s:8:18:8:Infinity":1,"s:9:24:9:Infinity":2,"f:9:50:9:55":2,"s:9:55:9:70":3,"s:11:33:11:Infinity":4,"s:12:34:12:Infinity":5,"s:14:4:20:Infinity":6,"b:15:6:19:Infinity:17:13:19:Infinity":0,"s:15:6:19:Infinity":7,"s:16:8:16:Infinity":8,"s:18:8:18:Infinity":9,"s:22:4:26:Infinity":10}}}
}
