{"/home/adrian-romanski/projects/demo/wiki/libs/wiki/infrastructure-markdown/src/lib/markdown-adapter.ts": {"path":"/home/adrian-romanski/projects/demo/wiki/libs/wiki/infrastructure-markdown/src/lib/markdown-adapter.ts","statementMap":{"0":{"start":{"line":6,"column":18},"end":{"line":6,"column":null}},"1":{"start":{"line":7,"column":32},"end":{"line":7,"column":null}},"2":{"start":{"line":8,"column":64},"end":{"line":8,"column":null}},"3":{"start":{"line":10,"column":35},"end":{"line":10,"column":null}},"4":{"start":{"line":12,"column":4},"end":{"line":45,"column":null}},"5":{"start":{"line":13,"column":27},"end":{"line":13,"column":null}},"6":{"start":{"line":15,"column":6},"end":{"line":44,"column":null}},"7":{"start":{"line":16,"column":8},"end":{"line":19,"column":null}},"8":{"start":{"line":17,"column":10},"end":{"line":17,"column":null}},"9":{"start":{"line":18,"column":10},"end":{"line":18,"column":null}},"10":{"start":{"line":21,"column":22},"end":{"line":21,"column":null}},"11":{"start":{"line":22,"column":24},"end":{"line":22,"column":null}},"12":{"start":{"line":24,"column":36},"end":{"line":29,"column":null}},"13":{"start":{"line":31,"column":8},"end":{"line":33,"column":null}},"14":{"start":{"line":32,"column":10},"end":{"line":32,"column":null}},"15":{"start":{"line":35,"column":8},"end":{"line":39,"column":null}},"16":{"start":{"line":36,"column":10},"end":{"line":36,"column":null}},"17":{"start":{"line":38,"column":10},"end":{"line":38,"column":null}},"18":{"start":{"line":41,"column":8},"end":{"line":41,"column":null}},"19":{"start":{"line":43,"column":8},"end":{"line":43,"column":null}},"20":{"start":{"line":47,"column":4},"end":{"line":49,"column":null}},"21":{"start":{"line":48,"column":6},"end":{"line":48,"column":null}},"22":{"start":{"line":51,"column":4},"end":{"line":51,"column":null}},"23":{"start":{"line":55,"column":26},"end":{"line":55,"column":null}},"24":{"start":{"line":56,"column":31},"end":{"line":56,"column":null}},"25":{"start":{"line":59,"column":4},"end":{"line":62,"column":null}},"26":{"start":{"line":60,"column":25},"end":{"line":60,"column":null}},"27":{"start":{"line":61,"column":6},"end":{"line":61,"column":null}},"28":{"start":{"line":64,"column":4},"end":{"line":64,"column":null}},"29":{"start":{"line":72,"column":15},"end":{"line":72,"column":null}},"30":{"start":{"line":74,"column":4},"end":{"line":76,"column":null}},"31":{"start":{"line":75,"column":6},"end":{"line":75,"column":null}},"32":{"start":{"line":78,"column":4},"end":{"line":80,"column":null}},"33":{"start":{"line":79,"column":6},"end":{"line":79,"column":null}},"34":{"start":{"line":82,"column":4},"end":{"line":82,"column":null}},"35":{"start":{"line":84,"column":4},"end":{"line":84,"column":null}},"36":{"start":{"line":88,"column":25},"end":{"line":88,"column":null}},"37":{"start":{"line":89,"column":4},"end":{"line":89,"column":null}},"38":{"start":{"line":97,"column":24},"end":{"line":97,"column":null}},"39":{"start":{"line":99,"column":4},"end":{"line":104,"column":null}},"40":{"start":{"line":101,"column":23},"end":{"line":101,"column":null}},"41":{"start":{"line":102,"column":8},"end":{"line":102,"column":null}},"42":{"start":{"line":108,"column":17},"end":{"line":108,"column":null}},"43":{"start":{"line":109,"column":4},"end":{"line":109,"column":null}},"44":{"start":{"line":113,"column":4},"end":{"line":116,"column":null}},"45":{"start":{"line":115,"column":19},"end":{"line":115,"column":30}},"46":{"start":{"line":120,"column":22},"end":{"line":120,"column":null}},"47":{"start":{"line":121,"column":25},"end":{"line":121,"column":null}},"48":{"start":{"line":121,"column":47},"end":{"line":121,"column":55}},"49":{"start":{"line":122,"column":21},"end":{"line":122,"column":null}},"50":{"start":{"line":122,"column":37},"end":{"line":122,"column":61}},"51":{"start":{"line":124,"column":4},"end":{"line":124,"column":null}},"52":{"start":{"line":128,"column":29},"end":{"line":128,"column":null}},"53":{"start":{"line":129,"column":18},"end":{"line":129,"column":null}},"54":{"start":{"line":131,"column":4},"end":{"line":149,"column":null}},"55":{"start":{"line":131,"column":17},"end":{"line":131,"column":20}},"56":{"start":{"line":132,"column":19},"end":{"line":132,"column":null}},"57":{"start":{"line":133,"column":22},"end":{"line":133,"column":null}},"58":{"start":{"line":135,"column":27},"end":{"line":135,"column":null}},"59":{"start":{"line":136,"column":6},"end":{"line":138,"column":null}},"60":{"start":{"line":137,"column":8},"end":{"line":137,"column":null}},"61":{"start":{"line":140,"column":27},"end":{"line":140,"column":null}},"62":{"start":{"line":141,"column":6},"end":{"line":143,"column":null}},"63":{"start":{"line":142,"column":8},"end":{"line":142,"column":null}},"64":{"start":{"line":145,"column":31},"end":{"line":145,"column":null}},"65":{"start":{"line":146,"column":6},"end":{"line":148,"column":null}},"66":{"start":{"line":147,"column":8},"end":{"line":147,"column":null}},"67":{"start":{"line":151,"column":10},"end":{"line":151,"column":null}},"68":{"start":{"line":152,"column":4},"end":{"line":154,"column":null}},"69":{"start":{"line":153,"column":6},"end":{"line":153,"column":null}},"70":{"start":{"line":156,"column":4},"end":{"line":159,"column":null}},"71":{"start":{"line":163,"column":25},"end":{"line":163,"column":null}},"72":{"start":{"line":164,"column":4},"end":{"line":164,"column":null}},"73":{"start":{"line":168,"column":28},"end":{"line":168,"column":null}},"74":{"start":{"line":170,"column":28},"end":{"line":184,"column":null}},"75":{"start":{"line":171,"column":6},"end":{"line":183,"column":null}},"76":{"start":{"line":172,"column":8},"end":{"line":172,"column":null}},"77":{"start":{"line":174,"column":8},"end":{"line":177,"column":null}},"78":{"start":{"line":175,"column":10},"end":{"line":175,"column":null}},"79":{"start":{"line":176,"column":10},"end":{"line":176,"column":null}},"80":{"start":{"line":179,"column":8},"end":{"line":182,"column":null}},"81":{"start":{"line":180,"column":10},"end":{"line":180,"column":null}},"82":{"start":{"line":181,"column":10},"end":{"line":181,"column":null}},"83":{"start":{"line":186,"column":4},"end":{"line":186,"column":null}},"84":{"start":{"line":188,"column":4},"end":{"line":188,"column":null}}},"fnMap":{"0":{"name":"parseMarkdownSections","decl":{"start":{"line":5,"column":2},"end":{"line":5,"column":24}},"loc":{"start":{"line":5,"column":52},"end":{"line":52,"column":null}},"line":5},"1":{"name":"extractWikiLinks","decl":{"start":{"line":54,"column":2},"end":{"line":54,"column":19}},"loc":{"start":{"line":54,"column":46},"end":{"line":65,"column":null}},"line":54},"2":{"name":"generateWikiLink","decl":{"start":{"line":67,"column":2},"end":{"line":67,"column":null}},"loc":{"start":{"line":71,"column":12},"end":{"line":85,"column":null}},"line":71},"3":{"name":"generateHeading","decl":{"start":{"line":87,"column":2},"end":{"line":87,"column":18}},"loc":{"start":{"line":87,"column":55},"end":{"line":90,"column":null}},"line":87},"4":{"name":"generateList","decl":{"start":{"line":92,"column":2},"end":{"line":92,"column":null}},"loc":{"start":{"line":96,"column":12},"end":{"line":105,"column":null}},"line":96},"5":{"name":"(anonymous_5)","decl":{"start":{"line":100,"column":11},"end":{"line":100,"column":12}},"loc":{"start":{"line":100,"column":28},"end":{"line":103,"column":7}},"line":100},"6":{"name":"generateCodeBlock","decl":{"start":{"line":107,"column":2},"end":{"line":107,"column":20}},"loc":{"start":{"line":107,"column":61},"end":{"line":110,"column":null}},"line":107},"7":{"name":"generateBlockquote","decl":{"start":{"line":112,"column":2},"end":{"line":112,"column":21}},"loc":{"start":{"line":112,"column":43},"end":{"line":117,"column":null}},"line":112},"8":{"name":"(anonymous_8)","decl":{"start":{"line":115,"column":11},"end":{"line":115,"column":19}},"loc":{"start":{"line":115,"column":19},"end":{"line":115,"column":30}},"line":115},"9":{"name":"generateTable","decl":{"start":{"line":119,"column":2},"end":{"line":119,"column":16}},"loc":{"start":{"line":119,"column":61},"end":{"line":125,"column":null}},"line":119},"10":{"name":"(anonymous_10)","decl":{"start":{"line":121,"column":41},"end":{"line":121,"column":47}},"loc":{"start":{"line":121,"column":47},"end":{"line":121,"column":55}},"line":121},"11":{"name":"(anonymous_11)","decl":{"start":{"line":122,"column":30},"end":{"line":122,"column":37}},"loc":{"start":{"line":122,"column":37},"end":{"line":122,"column":61}},"line":122},"12":{"name":"validateMarkdownSyntax","decl":{"start":{"line":127,"column":2},"end":{"line":127,"column":25}},"loc":{"start":{"line":127,"column":60},"end":{"line":160,"column":null}},"line":127},"13":{"name":"escapeMarkdown","decl":{"start":{"line":162,"column":2},"end":{"line":162,"column":17}},"loc":{"start":{"line":162,"column":39},"end":{"line":165,"column":null}},"line":162},"14":{"name":"sectionsToMarkdown","decl":{"start":{"line":167,"column":2},"end":{"line":167,"column":21}},"loc":{"start":{"line":167,"column":50},"end":{"line":189,"column":null}},"line":167},"15":{"name":"(anonymous_15)","decl":{"start":{"line":170,"column":28},"end":{"line":170,"column":29}},"loc":{"start":{"line":170,"column":49},"end":{"line":184,"column":null}},"line":170}},"branchMap":{"0":{"loc":{"start":{"line":15,"column":6},"end":{"line":44,"column":null}},"type":"if","locations":[{"start":{"line":15,"column":6},"end":{"line":44,"column":null}},{"start":{"line":42,"column":13},"end":{"line":44,"column":null}}],"line":15},"1":{"loc":{"start":{"line":16,"column":8},"end":{"line":19,"column":null}},"type":"if","locations":[{"start":{"line":16,"column":8},"end":{"line":19,"column":null}},{"start":{},"end":{}}],"line":16},"2":{"loc":{"start":{"line":31,"column":15},"end":{"line":31,"column":96}},"type":"binary-expr","locations":[{"start":{"line":31,"column":15},"end":{"line":31,"column":42}},{"start":{"line":31,"column":42},"end":{"line":31,"column":96}}],"line":31},"3":{"loc":{"start":{"line":35,"column":8},"end":{"line":39,"column":null}},"type":"if","locations":[{"start":{"line":35,"column":8},"end":{"line":39,"column":null}},{"start":{"line":37,"column":15},"end":{"line":39,"column":null}}],"line":35},"4":{"loc":{"start":{"line":47,"column":4},"end":{"line":49,"column":null}},"type":"if","locations":[{"start":{"line":47,"column":4},"end":{"line":49,"column":null}},{"start":{},"end":{}}],"line":47},"5":{"loc":{"start":{"line":74,"column":4},"end":{"line":76,"column":null}},"type":"if","locations":[{"start":{"line":74,"column":4},"end":{"line":76,"column":null}},{"start":{},"end":{}}],"line":74},"6":{"loc":{"start":{"line":78,"column":4},"end":{"line":80,"column":null}},"type":"if","locations":[{"start":{"line":78,"column":4},"end":{"line":80,"column":null}},{"start":{},"end":{}}],"line":78},"7":{"loc":{"start":{"line":94,"column":4},"end":{"line":94,"column":null}},"type":"default-arg","locations":[{"start":{"line":94,"column":14},"end":{"line":94,"column":null}}],"line":94},"8":{"loc":{"start":{"line":95,"column":4},"end":{"line":95,"column":null}},"type":"default-arg","locations":[{"start":{"line":95,"column":13},"end":{"line":95,"column":null}}],"line":95},"9":{"loc":{"start":{"line":101,"column":23},"end":{"line":101,"column":null}},"type":"cond-expr","locations":[{"start":{"line":101,"column":33},"end":{"line":101,"column":51}},{"start":{"line":101,"column":51},"end":{"line":101,"column":null}}],"line":101},"10":{"loc":{"start":{"line":108,"column":17},"end":{"line":108,"column":null}},"type":"binary-expr","locations":[{"start":{"line":108,"column":17},"end":{"line":108,"column":29}},{"start":{"line":108,"column":29},"end":{"line":108,"column":null}}],"line":108},"11":{"loc":{"start":{"line":136,"column":6},"end":{"line":138,"column":null}},"type":"if","locations":[{"start":{"line":136,"column":6},"end":{"line":138,"column":null}},{"start":{},"end":{}}],"line":136},"12":{"loc":{"start":{"line":141,"column":6},"end":{"line":143,"column":null}},"type":"if","locations":[{"start":{"line":141,"column":6},"end":{"line":143,"column":null}},{"start":{},"end":{}}],"line":141},"13":{"loc":{"start":{"line":146,"column":6},"end":{"line":148,"column":null}},"type":"if","locations":[{"start":{"line":146,"column":6},"end":{"line":148,"column":null}},{"start":{},"end":{}}],"line":146},"14":{"loc":{"start":{"line":146,"column":10},"end":{"line":146,"column":59}},"type":"binary-expr","locations":[{"start":{"line":146,"column":10},"end":{"line":146,"column":30}},{"start":{"line":146,"column":30},"end":{"line":146,"column":59}}],"line":146},"15":{"loc":{"start":{"line":151,"column":28},"end":{"line":151,"column":57}},"type":"binary-expr","locations":[{"start":{"line":151,"column":28},"end":{"line":151,"column":53}},{"start":{"line":151,"column":53},"end":{"line":151,"column":57}}],"line":151},"16":{"loc":{"start":{"line":152,"column":4},"end":{"line":154,"column":null}},"type":"if","locations":[{"start":{"line":152,"column":4},"end":{"line":154,"column":null}},{"start":{},"end":{}}],"line":152},"17":{"loc":{"start":{"line":158,"column":13},"end":{"line":158,"column":null}},"type":"cond-expr","locations":[{"start":{"line":158,"column":33},"end":{"line":158,"column":53}},{"start":{"line":158,"column":53},"end":{"line":158,"column":null}}],"line":158},"18":{"loc":{"start":{"line":174,"column":8},"end":{"line":177,"column":null}},"type":"if","locations":[{"start":{"line":174,"column":8},"end":{"line":177,"column":null}},{"start":{},"end":{}}],"line":174},"19":{"loc":{"start":{"line":179,"column":8},"end":{"line":182,"column":null}},"type":"if","locations":[{"start":{"line":179,"column":8},"end":{"line":182,"column":null}},{"start":{},"end":{}}],"line":179}},"s":{"0":18,"1":18,"2":18,"3":18,"4":18,"5":122,"6":122,"7":40,"8":26,"9":26,"10":40,"11":40,"12":40,"13":40,"14":20,"15":40,"16":16,"17":24,"18":40,"19":82,"20":18,"21":14,"22":18,"23":16,"24":16,"25":16,"26":26,"27":26,"28":16,"29":8,"30":8,"31":4,"32":8,"33":4,"34":8,"35":8,"36":32,"37":32,"38":8,"39":8,"40":16,"41":16,"42":6,"43":6,"44":4,"45":8,"46":6,"47":6,"48":10,"49":6,"50":6,"51":6,"52":12,"53":12,"54":12,"55":12,"56":32,"57":32,"58":32,"59":32,"60":2,"61":32,"62":32,"63":2,"64":32,"65":32,"66":2,"67":12,"68":12,"69":2,"70":12,"71":12,"72":12,"73":10,"74":10,"75":14,"76":14,"77":14,"78":12,"79":12,"80":14,"81":4,"82":4,"83":10,"84":10},"f":{"0":18,"1":16,"2":8,"3":32,"4":8,"5":16,"6":6,"7":4,"8":8,"9":6,"10":10,"11":6,"12":12,"13":12,"14":10,"15":14},"b":{"0":[40,82],"1":[26,14],"2":[40,36],"3":[16,24],"4":[14,4],"5":[4,4],"6":[4,4],"7":[8],"8":[8],"9":[6,10],"10":[6,2],"11":[2,30],"12":[2,30],"13":[2,30],"14":[32,8],"15":[12,6],"16":[2,10],"17":[8,4],"18":[12,2],"19":[4,10]},"meta":{"lastBranch":20,"lastFunction":16,"lastStatement":85,"seen":{"f:5:2:5:24":0,"s:6:18:6:Infinity":0,"s:7:32:7:Infinity":1,"s:8:64:8:Infinity":2,"s:10:35:10:Infinity":3,"s:12:4:45:Infinity":4,"s:13:27:13:Infinity":5,"b:15:6:44:Infinity:42:13:44:Infinity":0,"s:15:6:44:Infinity":6,"b:16:8:19:Infinity:undefined:undefined:undefined:undefined":1,"s:16:8:19:Infinity":7,"s:17:10:17:Infinity":8,"s:18:10:18:Infinity":9,"s:21:22:21:Infinity":10,"s:22:24:22:Infinity":11,"s:24:36:29:Infinity":12,"s:31:8:33:Infinity":13,"b:31:15:31:42:31:42:31:96":2,"s:32:10:32:Infinity":14,"b:35:8:39:Infinity:37:15:39:Infinity":3,"s:35:8:39:Infinity":15,"s:36:10:36:Infinity":16,"s:38:10:38:Infinity":17,"s:41:8:41:Infinity":18,"s:43:8:43:Infinity":19,"b:47:4:49:Infinity:undefined:undefined:undefined:undefined":4,"s:47:4:49:Infinity":20,"s:48:6:48:Infinity":21,"s:51:4:51:Infinity":22,"f:54:2:54:19":1,"s:55:26:55:Infinity":23,"s:56:31:56:Infinity":24,"s:59:4:62:Infinity":25,"s:60:25:60:Infinity":26,"s:61:6:61:Infinity":27,"s:64:4:64:Infinity":28,"f:67:2:67:Infinity":2,"s:72:15:72:Infinity":29,"b:74:4:76:Infinity:undefined:undefined:undefined:undefined":5,"s:74:4:76:Infinity":30,"s:75:6:75:Infinity":31,"b:78:4:80:Infinity:undefined:undefined:undefined:undefined":6,"s:78:4:80:Infinity":32,"s:79:6:79:Infinity":33,"s:82:4:82:Infinity":34,"s:84:4:84:Infinity":35,"f:87:2:87:18":3,"s:88:25:88:Infinity":36,"s:89:4:89:Infinity":37,"f:92:2:92:Infinity":4,"b:94:14:94:Infinity":7,"b:95:13:95:Infinity":8,"s:97:24:97:Infinity":38,"s:99:4:104:Infinity":39,"f:100:11:100:12":5,"s:101:23:101:Infinity":40,"b:101:33:101:51:101:51:101:Infinity":9,"s:102:8:102:Infinity":41,"f:107:2:107:20":6,"s:108:17:108:Infinity":42,"b:108:17:108:29:108:29:108:Infinity":10,"s:109:4:109:Infinity":43,"f:112:2:112:21":7,"s:113:4:116:Infinity":44,"f:115:11:115:19":8,"s:115:19:115:30":45,"f:119:2:119:16":9,"s:120:22:120:Infinity":46,"s:121:25:121:Infinity":47,"f:121:41:121:47":10,"s:121:47:121:55":48,"s:122:21:122:Infinity":49,"f:122:30:122:37":11,"s:122:37:122:61":50,"s:124:4:124:Infinity":51,"f:127:2:127:25":12,"s:128:29:128:Infinity":52,"s:129:18:129:Infinity":53,"s:131:4:149:Infinity":54,"s:131:17:131:20":55,"s:132:19:132:Infinity":56,"s:133:22:133:Infinity":57,"s:135:27:135:Infinity":58,"b:136:6:138:Infinity:undefined:undefined:undefined:undefined":11,"s:136:6:138:Infinity":59,"s:137:8:137:Infinity":60,"s:140:27:140:Infinity":61,"b:141:6:143:Infinity:undefined:undefined:undefined:undefined":12,"s:141:6:143:Infinity":62,"s:142:8:142:Infinity":63,"s:145:31:145:Infinity":64,"b:146:6:148:Infinity:undefined:undefined:undefined:undefined":13,"s:146:6:148:Infinity":65,"b:146:10:146:30:146:30:146:59":14,"s:147:8:147:Infinity":66,"s:151:10:151:Infinity":67,"b:151:28:151:53:151:53:151:57":15,"b:152:4:154:Infinity:undefined:undefined:undefined:undefined":16,"s:152:4:154:Infinity":68,"s:153:6:153:Infinity":69,"s:156:4:159:Infinity":70,"b:158:33:158:53:158:53:158:Infinity":17,"f:162:2:162:17":13,"s:163:25:163:Infinity":71,"s:164:4:164:Infinity":72,"f:167:2:167:21":14,"s:168:28:168:Infinity":73,"s:170:28:184:Infinity":74,"f:170:28:170:29":15,"s:171:6:183:Infinity":75,"s:172:8:172:Infinity":76,"b:174:8:177:Infinity:undefined:undefined:undefined:undefined":18,"s:174:8:177:Infinity":77,"s:175:10:175:Infinity":78,"s:176:10:176:Infinity":79,"b:179:8:182:Infinity:undefined:undefined:undefined:undefined":19,"s:179:8:182:Infinity":80,"s:180:10:180:Infinity":81,"s:181:10:181:Infinity":82,"s:186:4:186:Infinity":83,"s:188:4:188:Infinity":84}}}
}
