{"/home/adrian-romanski/projects/demo/wiki/libs/wiki/domain-naming/src/lib/naming-convention-error.ts": {"path":"/home/adrian-romanski/projects/demo/wiki/libs/wiki/domain-naming/src/lib/naming-convention-error.ts","statementMap":{"0":{"start":{"line":8,"column":4},"end":{"line":8,"column":null}},"1":{"start":{"line":4,"column":11},"end":{"line":4,"column":null}},"2":{"start":{"line":5,"column":11},"end":{"line":5,"column":null}},"3":{"start":{"line":6,"column":11},"end":{"line":6,"column":null}},"4":{"start":{"line":9,"column":4},"end":{"line":9,"column":null}}},"fnMap":{"0":{"name":"constructor","decl":{"start":{"line":2,"column":2},"end":{"line":2,"column":null}},"loc":{"start":{"line":7,"column":4},"end":{"line":10,"column":null}},"line":7}},"branchMap":{},"s":{"0":4,"1":4,"2":4,"3":4,"4":4},"f":{"0":4},"b":{},"meta":{"lastBranch":0,"lastFunction":1,"lastStatement":5,"seen":{"f:2:2:2:Infinity":0,"s:8:4:8:Infinity":0,"s:4:11:4:Infinity":1,"s:5:11:5:Infinity":2,"s:6:11:6:Infinity":3,"s:9:4:9:Infinity":4}}}
,"/home/adrian-romanski/projects/demo/wiki/libs/wiki/domain-naming/src/lib/naming-validators.ts": {"path":"/home/adrian-romanski/projects/demo/wiki/libs/wiki/domain-naming/src/lib/naming-validators.ts","statementMap":{"0":{"start":{"line":5,"column":27},"end":{"line":5,"column":null}},"1":{"start":{"line":6,"column":2},"end":{"line":6,"column":null}},"2":{"start":{"line":11,"column":22},"end":{"line":11,"column":null}},"3":{"start":{"line":13,"column":2},"end":{"line":15,"column":null}},"4":{"start":{"line":14,"column":4},"end":{"line":14,"column":null}},"5":{"start":{"line":17,"column":15},"end":{"line":17,"column":null}},"6":{"start":{"line":18,"column":2},"end":{"line":18,"column":null}},"7":{"start":{"line":22,"column":2},"end":{"line":26,"column":null}},"8":{"start":{"line":30,"column":26},"end":{"line":30,"column":null}},"9":{"start":{"line":32,"column":25},"end":{"line":34,"column":null}},"10":{"start":{"line":36,"column":2},"end":{"line":41,"column":null}},"11":{"start":{"line":37,"column":4},"end":{"line":40,"column":null}},"12":{"start":{"line":43,"column":21},"end":{"line":43,"column":null}},"13":{"start":{"line":45,"column":2},"end":{"line":50,"column":null}},"14":{"start":{"line":54,"column":26},"end":{"line":54,"column":null}},"15":{"start":{"line":56,"column":25},"end":{"line":58,"column":null}},"16":{"start":{"line":60,"column":2},"end":{"line":65,"column":null}},"17":{"start":{"line":61,"column":4},"end":{"line":64,"column":null}},"18":{"start":{"line":67,"column":21},"end":{"line":67,"column":null}},"19":{"start":{"line":69,"column":2},"end":{"line":74,"column":null}},"20":{"start":{"line":78,"column":26},"end":{"line":78,"column":null}},"21":{"start":{"line":80,"column":25},"end":{"line":82,"column":null}},"22":{"start":{"line":84,"column":2},"end":{"line":91,"column":null}},"23":{"start":{"line":85,"column":4},"end":{"line":90,"column":null}},"24":{"start":{"line":93,"column":24},"end":{"line":93,"column":null}},"25":{"start":{"line":94,"column":20},"end":{"line":94,"column":null}},"26":{"start":{"line":96,"column":2},"end":{"line":103,"column":null}},"27":{"start":{"line":97,"column":4},"end":{"line":102,"column":null}},"28":{"start":{"line":105,"column":2},"end":{"line":113,"column":null}},"29":{"start":{"line":106,"column":23},"end":{"line":106,"column":null}},"30":{"start":{"line":107,"column":4},"end":{"line":112,"column":null}},"31":{"start":{"line":115,"column":2},"end":{"line":118,"column":null}},"32":{"start":{"line":125,"column":2},"end":{"line":134,"column":null}},"33":{"start":{"line":127,"column":6},"end":{"line":127,"column":null}},"34":{"start":{"line":129,"column":6},"end":{"line":129,"column":null}},"35":{"start":{"line":131,"column":6},"end":{"line":131,"column":null}},"36":{"start":{"line":133,"column":6},"end":{"line":133,"column":null}},"37":{"start":{"line":141,"column":17},"end":{"line":141,"column":null}},"38":{"start":{"line":143,"column":2},"end":{"line":150,"column":null}},"39":{"start":{"line":144,"column":4},"end":{"line":149,"column":null}},"40":{"start":{"line":158,"column":21},"end":{"line":158,"column":null}},"41":{"start":{"line":160,"column":2},"end":{"line":163,"column":null}},"42":{"start":{"line":161,"column":10},"end":{"line":161,"column":null}},"43":{"start":{"line":162,"column":4},"end":{"line":162,"column":null}},"44":{"start":{"line":165,"column":2},"end":{"line":165,"column":null}}},"fnMap":{"0":{"name":"isKebabCase","decl":{"start":{"line":4,"column":16},"end":{"line":4,"column":28}},"loc":{"start":{"line":4,"column":50},"end":{"line":7,"column":null}},"line":4},"1":{"name":"isValidDateFormat","decl":{"start":{"line":10,"column":16},"end":{"line":10,"column":34}},"loc":{"start":{"line":10,"column":60},"end":{"line":19,"column":null}},"line":10},"2":{"name":"toKebabCase","decl":{"start":{"line":21,"column":16},"end":{"line":21,"column":28}},"loc":{"start":{"line":21,"column":49},"end":{"line":27,"column":null}},"line":21},"3":{"name":"validateEntityName","decl":{"start":{"line":29,"column":16},"end":{"line":29,"column":35}},"loc":{"start":{"line":29,"column":71},"end":{"line":51,"column":null}},"line":29},"4":{"name":"validateConceptName","decl":{"start":{"line":53,"column":16},"end":{"line":53,"column":36}},"loc":{"start":{"line":53,"column":72},"end":{"line":75,"column":null}},"line":53},"5":{"name":"validateSourceName","decl":{"start":{"line":77,"column":16},"end":{"line":77,"column":35}},"loc":{"start":{"line":77,"column":71},"end":{"line":119,"column":null}},"line":77},"6":{"name":"validateWikiPageName","decl":{"start":{"line":121,"column":16},"end":{"line":121,"column":null}},"loc":{"start":{"line":124,"column":20},"end":{"line":135,"column":null}},"line":124},"7":{"name":"assertValidName","decl":{"start":{"line":137,"column":16},"end":{"line":137,"column":null}},"loc":{"start":{"line":140,"column":8},"end":{"line":151,"column":null}},"line":140},"8":{"name":"generateFilename","decl":{"start":{"line":153,"column":16},"end":{"line":153,"column":null}},"loc":{"start":{"line":157,"column":10},"end":{"line":166,"column":null}},"line":157}},"branchMap":{"0":{"loc":{"start":{"line":13,"column":2},"end":{"line":15,"column":null}},"type":"if","locations":[{"start":{"line":13,"column":2},"end":{"line":15,"column":null}},{"start":{},"end":{}}],"line":13},"1":{"loc":{"start":{"line":18,"column":9},"end":{"line":18,"column":null}},"type":"binary-expr","locations":[{"start":{"line":18,"column":9},"end":{"line":18,"column":35}},{"start":{"line":18,"column":35},"end":{"line":18,"column":null}}],"line":18},"2":{"loc":{"start":{"line":32,"column":25},"end":{"line":34,"column":null}},"type":"cond-expr","locations":[{"start":{"line":33,"column":6},"end":{"line":33,"column":null}},{"start":{"line":34,"column":6},"end":{"line":34,"column":null}}],"line":32},"3":{"loc":{"start":{"line":36,"column":2},"end":{"line":41,"column":null}},"type":"if","locations":[{"start":{"line":36,"column":2},"end":{"line":41,"column":null}},{"start":{},"end":{}}],"line":36},"4":{"loc":{"start":{"line":56,"column":25},"end":{"line":58,"column":null}},"type":"cond-expr","locations":[{"start":{"line":57,"column":6},"end":{"line":57,"column":null}},{"start":{"line":58,"column":6},"end":{"line":58,"column":null}}],"line":56},"5":{"loc":{"start":{"line":60,"column":2},"end":{"line":65,"column":null}},"type":"if","locations":[{"start":{"line":60,"column":2},"end":{"line":65,"column":null}},{"start":{},"end":{}}],"line":60},"6":{"loc":{"start":{"line":80,"column":25},"end":{"line":82,"column":null}},"type":"cond-expr","locations":[{"start":{"line":81,"column":6},"end":{"line":81,"column":null}},{"start":{"line":82,"column":6},"end":{"line":82,"column":null}}],"line":80},"7":{"loc":{"start":{"line":84,"column":2},"end":{"line":91,"column":null}},"type":"if","locations":[{"start":{"line":84,"column":2},"end":{"line":91,"column":null}},{"start":{},"end":{}}],"line":84},"8":{"loc":{"start":{"line":96,"column":2},"end":{"line":103,"column":null}},"type":"if","locations":[{"start":{"line":96,"column":2},"end":{"line":103,"column":null}},{"start":{},"end":{}}],"line":96},"9":{"loc":{"start":{"line":105,"column":2},"end":{"line":113,"column":null}},"type":"if","locations":[{"start":{"line":105,"column":2},"end":{"line":113,"column":null}},{"start":{},"end":{}}],"line":105},"10":{"loc":{"start":{"line":125,"column":2},"end":{"line":134,"column":null}},"type":"switch","locations":[{"start":{"line":126,"column":4},"end":{"line":127,"column":null}},{"start":{"line":128,"column":4},"end":{"line":129,"column":null}},{"start":{"line":130,"column":4},"end":{"line":131,"column":null}},{"start":{"line":132,"column":4},"end":{"line":133,"column":null}}],"line":125},"11":{"loc":{"start":{"line":143,"column":2},"end":{"line":150,"column":null}},"type":"if","locations":[{"start":{"line":143,"column":2},"end":{"line":150,"column":null}},{"start":{},"end":{}}],"line":143},"12":{"loc":{"start":{"line":160,"column":2},"end":{"line":163,"column":null}},"type":"if","locations":[{"start":{"line":160,"column":2},"end":{"line":163,"column":null}},{"start":{},"end":{}}],"line":160},"13":{"loc":{"start":{"line":161,"column":21},"end":{"line":161,"column":41}},"type":"binary-expr","locations":[{"start":{"line":161,"column":21},"end":{"line":161,"column":29}},{"start":{"line":161,"column":29},"end":{"line":161,"column":41}}],"line":161}},"s":{"0":64,"1":64,"2":33,"3":33,"4":11,"5":22,"6":22,"7":48,"8":16,"9":16,"10":16,"11":10,"12":6,"13":6,"14":12,"15":12,"16":12,"17":8,"18":4,"19":4,"20":20,"21":20,"22":20,"23":1,"24":19,"25":19,"26":19,"27":8,"28":11,"29":2,"30":2,"31":9,"32":11,"33":4,"34":3,"35":3,"36":1,"37":7,"38":7,"39":4,"40":14,"41":14,"42":4,"43":4,"44":10},"f":{"0":64,"1":33,"2":48,"3":16,"4":12,"5":20,"6":11,"7":7,"8":14},"b":{"0":[11,22],"1":[22,20],"2":[15,1],"3":[10,6],"4":[11,1],"5":[8,4],"6":[19,1],"7":[1,19],"8":[8,11],"9":[2,9],"10":[4,3,3,1],"11":[4,3],"12":[4,10],"13":[4,1]},"meta":{"lastBranch":14,"lastFunction":9,"lastStatement":45,"seen":{"f:4:16:4:28":0,"s:5:27:5:Infinity":0,"s:6:2:6:Infinity":1,"f:10:16:10:34":1,"s:11:22:11:Infinity":2,"b:13:2:15:Infinity:undefined:undefined:undefined:undefined":0,"s:13:2:15:Infinity":3,"s:14:4:14:Infinity":4,"s:17:15:17:Infinity":5,"s:18:2:18:Infinity":6,"b:18:9:18:35:18:35:18:Infinity":1,"f:21:16:21:28":2,"s:22:2:26:Infinity":7,"f:29:16:29:35":3,"s:30:26:30:Infinity":8,"s:32:25:34:Infinity":9,"b:33:6:33:Infinity:34:6:34:Infinity":2,"b:36:2:41:Infinity:undefined:undefined:undefined:undefined":3,"s:36:2:41:Infinity":10,"s:37:4:40:Infinity":11,"s:43:21:43:Infinity":12,"s:45:2:50:Infinity":13,"f:53:16:53:36":4,"s:54:26:54:Infinity":14,"s:56:25:58:Infinity":15,"b:57:6:57:Infinity:58:6:58:Infinity":4,"b:60:2:65:Infinity:undefined:undefined:undefined:undefined":5,"s:60:2:65:Infinity":16,"s:61:4:64:Infinity":17,"s:67:21:67:Infinity":18,"s:69:2:74:Infinity":19,"f:77:16:77:35":5,"s:78:26:78:Infinity":20,"s:80:25:82:Infinity":21,"b:81:6:81:Infinity:82:6:82:Infinity":6,"b:84:2:91:Infinity:undefined:undefined:undefined:undefined":7,"s:84:2:91:Infinity":22,"s:85:4:90:Infinity":23,"s:93:24:93:Infinity":24,"s:94:20:94:Infinity":25,"b:96:2:103:Infinity:undefined:undefined:undefined:undefined":8,"s:96:2:103:Infinity":26,"s:97:4:102:Infinity":27,"b:105:2:113:Infinity:undefined:undefined:undefined:undefined":9,"s:105:2:113:Infinity":28,"s:106:23:106:Infinity":29,"s:107:4:112:Infinity":30,"s:115:2:118:Infinity":31,"f:121:16:121:Infinity":6,"b:126:4:127:Infinity:128:4:129:Infinity:130:4:131:Infinity:132:4:133:Infinity":10,"s:125:2:134:Infinity":32,"s:127:6:127:Infinity":33,"s:129:6:129:Infinity":34,"s:131:6:131:Infinity":35,"s:133:6:133:Infinity":36,"f:137:16:137:Infinity":7,"s:141:17:141:Infinity":37,"b:143:2:150:Infinity:undefined:undefined:undefined:undefined":11,"s:143:2:150:Infinity":38,"s:144:4:149:Infinity":39,"f:153:16:153:Infinity":8,"s:158:21:158:Infinity":40,"b:160:2:163:Infinity:undefined:undefined:undefined:undefined":12,"s:160:2:163:Infinity":41,"s:161:10:161:Infinity":42,"b:161:21:161:29:161:29:161:41":13,"s:162:4:162:Infinity":43,"s:165:2:165:Infinity":44}}}
}
