<?xml version="1.0" encoding="UTF-8"?>
<coverage generated="1781030906690" clover="3.2.0">
  <project timestamp="1781030906690" name="All files">
    <metrics statements="61" coveredstatements="56" conditionals="70" coveredconditionals="64" methods="7" coveredmethods="7" elements="138" coveredelements="127" complexity="0" loc="61" ncloc="61" packages="1" files="2" classes="2"/>
    <file name="frontmatter-adapter.ts" path="/home/adrian-romanski/projects/demo/wiki/libs/wiki/infrastructure-frontmatter/src/lib/frontmatter-adapter.ts">
      <metrics statements="58" coveredstatements="53" conditionals="70" coveredconditionals="64" methods="6" coveredmethods="6"/>
      <line num="7" count="2" type="cond" truecount="1" falsecount="1"/>
      <line num="11" count="30" type="stmt"/>
      <line num="13" count="30" type="cond" truecount="4" falsecount="0"/>
      <line num="14" count="4" type="stmt"/>
      <line num="17" count="26" type="stmt"/>
      <line num="19" count="26" type="stmt"/>
      <line num="21" count="26" type="stmt"/>
      <line num="31" count="12" type="stmt"/>
      <line num="33" count="12" type="stmt"/>
      <line num="41" count="12" type="cond" truecount="2" falsecount="0"/>
      <line num="42" count="2" type="stmt"/>
      <line num="44" count="10" type="cond" truecount="2" falsecount="0"/>
      <line num="45" count="2" type="stmt"/>
      <line num="47" count="10" type="cond" truecount="2" falsecount="0"/>
      <line num="48" count="2" type="stmt"/>
      <line num="50" count="10" type="cond" truecount="2" falsecount="0"/>
      <line num="51" count="2" type="stmt"/>
      <line num="54" count="10" type="stmt"/>
      <line num="56" count="10" type="stmt"/>
      <line num="62" count="12" type="stmt"/>
      <line num="64" count="12" type="cond" truecount="4" falsecount="0"/>
      <line num="65" count="2" type="stmt"/>
      <line num="70" count="10" type="stmt"/>
      <line num="84" count="4" type="stmt"/>
      <line num="86" count="4" type="stmt"/>
      <line num="93" count="38" type="stmt"/>
      <line num="101" count="38" type="stmt"/>
      <line num="102" count="182" type="cond" truecount="5" falsecount="0"/>
      <line num="103" count="4" type="stmt"/>
      <line num="110" count="34" type="cond" truecount="4" falsecount="0"/>
      <line num="111" count="2" type="stmt"/>
      <line num="117" count="32" type="cond" truecount="2" falsecount="0"/>
      <line num="118" count="4" type="stmt"/>
      <line num="124" count="28" type="cond" truecount="2" falsecount="0"/>
      <line num="125" count="4" type="stmt"/>
      <line num="132" count="24" type="cond" truecount="2" falsecount="0"/>
      <line num="134" count="8" type="stmt"/>
      <line num="137" count="24" type="cond" truecount="2" falsecount="0"/>
      <line num="139" count="10" type="stmt"/>
      <line num="142" count="24" type="cond" truecount="4" falsecount="0"/>
      <line num="143" count="4" type="stmt"/>
      <line num="149" count="20" type="cond" truecount="3" falsecount="1"/>
      <line num="150" count="0" type="stmt"/>
      <line num="156" count="20" type="cond" truecount="3" falsecount="1"/>
      <line num="157" count="0" type="stmt"/>
      <line num="163" count="20" type="cond" truecount="3" falsecount="1"/>
      <line num="164" count="0" type="stmt"/>
      <line num="171" count="20" type="cond" truecount="2" falsecount="0"/>
      <line num="173" count="2" type="stmt"/>
      <line num="176" count="20" type="cond" truecount="3" falsecount="1"/>
      <line num="177" count="0" type="stmt"/>
      <line num="183" count="20" type="cond" truecount="3" falsecount="1"/>
      <line num="184" count="0" type="stmt"/>
      <line num="192" count="44" type="stmt"/>
      <line num="193" count="44" type="cond" truecount="2" falsecount="0"/>
      <line num="194" count="4" type="stmt"/>
      <line num="197" count="40" type="stmt"/>
      <line num="198" count="40" type="stmt"/>
    </file>
    <file name="frontmatter-validation-error.ts" path="/home/adrian-romanski/projects/demo/wiki/libs/wiki/infrastructure-frontmatter/src/lib/frontmatter-validation-error.ts">
      <metrics statements="3" coveredstatements="3" conditionals="0" coveredconditionals="0" methods="1" coveredmethods="1"/>
      <line num="2" count="24" type="stmt"/>
      <line num="3" count="24" type="stmt"/>
      <line num="4" count="24" type="stmt"/>
    </file>
  </project>
</coverage>
