{"/home/adrian-romanski/projects/demo/wiki/libs/wiki/infrastructure-frontmatter/src/lib/frontmatter-adapter.ts": {"path":"/home/adrian-romanski/projects/demo/wiki/libs/wiki/infrastructure-frontmatter/src/lib/frontmatter-adapter.ts","statementMap":{"0":{"start":{"line":7,"column":16},"end":{"line":7,"column":null}},"1":{"start":{"line":11,"column":19},"end":{"line":11,"column":null}},"2":{"start":{"line":13,"column":4},"end":{"line":15,"column":null}},"3":{"start":{"line":14,"column":6},"end":{"line":14,"column":null}},"4":{"start":{"line":17,"column":24},"end":{"line":17,"column":null}},"5":{"start":{"line":19,"column":4},"end":{"line":19,"column":null}},"6":{"start":{"line":21,"column":4},"end":{"line":24,"column":null}},"7":{"start":{"line":31,"column":4},"end":{"line":31,"column":null}},"8":{"start":{"line":33,"column":54},"end":{"line":39,"column":null}},"9":{"start":{"line":41,"column":4},"end":{"line":43,"column":null}},"10":{"start":{"line":42,"column":6},"end":{"line":42,"column":null}},"11":{"start":{"line":44,"column":4},"end":{"line":46,"column":null}},"12":{"start":{"line":45,"column":6},"end":{"line":45,"column":null}},"13":{"start":{"line":47,"column":4},"end":{"line":49,"column":null}},"14":{"start":{"line":48,"column":6},"end":{"line":48,"column":null}},"15":{"start":{"line":50,"column":4},"end":{"line":52,"column":null}},"16":{"start":{"line":51,"column":6},"end":{"line":51,"column":null}},"17":{"start":{"line":54,"column":21},"end":{"line":54,"column":null}},"18":{"start":{"line":56,"column":4},"end":{"line":56,"column":null}},"19":{"start":{"line":62,"column":10},"end":{"line":62,"column":null}},"20":{"start":{"line":64,"column":4},"end":{"line":68,"column":null}},"21":{"start":{"line":65,"column":6},"end":{"line":67,"column":null}},"22":{"start":{"line":70,"column":4},"end":{"line":80,"column":null}},"23":{"start":{"line":84,"column":10},"end":{"line":84,"column":null}},"24":{"start":{"line":86,"column":4},"end":{"line":89,"column":null}},"25":{"start":{"line":93,"column":58},"end":{"line":99,"column":null}},"26":{"start":{"line":101,"column":4},"end":{"line":108,"column":null}},"27":{"start":{"line":102,"column":6},"end":{"line":107,"column":null}},"28":{"start":{"line":103,"column":8},"end":{"line":106,"column":null}},"29":{"start":{"line":110,"column":4},"end":{"line":115,"column":null}},"30":{"start":{"line":111,"column":6},"end":{"line":114,"column":null}},"31":{"start":{"line":117,"column":4},"end":{"line":122,"column":null}},"32":{"start":{"line":118,"column":6},"end":{"line":121,"column":null}},"33":{"start":{"line":124,"column":4},"end":{"line":129,"column":null}},"34":{"start":{"line":125,"column":6},"end":{"line":128,"column":null}},"35":{"start":{"line":132,"column":4},"end":{"line":135,"column":null}},"36":{"start":{"line":134,"column":6},"end":{"line":134,"column":null}},"37":{"start":{"line":137,"column":4},"end":{"line":140,"column":null}},"38":{"start":{"line":139,"column":6},"end":{"line":139,"column":null}},"39":{"start":{"line":142,"column":4},"end":{"line":147,"column":null}},"40":{"start":{"line":143,"column":6},"end":{"line":146,"column":null}},"41":{"start":{"line":149,"column":4},"end":{"line":154,"column":null}},"42":{"start":{"line":150,"column":6},"end":{"line":153,"column":null}},"43":{"start":{"line":156,"column":4},"end":{"line":161,"column":null}},"44":{"start":{"line":157,"column":6},"end":{"line":160,"column":null}},"45":{"start":{"line":163,"column":4},"end":{"line":168,"column":null}},"46":{"start":{"line":164,"column":6},"end":{"line":167,"column":null}},"47":{"start":{"line":171,"column":4},"end":{"line":174,"column":null}},"48":{"start":{"line":173,"column":6},"end":{"line":173,"column":null}},"49":{"start":{"line":176,"column":4},"end":{"line":181,"column":null}},"50":{"start":{"line":177,"column":6},"end":{"line":180,"column":null}},"51":{"start":{"line":183,"column":4},"end":{"line":188,"column":null}},"52":{"start":{"line":184,"column":6},"end":{"line":187,"column":null}},"53":{"start":{"line":192,"column":22},"end":{"line":192,"column":null}},"54":{"start":{"line":193,"column":4},"end":{"line":195,"column":null}},"55":{"start":{"line":194,"column":6},"end":{"line":194,"column":null}},"56":{"start":{"line":197,"column":17},"end":{"line":197,"column":null}},"57":{"start":{"line":198,"column":4},"end":{"line":198,"column":null}}},"fnMap":{"0":{"name":"parseFrontmatter","decl":{"start":{"line":10,"column":2},"end":{"line":10,"column":19}},"loc":{"start":{"line":10,"column":63},"end":{"line":25,"column":null}},"line":10},"1":{"name":"generateFrontmatter","decl":{"start":{"line":27,"column":2},"end":{"line":27,"column":null}},"loc":{"start":{"line":30,"column":12},"end":{"line":57,"column":null}},"line":30},"2":{"name":"createFrontmatter","decl":{"start":{"line":59,"column":2},"end":{"line":59,"column":null}},"loc":{"start":{"line":61,"column":25},"end":{"line":81,"column":null}},"line":61},"3":{"name":"updateTimestamp","decl":{"start":{"line":83,"column":2},"end":{"line":83,"column":18}},"loc":{"start":{"line":83,"column":73},"end":{"line":90,"column":null}},"line":83},"4":{"name":"validateRequiredFields","decl":{"start":{"line":92,"column":10},"end":{"line":92,"column":33}},"loc":{"start":{"line":92,"column":82},"end":{"line":189,"column":null}},"line":92},"5":{"name":"isValidDateString","decl":{"start":{"line":191,"column":10},"end":{"line":191,"column":28}},"loc":{"start":{"line":191,"column":57},"end":{"line":199,"column":null}},"line":191}},"branchMap":{"0":{"loc":{"start":{"line":7,"column":16},"end":{"line":7,"column":null}},"type":"binary-expr","locations":[{"start":{"line":7,"column":16},"end":{"line":7,"column":46}},{"start":{"line":7,"column":46},"end":{"line":7,"column":null}}],"line":7},"1":{"loc":{"start":{"line":13,"column":4},"end":{"line":15,"column":null}},"type":"if","locations":[{"start":{"line":13,"column":4},"end":{"line":15,"column":null}},{"start":{},"end":{}}],"line":13},"2":{"loc":{"start":{"line":13,"column":8},"end":{"line":13,"column":63}},"type":"binary-expr","locations":[{"start":{"line":13,"column":8},"end":{"line":13,"column":24}},{"start":{"line":13,"column":24},"end":{"line":13,"column":63}}],"line":13},"3":{"loc":{"start":{"line":29,"column":4},"end":{"line":29,"column":null}},"type":"default-arg","locations":[{"start":{"line":29,"column":14},"end":{"line":29,"column":null}}],"line":29},"4":{"loc":{"start":{"line":41,"column":4},"end":{"line":43,"column":null}},"type":"if","locations":[{"start":{"line":41,"column":4},"end":{"line":43,"column":null}},{"start":{},"end":{}}],"line":41},"5":{"loc":{"start":{"line":44,"column":4},"end":{"line":46,"column":null}},"type":"if","locations":[{"start":{"line":44,"column":4},"end":{"line":46,"column":null}},{"start":{},"end":{}}],"line":44},"6":{"loc":{"start":{"line":47,"column":4},"end":{"line":49,"column":null}},"type":"if","locations":[{"start":{"line":47,"column":4},"end":{"line":49,"column":null}},{"start":{},"end":{}}],"line":47},"7":{"loc":{"start":{"line":50,"column":4},"end":{"line":52,"column":null}},"type":"if","locations":[{"start":{"line":50,"column":4},"end":{"line":52,"column":null}},{"start":{},"end":{}}],"line":50},"8":{"loc":{"start":{"line":64,"column":4},"end":{"line":68,"column":null}},"type":"if","locations":[{"start":{"line":64,"column":4},"end":{"line":68,"column":null}},{"start":{},"end":{}}],"line":64},"9":{"loc":{"start":{"line":64,"column":8},"end":{"line":64,"column":41}},"type":"binary-expr","locations":[{"start":{"line":64,"column":8},"end":{"line":64,"column":26}},{"start":{"line":64,"column":26},"end":{"line":64,"column":41}}],"line":64},"10":{"loc":{"start":{"line":73,"column":12},"end":{"line":73,"column":null}},"type":"binary-expr","locations":[{"start":{"line":73,"column":12},"end":{"line":73,"column":28}},{"start":{"line":73,"column":28},"end":{"line":73,"column":null}}],"line":73},"11":{"loc":{"start":{"line":78,"column":15},"end":{"line":78,"column":null}},"type":"binary-expr","locations":[{"start":{"line":78,"column":15},"end":{"line":78,"column":34}},{"start":{"line":78,"column":34},"end":{"line":78,"column":null}}],"line":78},"12":{"loc":{"start":{"line":79,"column":15},"end":{"line":79,"column":null}},"type":"binary-expr","locations":[{"start":{"line":79,"column":15},"end":{"line":79,"column":34}},{"start":{"line":79,"column":34},"end":{"line":79,"column":null}}],"line":79},"13":{"loc":{"start":{"line":102,"column":6},"end":{"line":107,"column":null}},"type":"if","locations":[{"start":{"line":102,"column":6},"end":{"line":107,"column":null}},{"start":{},"end":{}}],"line":102},"14":{"loc":{"start":{"line":102,"column":10},"end":{"line":102,"column":102}},"type":"binary-expr","locations":[{"start":{"line":102,"column":10},"end":{"line":102,"column":37}},{"start":{"line":102,"column":37},"end":{"line":102,"column":73}},{"start":{"line":102,"column":73},"end":{"line":102,"column":102}}],"line":102},"15":{"loc":{"start":{"line":110,"column":4},"end":{"line":115,"column":null}},"type":"if","locations":[{"start":{"line":110,"column":4},"end":{"line":115,"column":null}},{"start":{},"end":{}}],"line":110},"16":{"loc":{"start":{"line":110,"column":8},"end":{"line":110,"column":82}},"type":"binary-expr","locations":[{"start":{"line":110,"column":8},"end":{"line":110,"column":49}},{"start":{"line":110,"column":49},"end":{"line":110,"column":82}}],"line":110},"17":{"loc":{"start":{"line":117,"column":4},"end":{"line":122,"column":null}},"type":"if","locations":[{"start":{"line":117,"column":4},"end":{"line":122,"column":null}},{"start":{},"end":{}}],"line":117},"18":{"loc":{"start":{"line":124,"column":4},"end":{"line":129,"column":null}},"type":"if","locations":[{"start":{"line":124,"column":4},"end":{"line":129,"column":null}},{"start":{},"end":{}}],"line":124},"19":{"loc":{"start":{"line":132,"column":4},"end":{"line":135,"column":null}},"type":"if","locations":[{"start":{"line":132,"column":4},"end":{"line":135,"column":null}},{"start":{},"end":{}}],"line":132},"20":{"loc":{"start":{"line":137,"column":4},"end":{"line":140,"column":null}},"type":"if","locations":[{"start":{"line":137,"column":4},"end":{"line":140,"column":null}},{"start":{},"end":{}}],"line":137},"21":{"loc":{"start":{"line":142,"column":4},"end":{"line":147,"column":null}},"type":"if","locations":[{"start":{"line":142,"column":4},"end":{"line":147,"column":null}},{"start":{},"end":{}}],"line":142},"22":{"loc":{"start":{"line":142,"column":8},"end":{"line":142,"column":97}},"type":"binary-expr","locations":[{"start":{"line":142,"column":8},"end":{"line":142,"column":51}},{"start":{"line":142,"column":51},"end":{"line":142,"column":97}}],"line":142},"23":{"loc":{"start":{"line":149,"column":4},"end":{"line":154,"column":null}},"type":"if","locations":[{"start":{"line":149,"column":4},"end":{"line":154,"column":null}},{"start":{},"end":{}}],"line":149},"24":{"loc":{"start":{"line":149,"column":8},"end":{"line":149,"column":97}},"type":"binary-expr","locations":[{"start":{"line":149,"column":8},"end":{"line":149,"column":51}},{"start":{"line":149,"column":51},"end":{"line":149,"column":97}}],"line":149},"25":{"loc":{"start":{"line":156,"column":4},"end":{"line":161,"column":null}},"type":"if","locations":[{"start":{"line":156,"column":4},"end":{"line":161,"column":null}},{"start":{},"end":{}}],"line":156},"26":{"loc":{"start":{"line":156,"column":8},"end":{"line":156,"column":82}},"type":"binary-expr","locations":[{"start":{"line":156,"column":8},"end":{"line":156,"column":45}},{"start":{"line":156,"column":45},"end":{"line":156,"column":82}}],"line":156},"27":{"loc":{"start":{"line":163,"column":4},"end":{"line":168,"column":null}},"type":"if","locations":[{"start":{"line":163,"column":4},"end":{"line":168,"column":null}},{"start":{},"end":{}}],"line":163},"28":{"loc":{"start":{"line":163,"column":8},"end":{"line":163,"column":84}},"type":"binary-expr","locations":[{"start":{"line":163,"column":8},"end":{"line":163,"column":44}},{"start":{"line":163,"column":44},"end":{"line":163,"column":84}}],"line":163},"29":{"loc":{"start":{"line":171,"column":4},"end":{"line":174,"column":null}},"type":"if","locations":[{"start":{"line":171,"column":4},"end":{"line":174,"column":null}},{"start":{},"end":{}}],"line":171},"30":{"loc":{"start":{"line":176,"column":4},"end":{"line":181,"column":null}},"type":"if","locations":[{"start":{"line":176,"column":4},"end":{"line":181,"column":null}},{"start":{},"end":{}}],"line":176},"31":{"loc":{"start":{"line":176,"column":8},"end":{"line":176,"column":80}},"type":"binary-expr","locations":[{"start":{"line":176,"column":8},"end":{"line":176,"column":42}},{"start":{"line":176,"column":42},"end":{"line":176,"column":80}}],"line":176},"32":{"loc":{"start":{"line":183,"column":4},"end":{"line":188,"column":null}},"type":"if","locations":[{"start":{"line":183,"column":4},"end":{"line":188,"column":null}},{"start":{},"end":{}}],"line":183},"33":{"loc":{"start":{"line":183,"column":8},"end":{"line":183,"column":78}},"type":"binary-expr","locations":[{"start":{"line":183,"column":8},"end":{"line":183,"column":41}},{"start":{"line":183,"column":41},"end":{"line":183,"column":78}}],"line":183},"34":{"loc":{"start":{"line":193,"column":4},"end":{"line":195,"column":null}},"type":"if","locations":[{"start":{"line":193,"column":4},"end":{"line":195,"column":null}},{"start":{},"end":{}}],"line":193}},"s":{"0":2,"1":30,"2":30,"3":4,"4":26,"5":26,"6":26,"7":12,"8":12,"9":12,"10":2,"11":10,"12":2,"13":10,"14":2,"15":10,"16":2,"17":10,"18":10,"19":12,"20":12,"21":2,"22":10,"23":4,"24":4,"25":38,"26":38,"27":182,"28":4,"29":34,"30":2,"31":32,"32":4,"33":28,"34":4,"35":24,"36":8,"37":24,"38":10,"39":24,"40":4,"41":20,"42":0,"43":20,"44":0,"45":20,"46":0,"47":20,"48":2,"49":20,"50":0,"51":20,"52":0,"53":44,"54":44,"55":4,"56":40,"57":40},"f":{"0":30,"1":12,"2":12,"3":4,"4":38,"5":44},"b":{"0":[2,0],"1":[4,26],"2":[30,30],"3":[12],"4":[2,10],"5":[2,8],"6":[2,8],"7":[2,8],"8":[2,10],"9":[12,11],"10":[10,8],"11":[12,8],"12":[12,8],"13":[4,178],"14":[182,178,178],"15":[2,32],"16":[34,34],"17":[4,28],"18":[4,24],"19":[8,16],"20":[10,14],"21":[4,20],"22":[24,24],"23":[0,20],"24":[20,20],"25":[0,20],"26":[20,4],"27":[0,20],"28":[20,4],"29":[2,18],"30":[0,20],"31":[20,4],"32":[0,20],"33":[20,4],"34":[4,40]},"meta":{"lastBranch":35,"lastFunction":6,"lastStatement":58,"seen":{"s:7:16:7:Infinity":0,"b:7:16:7:46:7:46:7:Infinity":0,"f:10:2:10:19":0,"s:11:19:11:Infinity":1,"b:13:4:15:Infinity:undefined:undefined:undefined:undefined":1,"s:13:4:15:Infinity":2,"b:13:8:13:24:13:24:13:63":2,"s:14:6:14:Infinity":3,"s:17:24:17:Infinity":4,"s:19:4:19:Infinity":5,"s:21:4:24:Infinity":6,"f:27:2:27:Infinity":1,"b:29:14:29:Infinity":3,"s:31:4:31:Infinity":7,"s:33:54:39:Infinity":8,"b:41:4:43:Infinity:undefined:undefined:undefined:undefined":4,"s:41:4:43:Infinity":9,"s:42:6:42:Infinity":10,"b:44:4:46:Infinity:undefined:undefined:undefined:undefined":5,"s:44:4:46:Infinity":11,"s:45:6:45:Infinity":12,"b:47:4:49:Infinity:undefined:undefined:undefined:undefined":6,"s:47:4:49:Infinity":13,"s:48:6:48:Infinity":14,"b:50:4:52:Infinity:undefined:undefined:undefined:undefined":7,"s:50:4:52:Infinity":15,"s:51:6:51:Infinity":16,"s:54:21:54:Infinity":17,"s:56:4:56:Infinity":18,"f:59:2:59:Infinity":2,"s:62:10:62:Infinity":19,"b:64:4:68:Infinity:undefined:undefined:undefined:undefined":8,"s:64:4:68:Infinity":20,"b:64:8:64:26:64:26:64:41":9,"s:65:6:67:Infinity":21,"s:70:4:80:Infinity":22,"b:73:12:73:28:73:28:73:Infinity":10,"b:78:15:78:34:78:34:78:Infinity":11,"b:79:15:79:34:79:34:79:Infinity":12,"f:83:2:83:18":3,"s:84:10:84:Infinity":23,"s:86:4:89:Infinity":24,"f:92:10:92:33":4,"s:93:58:99:Infinity":25,"s:101:4:108:Infinity":26,"b:102:6:107:Infinity:undefined:undefined:undefined:undefined":13,"s:102:6:107:Infinity":27,"b:102:10:102:37:102:37:102:73:102:73:102:102":14,"s:103:8:106:Infinity":28,"b:110:4:115:Infinity:undefined:undefined:undefined:undefined":15,"s:110:4:115:Infinity":29,"b:110:8:110:49:110:49:110:82":16,"s:111:6:114:Infinity":30,"b:117:4:122:Infinity:undefined:undefined:undefined:undefined":17,"s:117:4:122:Infinity":31,"s:118:6:121:Infinity":32,"b:124:4:129:Infinity:undefined:undefined:undefined:undefined":18,"s:124:4:129:Infinity":33,"s:125:6:128:Infinity":34,"b:132:4:135:Infinity:undefined:undefined:undefined:undefined":19,"s:132:4:135:Infinity":35,"s:134:6:134:Infinity":36,"b:137:4:140:Infinity:undefined:undefined:undefined:undefined":20,"s:137:4:140:Infinity":37,"s:139:6:139:Infinity":38,"b:142:4:147:Infinity:undefined:undefined:undefined:undefined":21,"s:142:4:147:Infinity":39,"b:142:8:142:51:142:51:142:97":22,"s:143:6:146:Infinity":40,"b:149:4:154:Infinity:undefined:undefined:undefined:undefined":23,"s:149:4:154:Infinity":41,"b:149:8:149:51:149:51:149:97":24,"s:150:6:153:Infinity":42,"b:156:4:161:Infinity:undefined:undefined:undefined:undefined":25,"s:156:4:161:Infinity":43,"b:156:8:156:45:156:45:156:82":26,"s:157:6:160:Infinity":44,"b:163:4:168:Infinity:undefined:undefined:undefined:undefined":27,"s:163:4:168:Infinity":45,"b:163:8:163:44:163:44:163:84":28,"s:164:6:167:Infinity":46,"b:171:4:174:Infinity:undefined:undefined:undefined:undefined":29,"s:171:4:174:Infinity":47,"s:173:6:173:Infinity":48,"b:176:4:181:Infinity:undefined:undefined:undefined:undefined":30,"s:176:4:181:Infinity":49,"b:176:8:176:42:176:42:176:80":31,"s:177:6:180:Infinity":50,"b:183:4:188:Infinity:undefined:undefined:undefined:undefined":32,"s:183:4:188:Infinity":51,"b:183:8:183:41:183:41:183:78":33,"s:184:6:187:Infinity":52,"f:191:10:191:28":5,"s:192:22:192:Infinity":53,"b:193:4:195:Infinity:undefined:undefined:undefined:undefined":34,"s:193:4:195:Infinity":54,"s:194:6:194:Infinity":55,"s:197:17:197:Infinity":56,"s:198:4:198:Infinity":57}}}
,"/home/adrian-romanski/projects/demo/wiki/libs/wiki/infrastructure-frontmatter/src/lib/frontmatter-validation-error.ts": {"path":"/home/adrian-romanski/projects/demo/wiki/libs/wiki/infrastructure-frontmatter/src/lib/frontmatter-validation-error.ts","statementMap":{"0":{"start":{"line":3,"column":4},"end":{"line":3,"column":null}},"1":{"start":{"line":2,"column":38},"end":{"line":2,"column":54}},"2":{"start":{"line":4,"column":4},"end":{"line":4,"column":null}}},"fnMap":{"0":{"name":"constructor","decl":{"start":{"line":2,"column":2},"end":{"line":2,"column":14}},"loc":{"start":{"line":2,"column":54},"end":{"line":5,"column":null}},"line":2}},"branchMap":{},"s":{"0":24,"1":24,"2":24},"f":{"0":24},"b":{},"meta":{"lastBranch":0,"lastFunction":1,"lastStatement":3,"seen":{"f:2:2:2:14":0,"s:3:4:3:Infinity":0,"s:2:38:2:54":1,"s:4:4:4:Infinity":2}}}
}
