<?xml version="1.0" encoding="UTF-8"?>
<coverage generated="1781030911227" clover="3.2.0">
  <project timestamp="1781030911228" name="All files">
    <metrics statements="30" coveredstatements="24" conditionals="45" coveredconditionals="45" methods="3" coveredmethods="1" elements="78" coveredelements="70" complexity="0" loc="30" ncloc="30" packages="1" files="1" classes="1"/>
    <file name="interfaces.ts" path="/home/adrian-romanski/projects/demo/wiki/libs/wiki/application-workflow/src/lib/interfaces.ts">
      <metrics statements="30" coveredstatements="24" conditionals="45" coveredconditionals="45" methods="3" coveredmethods="1"/>
      <line num="68" count="0" type="stmt"/>
      <line num="69" count="0" type="stmt"/>
      <line num="70" count="0" type="stmt"/>
      <line num="75" count="0" type="stmt"/>
      <line num="76" count="0" type="stmt"/>
      <line num="77" count="0" type="stmt"/>
      <line num="84" count="9" type="stmt"/>
      <line num="86" count="9" type="cond" truecount="4" falsecount="0"/>
      <line num="87" count="1" type="stmt"/>
      <line num="90" count="9" type="stmt"/>
      <line num="91" count="9" type="stmt"/>
      <line num="92" count="9" type="stmt"/>
      <line num="94" count="9" type="cond" truecount="5" falsecount="0"/>
      <line num="95" count="1" type="stmt"/>
      <line num="98" count="9" type="cond" truecount="4" falsecount="0"/>
      <line num="99" count="4" type="cond" truecount="4" falsecount="0"/>
      <line num="100" count="1" type="stmt"/>
      <line num="102" count="4" type="cond" truecount="4" falsecount="0"/>
      <line num="103" count="1" type="stmt"/>
      <line num="107" count="9" type="cond" truecount="4" falsecount="0"/>
      <line num="108" count="3" type="cond" truecount="4" falsecount="0"/>
      <line num="109" count="1" type="stmt"/>
      <line num="111" count="3" type="cond" truecount="4" falsecount="0"/>
      <line num="112" count="1" type="stmt"/>
      <line num="116" count="9" type="cond" truecount="4" falsecount="0"/>
      <line num="117" count="2" type="cond" truecount="4" falsecount="0"/>
      <line num="118" count="1" type="stmt"/>
      <line num="120" count="2" type="cond" truecount="4" falsecount="0"/>
      <line num="121" count="1" type="stmt"/>
      <line num="125" count="9" type="stmt"/>
    </file>
  </project>
</coverage>
