{"/home/adrian-romanski/projects/demo/wiki/libs/wiki/application-workflow/src/lib/interfaces.ts": {"path":"/home/adrian-romanski/projects/demo/wiki/libs/wiki/application-workflow/src/lib/interfaces.ts","statementMap":{"0":{"start":{"line":69,"column":4},"end":{"line":69,"column":null}},"1":{"start":{"line":68,"column":38},"end":{"line":68,"column":53}},"2":{"start":{"line":70,"column":4},"end":{"line":70,"column":null}},"3":{"start":{"line":76,"column":4},"end":{"line":76,"column":null}},"4":{"start":{"line":75,"column":38},"end":{"line":75,"column":65}},"5":{"start":{"line":75,"column":65},"end":{"line":75,"column":80}},"6":{"start":{"line":77,"column":4},"end":{"line":77,"column":null}},"7":{"start":{"line":84,"column":27},"end":{"line":84,"column":null}},"8":{"start":{"line":86,"column":2},"end":{"line":88,"column":null}},"9":{"start":{"line":87,"column":4},"end":{"line":87,"column":null}},"10":{"start":{"line":90,"column":27},"end":{"line":90,"column":null}},"11":{"start":{"line":91,"column":28},"end":{"line":91,"column":null}},"12":{"start":{"line":92,"column":34},"end":{"line":92,"column":null}},"13":{"start":{"line":94,"column":2},"end":{"line":96,"column":null}},"14":{"start":{"line":95,"column":4},"end":{"line":95,"column":null}},"15":{"start":{"line":98,"column":2},"end":{"line":105,"column":null}},"16":{"start":{"line":99,"column":4},"end":{"line":101,"column":null}},"17":{"start":{"line":100,"column":6},"end":{"line":100,"column":null}},"18":{"start":{"line":102,"column":4},"end":{"line":104,"column":null}},"19":{"start":{"line":103,"column":6},"end":{"line":103,"column":null}},"20":{"start":{"line":107,"column":2},"end":{"line":114,"column":null}},"21":{"start":{"line":108,"column":4},"end":{"line":110,"column":null}},"22":{"start":{"line":109,"column":6},"end":{"line":109,"column":null}},"23":{"start":{"line":111,"column":4},"end":{"line":113,"column":null}},"24":{"start":{"line":112,"column":6},"end":{"line":112,"column":null}},"25":{"start":{"line":116,"column":2},"end":{"line":123,"column":null}},"26":{"start":{"line":117,"column":4},"end":{"line":119,"column":null}},"27":{"start":{"line":118,"column":6},"end":{"line":118,"column":null}},"28":{"start":{"line":120,"column":4},"end":{"line":122,"column":null}},"29":{"start":{"line":121,"column":6},"end":{"line":121,"column":null}},"30":{"start":{"line":125,"column":2},"end":{"line":128,"column":null}}},"fnMap":{"0":{"name":"constructor","decl":{"start":{"line":68,"column":2},"end":{"line":68,"column":14}},"loc":{"start":{"line":68,"column":53},"end":{"line":71,"column":null}},"line":68},"1":{"name":"constructor","decl":{"start":{"line":75,"column":2},"end":{"line":75,"column":14}},"loc":{"start":{"line":75,"column":80},"end":{"line":78,"column":null}},"line":75},"2":{"name":"validateWorkflowOptions","decl":{"start":{"line":81,"column":16},"end":{"line":81,"column":null}},"loc":{"start":{"line":83,"column":20},"end":{"line":129,"column":null}},"line":83}},"branchMap":{"0":{"loc":{"start":{"line":86,"column":2},"end":{"line":88,"column":null}},"type":"if","locations":[{"start":{"line":86,"column":2},"end":{"line":88,"column":null}},{"start":{},"end":{}}],"line":86},"1":{"loc":{"start":{"line":86,"column":6},"end":{"line":86,"column":63}},"type":"binary-expr","locations":[{"start":{"line":86,"column":6},"end":{"line":86,"column":29}},{"start":{"line":86,"column":29},"end":{"line":86,"column":63}}],"line":86},"2":{"loc":{"start":{"line":94,"column":2},"end":{"line":96,"column":null}},"type":"if","locations":[{"start":{"line":94,"column":2},"end":{"line":96,"column":null}},{"start":{},"end":{}}],"line":94},"3":{"loc":{"start":{"line":94,"column":6},"end":{"line":94,"column":75}},"type":"binary-expr","locations":[{"start":{"line":94,"column":6},"end":{"line":94,"column":27}},{"start":{"line":94,"column":27},"end":{"line":94,"column":49}},{"start":{"line":94,"column":49},"end":{"line":94,"column":75}}],"line":94},"4":{"loc":{"start":{"line":98,"column":2},"end":{"line":105,"column":null}},"type":"if","locations":[{"start":{"line":98,"column":2},"end":{"line":105,"column":null}},{"start":{},"end":{}}],"line":98},"5":{"loc":{"start":{"line":98,"column":6},"end":{"line":98,"column":49}},"type":"binary-expr","locations":[{"start":{"line":98,"column":6},"end":{"line":98,"column":26}},{"start":{"line":98,"column":26},"end":{"line":98,"column":49}}],"line":98},"6":{"loc":{"start":{"line":99,"column":4},"end":{"line":101,"column":null}},"type":"if","locations":[{"start":{"line":99,"column":4},"end":{"line":101,"column":null}},{"start":{},"end":{}}],"line":99},"7":{"loc":{"start":{"line":99,"column":8},"end":{"line":99,"column":81}},"type":"binary-expr","locations":[{"start":{"line":99,"column":8},"end":{"line":99,"column":39}},{"start":{"line":99,"column":39},"end":{"line":99,"column":81}}],"line":99},"8":{"loc":{"start":{"line":102,"column":4},"end":{"line":104,"column":null}},"type":"if","locations":[{"start":{"line":102,"column":4},"end":{"line":104,"column":null}},{"start":{},"end":{}}],"line":102},"9":{"loc":{"start":{"line":102,"column":8},"end":{"line":102,"column":93}},"type":"binary-expr","locations":[{"start":{"line":102,"column":8},"end":{"line":102,"column":45}},{"start":{"line":102,"column":45},"end":{"line":102,"column":93}}],"line":102},"10":{"loc":{"start":{"line":107,"column":2},"end":{"line":114,"column":null}},"type":"if","locations":[{"start":{"line":107,"column":2},"end":{"line":114,"column":null}},{"start":{},"end":{}}],"line":107},"11":{"loc":{"start":{"line":107,"column":6},"end":{"line":107,"column":51}},"type":"binary-expr","locations":[{"start":{"line":107,"column":6},"end":{"line":107,"column":27}},{"start":{"line":107,"column":27},"end":{"line":107,"column":51}}],"line":107},"12":{"loc":{"start":{"line":108,"column":4},"end":{"line":110,"column":null}},"type":"if","locations":[{"start":{"line":108,"column":4},"end":{"line":110,"column":null}},{"start":{},"end":{}}],"line":108},"13":{"loc":{"start":{"line":108,"column":8},"end":{"line":108,"column":83}},"type":"binary-expr","locations":[{"start":{"line":108,"column":8},"end":{"line":108,"column":40}},{"start":{"line":108,"column":40},"end":{"line":108,"column":83}}],"line":108},"14":{"loc":{"start":{"line":111,"column":4},"end":{"line":113,"column":null}},"type":"if","locations":[{"start":{"line":111,"column":4},"end":{"line":113,"column":null}},{"start":{},"end":{}}],"line":111},"15":{"loc":{"start":{"line":111,"column":8},"end":{"line":111,"column":97}},"type":"binary-expr","locations":[{"start":{"line":111,"column":8},"end":{"line":111,"column":47}},{"start":{"line":111,"column":47},"end":{"line":111,"column":97}}],"line":111},"16":{"loc":{"start":{"line":116,"column":2},"end":{"line":123,"column":null}},"type":"if","locations":[{"start":{"line":116,"column":2},"end":{"line":123,"column":null}},{"start":{},"end":{}}],"line":116},"17":{"loc":{"start":{"line":116,"column":6},"end":{"line":116,"column":63}},"type":"binary-expr","locations":[{"start":{"line":116,"column":6},"end":{"line":116,"column":33}},{"start":{"line":116,"column":33},"end":{"line":116,"column":63}}],"line":116},"18":{"loc":{"start":{"line":117,"column":4},"end":{"line":119,"column":null}},"type":"if","locations":[{"start":{"line":117,"column":4},"end":{"line":119,"column":null}},{"start":{},"end":{}}],"line":117},"19":{"loc":{"start":{"line":117,"column":8},"end":{"line":117,"column":97}},"type":"binary-expr","locations":[{"start":{"line":117,"column":8},"end":{"line":117,"column":47}},{"start":{"line":117,"column":47},"end":{"line":117,"column":97}}],"line":117},"20":{"loc":{"start":{"line":120,"column":4},"end":{"line":122,"column":null}},"type":"if","locations":[{"start":{"line":120,"column":4},"end":{"line":122,"column":null}},{"start":{},"end":{}}],"line":120},"21":{"loc":{"start":{"line":120,"column":8},"end":{"line":120,"column":104}},"type":"binary-expr","locations":[{"start":{"line":120,"column":8},"end":{"line":120,"column":51}},{"start":{"line":120,"column":51},"end":{"line":120,"column":104}}],"line":120}},"s":{"0":0,"1":0,"2":0,"3":0,"4":0,"5":0,"6":0,"7":9,"8":9,"9":1,"10":9,"11":9,"12":9,"13":9,"14":1,"15":9,"16":4,"17":1,"18":4,"19":1,"20":9,"21":3,"22":1,"23":3,"24":1,"25":9,"26":2,"27":1,"28":2,"29":1,"30":9},"f":{"0":0,"1":0,"2":9},"b":{"0":[1,8],"1":[9,8],"2":[1,8],"3":[9,5,3],"4":[4,5],"5":[9,4],"6":[1,3],"7":[4,3],"8":[1,3],"9":[4,3],"10":[3,6],"11":[9,3],"12":[1,2],"13":[3,2],"14":[1,2],"15":[3,2],"16":[2,7],"17":[9,2],"18":[1,1],"19":[2,1],"20":[1,1],"21":[2,2]},"meta":{"lastBranch":22,"lastFunction":3,"lastStatement":31,"seen":{"f:68:2:68:14":0,"s:69:4:69:Infinity":0,"s:68:38:68:53":1,"s:70:4:70:Infinity":2,"f:75:2:75:14":1,"s:76:4:76:Infinity":3,"s:75:38:75:65":4,"s:75:65:75:80":5,"s:77:4:77:Infinity":6,"f:81:16:81:Infinity":2,"s:84:27:84:Infinity":7,"b:86:2:88:Infinity:undefined:undefined:undefined:undefined":0,"s:86:2:88:Infinity":8,"b:86:6:86:29:86:29:86:63":1,"s:87:4:87:Infinity":9,"s:90:27:90:Infinity":10,"s:91:28:91:Infinity":11,"s:92:34:92:Infinity":12,"b:94:2:96:Infinity:undefined:undefined:undefined:undefined":2,"s:94:2:96:Infinity":13,"b:94:6:94:27:94:27:94:49:94:49:94:75":3,"s:95:4:95:Infinity":14,"b:98:2:105:Infinity:undefined:undefined:undefined:undefined":4,"s:98:2:105:Infinity":15,"b:98:6:98:26:98:26:98:49":5,"b:99:4:101:Infinity:undefined:undefined:undefined:undefined":6,"s:99:4:101:Infinity":16,"b:99:8:99:39:99:39:99:81":7,"s:100:6:100:Infinity":17,"b:102:4:104:Infinity:undefined:undefined:undefined:undefined":8,"s:102:4:104:Infinity":18,"b:102:8:102:45:102:45:102:93":9,"s:103:6:103:Infinity":19,"b:107:2:114:Infinity:undefined:undefined:undefined:undefined":10,"s:107:2:114:Infinity":20,"b:107:6:107:27:107:27:107:51":11,"b:108:4:110:Infinity:undefined:undefined:undefined:undefined":12,"s:108:4:110:Infinity":21,"b:108:8:108:40:108:40:108:83":13,"s:109:6:109:Infinity":22,"b:111:4:113:Infinity:undefined:undefined:undefined:undefined":14,"s:111:4:113:Infinity":23,"b:111:8:111:47:111:47:111:97":15,"s:112:6:112:Infinity":24,"b:116:2:123:Infinity:undefined:undefined:undefined:undefined":16,"s:116:2:123:Infinity":25,"b:116:6:116:33:116:33:116:63":17,"b:117:4:119:Infinity:undefined:undefined:undefined:undefined":18,"s:117:4:119:Infinity":26,"b:117:8:117:47:117:47:117:97":19,"s:118:6:118:Infinity":27,"b:120:4:122:Infinity:undefined:undefined:undefined:undefined":20,"s:120:4:122:Infinity":28,"b:120:8:120:51:120:51:120:104":21,"s:121:6:121:Infinity":29,"s:125:2:128:Infinity":30}}}
}
