<?xml version="1.0" encoding="UTF-8"?>
<coverage generated="1781030905025" clover="3.2.0">
  <project timestamp="1781030905025" name="All files">
    <metrics statements="81" coveredstatements="73" conditionals="5" coveredconditionals="5" methods="15" coveredmethods="15" elements="101" coveredelements="93" complexity="0" loc="81" ncloc="81" packages="1" files="3" classes="3"/>
    <file name="file-operation-error.ts" path="/home/adrian-romanski/projects/demo/wiki/libs/wiki/infrastructure-filesystem/src/lib/file-operation-error.ts">
      <metrics statements="3" coveredstatements="3" conditionals="0" coveredconditionals="0" methods="1" coveredmethods="1"/>
      <line num="2" count="10" type="stmt"/>
      <line num="3" count="10" type="stmt"/>
      <line num="4" count="10" type="stmt"/>
    </file>
    <file name="file-system-adapter.ts" path="/home/adrian-romanski/projects/demo/wiki/libs/wiki/infrastructure-filesystem/src/lib/file-system-adapter.ts">
      <metrics statements="75" coveredstatements="67" conditionals="5" coveredconditionals="5" methods="13" coveredmethods="13"/>
      <line num="14" count="2" type="stmt"/>
      <line num="21" count="75" type="cond" truecount="1" falsecount="0"/>
      <line num="24" count="61" type="stmt"/>
      <line num="25" count="61" type="stmt"/>
      <line num="27" count="61" type="cond" truecount="4" falsecount="0"/>
      <line num="28" count="13" type="stmt"/>
      <line num="34" count="48" type="stmt"/>
      <line num="38" count="8" type="stmt"/>
      <line num="39" count="8" type="stmt"/>
      <line num="41" count="8" type="stmt"/>
      <line num="42" count="8" type="stmt"/>
      <line num="44" count="2" type="stmt"/>
      <line num="53" count="11" type="stmt"/>
      <line num="54" count="11" type="stmt"/>
      <line num="56" count="11" type="stmt"/>
      <line num="57" count="11" type="stmt"/>
      <line num="59" count="2" type="stmt"/>
      <line num="68" count="10" type="stmt"/>
      <line num="69" count="10" type="stmt"/>
      <line num="71" count="10" type="stmt"/>
      <line num="72" count="10" type="stmt"/>
      <line num="73" count="10" type="stmt"/>
      <line num="75" count="0" type="stmt"/>
      <line num="82" count="8" type="stmt"/>
      <line num="84" count="8" type="stmt"/>
      <line num="85" count="8" type="stmt"/>
      <line num="86" count="8" type="stmt"/>
      <line num="88" count="0" type="stmt"/>
      <line num="89" count="0" type="stmt"/>
      <line num="91" count="0" type="stmt"/>
      <line num="94" count="0" type="stmt"/>
      <line num="103" count="8" type="stmt"/>
      <line num="105" count="8" type="stmt"/>
      <line num="106" count="8" type="stmt"/>
      <line num="112" count="8" type="stmt"/>
      <line num="114" count="0" type="stmt"/>
      <line num="123" count="6" type="stmt"/>
      <line num="125" count="6" type="stmt"/>
      <line num="126" count="6" type="stmt"/>
      <line num="132" count="6" type="stmt"/>
      <line num="134" count="0" type="stmt"/>
      <line num="143" count="6" type="stmt"/>
      <line num="145" count="6" type="stmt"/>
      <line num="146" count="6" type="stmt"/>
      <line num="147" count="6" type="stmt"/>
      <line num="148" count="2" type="stmt"/>
      <line num="150" count="4" type="stmt"/>
      <line num="155" count="4" type="stmt"/>
      <line num="157" count="4" type="stmt"/>
      <line num="158" count="4" type="stmt"/>
      <line num="159" count="4" type="stmt"/>
      <line num="160" count="2" type="stmt"/>
      <line num="162" count="2" type="stmt"/>
      <line num="167" count="4" type="stmt"/>
      <line num="168" count="4" type="stmt"/>
      <line num="170" count="4" type="stmt"/>
      <line num="171" count="4" type="stmt"/>
      <line num="172" count="2" type="stmt"/>
      <line num="178" count="2" type="stmt"/>
      <line num="187" count="4" type="stmt"/>
      <line num="188" count="4" type="stmt"/>
      <line num="190" count="4" type="stmt"/>
      <line num="191" count="4" type="stmt"/>
      <line num="192" count="2" type="stmt"/>
      <line num="198" count="2" type="stmt"/>
      <line num="207" count="8" type="stmt"/>
      <line num="208" count="8" type="stmt"/>
      <line num="210" count="8" type="stmt"/>
      <line num="211" count="8" type="stmt"/>
      <line num="213" count="0" type="stmt"/>
      <line num="222" count="6" type="stmt"/>
      <line num="223" count="6" type="stmt"/>
      <line num="225" count="6" type="stmt"/>
      <line num="226" count="6" type="stmt"/>
      <line num="228" count="2" type="stmt"/>
    </file>
    <file name="invalid-path-error.ts" path="/home/adrian-romanski/projects/demo/wiki/libs/wiki/infrastructure-filesystem/src/lib/invalid-path-error.ts">
      <metrics statements="3" coveredstatements="3" conditionals="0" coveredconditionals="0" methods="1" coveredmethods="1"/>
      <line num="2" count="13" type="stmt"/>
      <line num="3" count="13" type="stmt"/>
      <line num="4" count="13" type="stmt"/>
    </file>
  </project>
</coverage>
