{"/home/adrian-romanski/projects/demo/wiki/libs/wiki/infrastructure-filesystem/src/lib/file-operation-error.ts": {"path":"/home/adrian-romanski/projects/demo/wiki/libs/wiki/infrastructure-filesystem/src/lib/file-operation-error.ts","statementMap":{"0":{"start":{"line":3,"column":4},"end":{"line":3,"column":null}},"1":{"start":{"line":2,"column":38},"end":{"line":2,"column":63}},"2":{"start":{"line":2,"column":63},"end":{"line":2,"column":78}},"3":{"start":{"line":4,"column":4},"end":{"line":4,"column":null}}},"fnMap":{"0":{"name":"constructor","decl":{"start":{"line":2,"column":2},"end":{"line":2,"column":14}},"loc":{"start":{"line":2,"column":78},"end":{"line":5,"column":null}},"line":2}},"branchMap":{},"s":{"0":10,"1":10,"2":10,"3":10},"f":{"0":10},"b":{},"meta":{"lastBranch":0,"lastFunction":1,"lastStatement":4,"seen":{"f:2:2:2:14":0,"s:3:4:3:Infinity":0,"s:2:38:2:63":1,"s:2:63:2:78":2,"s:4:4:4:Infinity":3}}}
,"/home/adrian-romanski/projects/demo/wiki/libs/wiki/infrastructure-filesystem/src/lib/file-system-adapter.ts": {"path":"/home/adrian-romanski/projects/demo/wiki/libs/wiki/infrastructure-filesystem/src/lib/file-system-adapter.ts","statementMap":{"0":{"start":{"line":14,"column":48},"end":{"line":18,"column":null}},"1":{"start":{"line":21,"column":22},"end":{"line":21,"column":49}},"2":{"start":{"line":24,"column":25},"end":{"line":24,"column":null}},"3":{"start":{"line":25,"column":25},"end":{"line":25,"column":null}},"4":{"start":{"line":27,"column":4},"end":{"line":32,"column":null}},"5":{"start":{"line":28,"column":6},"end":{"line":31,"column":null}},"6":{"start":{"line":34,"column":4},"end":{"line":34,"column":null}},"7":{"start":{"line":38,"column":20},"end":{"line":38,"column":null}},"8":{"start":{"line":39,"column":25},"end":{"line":39,"column":null}},"9":{"start":{"line":41,"column":4},"end":{"line":49,"column":null}},"10":{"start":{"line":42,"column":6},"end":{"line":42,"column":null}},"11":{"start":{"line":44,"column":6},"end":{"line":48,"column":null}},"12":{"start":{"line":53,"column":21},"end":{"line":53,"column":null}},"13":{"start":{"line":54,"column":25},"end":{"line":54,"column":null}},"14":{"start":{"line":56,"column":4},"end":{"line":64,"column":null}},"15":{"start":{"line":57,"column":6},"end":{"line":57,"column":null}},"16":{"start":{"line":59,"column":6},"end":{"line":63,"column":null}},"17":{"start":{"line":68,"column":21},"end":{"line":68,"column":null}},"18":{"start":{"line":69,"column":25},"end":{"line":69,"column":null}},"19":{"start":{"line":71,"column":16},"end":{"line":71,"column":null}},"20":{"start":{"line":72,"column":4},"end":{"line":80,"column":null}},"21":{"start":{"line":73,"column":6},"end":{"line":73,"column":null}},"22":{"start":{"line":75,"column":6},"end":{"line":79,"column":null}},"23":{"start":{"line":82,"column":21},"end":{"line":82,"column":null}},"24":{"start":{"line":84,"column":4},"end":{"line":99,"column":null}},"25":{"start":{"line":85,"column":6},"end":{"line":85,"column":null}},"26":{"start":{"line":86,"column":6},"end":{"line":86,"column":null}},"27":{"start":{"line":88,"column":6},"end":{"line":92,"column":null}},"28":{"start":{"line":89,"column":8},"end":{"line":89,"column":null}},"29":{"start":{"line":91,"column":8},"end":{"line":91,"column":null}},"30":{"start":{"line":94,"column":6},"end":{"line":98,"column":null}},"31":{"start":{"line":103,"column":20},"end":{"line":103,"column":null}},"32":{"start":{"line":105,"column":4},"end":{"line":119,"column":null}},"33":{"start":{"line":106,"column":20},"end":{"line":110,"column":null}},"34":{"start":{"line":112,"column":6},"end":{"line":112,"column":null}},"35":{"start":{"line":114,"column":6},"end":{"line":118,"column":null}},"36":{"start":{"line":123,"column":21},"end":{"line":123,"column":null}},"37":{"start":{"line":125,"column":4},"end":{"line":139,"column":null}},"38":{"start":{"line":126,"column":20},"end":{"line":130,"column":null}},"39":{"start":{"line":132,"column":6},"end":{"line":132,"column":null}},"40":{"start":{"line":134,"column":6},"end":{"line":138,"column":null}},"41":{"start":{"line":143,"column":20},"end":{"line":143,"column":null}},"42":{"start":{"line":145,"column":4},"end":{"line":151,"column":null}},"43":{"start":{"line":146,"column":27},"end":{"line":146,"column":null}},"44":{"start":{"line":147,"column":6},"end":{"line":147,"column":null}},"45":{"start":{"line":148,"column":6},"end":{"line":148,"column":null}},"46":{"start":{"line":150,"column":6},"end":{"line":150,"column":null}},"47":{"start":{"line":155,"column":21},"end":{"line":155,"column":null}},"48":{"start":{"line":157,"column":4},"end":{"line":163,"column":null}},"49":{"start":{"line":158,"column":27},"end":{"line":158,"column":null}},"50":{"start":{"line":159,"column":6},"end":{"line":159,"column":null}},"51":{"start":{"line":160,"column":6},"end":{"line":160,"column":null}},"52":{"start":{"line":162,"column":6},"end":{"line":162,"column":null}},"53":{"start":{"line":167,"column":20},"end":{"line":167,"column":null}},"54":{"start":{"line":168,"column":25},"end":{"line":168,"column":null}},"55":{"start":{"line":170,"column":4},"end":{"line":183,"column":null}},"56":{"start":{"line":171,"column":20},"end":{"line":171,"column":null}},"57":{"start":{"line":172,"column":6},"end":{"line":176,"column":null}},"58":{"start":{"line":178,"column":6},"end":{"line":182,"column":null}},"59":{"start":{"line":187,"column":21},"end":{"line":187,"column":null}},"60":{"start":{"line":188,"column":25},"end":{"line":188,"column":null}},"61":{"start":{"line":190,"column":4},"end":{"line":203,"column":null}},"62":{"start":{"line":191,"column":20},"end":{"line":191,"column":null}},"63":{"start":{"line":192,"column":6},"end":{"line":196,"column":null}},"64":{"start":{"line":198,"column":6},"end":{"line":202,"column":null}},"65":{"start":{"line":207,"column":21},"end":{"line":207,"column":null}},"66":{"start":{"line":208,"column":25},"end":{"line":208,"column":null}},"67":{"start":{"line":210,"column":4},"end":{"line":218,"column":null}},"68":{"start":{"line":211,"column":6},"end":{"line":211,"column":null}},"69":{"start":{"line":213,"column":6},"end":{"line":217,"column":null}},"70":{"start":{"line":222,"column":21},"end":{"line":222,"column":null}},"71":{"start":{"line":223,"column":25},"end":{"line":223,"column":null}},"72":{"start":{"line":225,"column":4},"end":{"line":233,"column":null}},"73":{"start":{"line":226,"column":6},"end":{"line":226,"column":null}},"74":{"start":{"line":228,"column":6},"end":{"line":232,"column":null}}},"fnMap":{"0":{"name":"constructor","decl":{"start":{"line":21,"column":2},"end":{"line":21,"column":22}},"loc":{"start":{"line":21,"column":65},"end":{"line":21,"column":null}},"line":21},"1":{"name":"validatePath","decl":{"start":{"line":23,"column":10},"end":{"line":23,"column":23}},"loc":{"start":{"line":23,"column":66},"end":{"line":35,"column":null}},"line":23},"2":{"name":"readRawFile","decl":{"start":{"line":37,"column":8},"end":{"line":37,"column":20}},"loc":{"start":{"line":37,"column":55},"end":{"line":50,"column":null}},"line":37},"3":{"name":"readWikiFile","decl":{"start":{"line":52,"column":8},"end":{"line":52,"column":21}},"loc":{"start":{"line":52,"column":56},"end":{"line":65,"column":null}},"line":52},"4":{"name":"writeWikiFile","decl":{"start":{"line":67,"column":8},"end":{"line":67,"column":22}},"loc":{"start":{"line":67,"column":72},"end":{"line":100,"column":null}},"line":67},"5":{"name":"listRawFiles","decl":{"start":{"line":102,"column":8},"end":{"line":102,"column":21}},"loc":{"start":{"line":102,"column":57},"end":{"line":120,"column":null}},"line":102},"6":{"name":"listWikiFiles","decl":{"start":{"line":122,"column":8},"end":{"line":122,"column":22}},"loc":{"start":{"line":122,"column":58},"end":{"line":140,"column":null}},"line":122},"7":{"name":"rawFileExists","decl":{"start":{"line":142,"column":8},"end":{"line":142,"column":22}},"loc":{"start":{"line":142,"column":58},"end":{"line":152,"column":null}},"line":142},"8":{"name":"wikiFileExists","decl":{"start":{"line":154,"column":8},"end":{"line":154,"column":23}},"loc":{"start":{"line":154,"column":59},"end":{"line":164,"column":null}},"line":154},"9":{"name":"getRawFileStats","decl":{"start":{"line":166,"column":8},"end":{"line":166,"column":24}},"loc":{"start":{"line":166,"column":62},"end":{"line":184,"column":null}},"line":166},"10":{"name":"getWikiFileStats","decl":{"start":{"line":186,"column":8},"end":{"line":186,"column":25}},"loc":{"start":{"line":186,"column":63},"end":{"line":204,"column":null}},"line":186},"11":{"name":"ensureWikiDir","decl":{"start":{"line":206,"column":8},"end":{"line":206,"column":22}},"loc":{"start":{"line":206,"column":54},"end":{"line":219,"column":null}},"line":206},"12":{"name":"deleteWikiFile","decl":{"start":{"line":221,"column":8},"end":{"line":221,"column":23}},"loc":{"start":{"line":221,"column":56},"end":{"line":234,"column":null}},"line":221}},"branchMap":{"0":{"loc":{"start":{"line":21,"column":22},"end":{"line":21,"column":65}},"type":"default-arg","locations":[{"start":{"line":21,"column":49},"end":{"line":21,"column":65}}],"line":21},"1":{"loc":{"start":{"line":27,"column":4},"end":{"line":32,"column":null}},"type":"if","locations":[{"start":{"line":27,"column":4},"end":{"line":32,"column":null}},{"start":{},"end":{}}],"line":27},"2":{"loc":{"start":{"line":27,"column":8},"end":{"line":27,"column":92}},"type":"binary-expr","locations":[{"start":{"line":27,"column":8},"end":{"line":27,"column":61}},{"start":{"line":27,"column":61},"end":{"line":27,"column":92}}],"line":27}},"s":{"0":2,"1":75,"2":61,"3":61,"4":61,"5":13,"6":48,"7":8,"8":8,"9":8,"10":8,"11":2,"12":11,"13":11,"14":11,"15":11,"16":2,"17":10,"18":10,"19":10,"20":10,"21":10,"22":0,"23":8,"24":8,"25":8,"26":8,"27":0,"28":0,"29":0,"30":0,"31":8,"32":8,"33":8,"34":8,"35":0,"36":6,"37":6,"38":6,"39":6,"40":0,"41":6,"42":6,"43":6,"44":6,"45":2,"46":4,"47":4,"48":4,"49":4,"50":4,"51":2,"52":2,"53":4,"54":4,"55":4,"56":4,"57":2,"58":2,"59":4,"60":4,"61":4,"62":4,"63":2,"64":2,"65":8,"66":8,"67":8,"68":8,"69":0,"70":6,"71":6,"72":6,"73":6,"74":2},"f":{"0":75,"1":61,"2":8,"3":11,"4":10,"5":8,"6":6,"7":6,"8":4,"9":4,"10":4,"11":8,"12":6},"b":{"0":[75],"1":[13,48],"2":[61,13]},"meta":{"lastBranch":3,"lastFunction":13,"lastStatement":75,"seen":{"s:14:48:18:Infinity":0,"f:21:2:21:22":0,"b:21:49:21:65":0,"s:21:22:21:49":1,"f:23:10:23:23":1,"s:24:25:24:Infinity":2,"s:25:25:25:Infinity":3,"b:27:4:32:Infinity:undefined:undefined:undefined:undefined":1,"s:27:4:32:Infinity":4,"b:27:8:27:61:27:61:27:92":2,"s:28:6:31:Infinity":5,"s:34:4:34:Infinity":6,"f:37:8:37:20":2,"s:38:20:38:Infinity":7,"s:39:25:39:Infinity":8,"s:41:4:49:Infinity":9,"s:42:6:42:Infinity":10,"s:44:6:48:Infinity":11,"f:52:8:52:21":3,"s:53:21:53:Infinity":12,"s:54:25:54:Infinity":13,"s:56:4:64:Infinity":14,"s:57:6:57:Infinity":15,"s:59:6:63:Infinity":16,"f:67:8:67:22":4,"s:68:21:68:Infinity":17,"s:69:25:69:Infinity":18,"s:71:16:71:Infinity":19,"s:72:4:80:Infinity":20,"s:73:6:73:Infinity":21,"s:75:6:79:Infinity":22,"s:82:21:82:Infinity":23,"s:84:4:99:Infinity":24,"s:85:6:85:Infinity":25,"s:86:6:86:Infinity":26,"s:88:6:92:Infinity":27,"s:89:8:89:Infinity":28,"s:91:8:91:Infinity":29,"s:94:6:98:Infinity":30,"f:102:8:102:21":5,"s:103:20:103:Infinity":31,"s:105:4:119:Infinity":32,"s:106:20:110:Infinity":33,"s:112:6:112:Infinity":34,"s:114:6:118:Infinity":35,"f:122:8:122:22":6,"s:123:21:123:Infinity":36,"s:125:4:139:Infinity":37,"s:126:20:130:Infinity":38,"s:132:6:132:Infinity":39,"s:134:6:138:Infinity":40,"f:142:8:142:22":7,"s:143:20:143:Infinity":41,"s:145:4:151:Infinity":42,"s:146:27:146:Infinity":43,"s:147:6:147:Infinity":44,"s:148:6:148:Infinity":45,"s:150:6:150:Infinity":46,"f:154:8:154:23":8,"s:155:21:155:Infinity":47,"s:157:4:163:Infinity":48,"s:158:27:158:Infinity":49,"s:159:6:159:Infinity":50,"s:160:6:160:Infinity":51,"s:162:6:162:Infinity":52,"f:166:8:166:24":9,"s:167:20:167:Infinity":53,"s:168:25:168:Infinity":54,"s:170:4:183:Infinity":55,"s:171:20:171:Infinity":56,"s:172:6:176:Infinity":57,"s:178:6:182:Infinity":58,"f:186:8:186:25":10,"s:187:21:187:Infinity":59,"s:188:25:188:Infinity":60,"s:190:4:203:Infinity":61,"s:191:20:191:Infinity":62,"s:192:6:196:Infinity":63,"s:198:6:202:Infinity":64,"f:206:8:206:22":11,"s:207:21:207:Infinity":65,"s:208:25:208:Infinity":66,"s:210:4:218:Infinity":67,"s:211:6:211:Infinity":68,"s:213:6:217:Infinity":69,"f:221:8:221:23":12,"s:222:21:222:Infinity":70,"s:223:25:223:Infinity":71,"s:225:4:233:Infinity":72,"s:226:6:226:Infinity":73,"s:228:6:232:Infinity":74}}}
,"/home/adrian-romanski/projects/demo/wiki/libs/wiki/infrastructure-filesystem/src/lib/invalid-path-error.ts": {"path":"/home/adrian-romanski/projects/demo/wiki/libs/wiki/infrastructure-filesystem/src/lib/invalid-path-error.ts","statementMap":{"0":{"start":{"line":3,"column":4},"end":{"line":3,"column":null}},"1":{"start":{"line":2,"column":38},"end":{"line":2,"column":61}},"2":{"start":{"line":4,"column":4},"end":{"line":4,"column":null}}},"fnMap":{"0":{"name":"constructor","decl":{"start":{"line":2,"column":2},"end":{"line":2,"column":14}},"loc":{"start":{"line":2,"column":61},"end":{"line":5,"column":null}},"line":2}},"branchMap":{},"s":{"0":13,"1":13,"2":13},"f":{"0":13},"b":{},"meta":{"lastBranch":0,"lastFunction":1,"lastStatement":3,"seen":{"f:2:2:2:14":0,"s:3:4:3:Infinity":0,"s:2:38:2:61":1,"s:4:4:4:Infinity":2}}}
}
